[0.359s] Invoking command in '/home/tparu001k/turtlebot3_ws/src/build/turtlebot3_fake_node': AMENT_PREFIX_PATH=/home/tparu001k/turtlebot3_ws/src/install/turtlebot3_msgs:${AMENT_PREFIX_PATH} CMAKE_PREFIX_PATH=/home/tparu001k/turtlebot3_ws/src/install/turtlebot3_msgs:/home/tparu001k/turtlebot3_ws/install/turtlebot3:/home/tparu001k/turtlebot3_ws/install/turtlebot3_bringup:/home/tparu001k/turtlebot3_ws/install/turtlebot3_node:/home/tparu001k/turtlebot3_ws/install/turtlebot3_navigation2:/home/tparu001k/turtlebot3_ws/install/turtlebot3_msgs:/home/tparu001k/turtlebot3_ws/install/turtlebot3_description:/home/tparu001k/turtlebot3_ws/install/turtlebot3_cartographer:/home/tparu001k/turtlebot3_ws/install/dynamixel_sdk_examples:/home/tparu001k/turtlebot3_ws/install/dynamixel_sdk_custom_interfaces:/home/tparu001k/turtlebot3_ws/install/dynamixel_sdk:/home/tparu001k/turtlebot3_ws/install/turtlebot3_teleop:/home/tparu001k/turtlebot3_ws/install/turtlebot3_example:/home/tparu001k/metr4202_ws/install/m4202_py_pkg:/opt/ros/humble LD_LIBRARY_PATH=/home/tparu001k/turtlebot3_ws/src/install/turtlebot3_msgs/lib:${LD_LIBRARY_PATH} PYTHONPATH=/home/tparu001k/turtlebot3_ws/src/install/turtlebot3_msgs/local/lib/python3.10/dist-packages:${PYTHONPATH} /usr/bin/cmake /home/tparu001k/turtlebot3_ws/src/turtlebot3_simulations/turtlebot3_fake_node -DCMAKE_INSTALL_PREFIX=/home/tparu001k/turtlebot3_ws/src/install/turtlebot3_fake_node
[0.369s] -- Found ament_cmake: 1.3.9 (/opt/ros/humble/share/ament_cmake/cmake)
[0.511s] -- Override CMake install command with custom implementation using symlinks instead of copying resources
[0.518s] -- Found geometry_msgs: 4.2.4 (/opt/ros/humble/share/geometry_msgs/cmake)
[0.679s] -- Found rosidl_generator_c: 3.1.5 (/opt/ros/humble/share/rosidl_generator_c/cmake)
[0.682s] -- Found rosidl_adapter: 3.1.5 (/opt/ros/humble/share/rosidl_adapter/cmake)
[0.690s] -- Found rosidl_generator_cpp: 3.1.5 (/opt/ros/humble/share/rosidl_generator_cpp/cmake)
[0.703s] -- Using all available rosidl_typesupport_c: rosidl_typesupport_fastrtps_c;rosidl_typesupport_introspection_c
[0.722s] -- Using all available rosidl_typesupport_cpp: rosidl_typesupport_fastrtps_cpp;rosidl_typesupport_introspection_cpp
[0.864s] -- Found nav_msgs: 4.2.4 (/opt/ros/humble/share/nav_msgs/cmake)
[0.972s] -- Found rclcpp: 16.0.9 (/opt/ros/humble/share/rclcpp/cmake)
[1.028s] -- Found rmw_implementation_cmake: 6.1.2 (/opt/ros/humble/share/rmw_implementation_cmake/cmake)
[1.029s] -- Found rmw_fastrtps_cpp: 6.2.6 (/opt/ros/humble/share/rmw_fastrtps_cpp/cmake)
[6.438s] -- Using RMW implementation 'rmw_fastrtps_cpp' as default
[6.676s] -- Found sensor_msgs: 4.2.4 (/opt/ros/humble/share/sensor_msgs/cmake)
[6.850s] -- Found tf2: 0.25.7 (/opt/ros/humble/share/tf2/cmake)
[6.869s] -- Found tf2_msgs: 0.25.7 (/opt/ros/humble/share/tf2_msgs/cmake)
[7.126s] -- Found turtlebot3_msgs: 2.2.3 (/home/tparu001k/turtlebot3_ws/src/install/turtlebot3_msgs/share/turtlebot3_msgs/cmake)
[7.366s] -- Configuring done
[7.383s] -- Generating done
[7.386s] -- Build files have been written to: /home/tparu001k/turtlebot3_ws/src/build/turtlebot3_fake_node
[7.399s] Invoked command in '/home/tparu001k/turtlebot3_ws/src/build/turtlebot3_fake_node' returned '0': AMENT_PREFIX_PATH=/home/tparu001k/turtlebot3_ws/src/install/turtlebot3_msgs:${AMENT_PREFIX_PATH} CMAKE_PREFIX_PATH=/home/tparu001k/turtlebot3_ws/src/install/turtlebot3_msgs:/home/tparu001k/turtlebot3_ws/install/turtlebot3:/home/tparu001k/turtlebot3_ws/install/turtlebot3_bringup:/home/tparu001k/turtlebot3_ws/install/turtlebot3_node:/home/tparu001k/turtlebot3_ws/install/turtlebot3_navigation2:/home/tparu001k/turtlebot3_ws/install/turtlebot3_msgs:/home/tparu001k/turtlebot3_ws/install/turtlebot3_description:/home/tparu001k/turtlebot3_ws/install/turtlebot3_cartographer:/home/tparu001k/turtlebot3_ws/install/dynamixel_sdk_examples:/home/tparu001k/turtlebot3_ws/install/dynamixel_sdk_custom_interfaces:/home/tparu001k/turtlebot3_ws/install/dynamixel_sdk:/home/tparu001k/turtlebot3_ws/install/turtlebot3_teleop:/home/tparu001k/turtlebot3_ws/install/turtlebot3_example:/home/tparu001k/metr4202_ws/install/m4202_py_pkg:/opt/ros/humble LD_LIBRARY_PATH=/home/tparu001k/turtlebot3_ws/src/install/turtlebot3_msgs/lib:${LD_LIBRARY_PATH} PYTHONPATH=/home/tparu001k/turtlebot3_ws/src/install/turtlebot3_msgs/local/lib/python3.10/dist-packages:${PYTHONPATH} /usr/bin/cmake /home/tparu001k/turtlebot3_ws/src/turtlebot3_simulations/turtlebot3_fake_node -DCMAKE_INSTALL_PREFIX=/home/tparu001k/turtlebot3_ws/src/install/turtlebot3_fake_node
[7.402s] Invoking command in '/home/tparu001k/turtlebot3_ws/src/build/turtlebot3_fake_node': AMENT_PREFIX_PATH=/home/tparu001k/turtlebot3_ws/src/install/turtlebot3_msgs:${AMENT_PREFIX_PATH} CMAKE_PREFIX_PATH=/home/tparu001k/turtlebot3_ws/src/install/turtlebot3_msgs:/home/tparu001k/turtlebot3_ws/install/turtlebot3:/home/tparu001k/turtlebot3_ws/install/turtlebot3_bringup:/home/tparu001k/turtlebot3_ws/install/turtlebot3_node:/home/tparu001k/turtlebot3_ws/install/turtlebot3_navigation2:/home/tparu001k/turtlebot3_ws/install/turtlebot3_msgs:/home/tparu001k/turtlebot3_ws/install/turtlebot3_description:/home/tparu001k/turtlebot3_ws/install/turtlebot3_cartographer:/home/tparu001k/turtlebot3_ws/install/dynamixel_sdk_examples:/home/tparu001k/turtlebot3_ws/install/dynamixel_sdk_custom_interfaces:/home/tparu001k/turtlebot3_ws/install/dynamixel_sdk:/home/tparu001k/turtlebot3_ws/install/turtlebot3_teleop:/home/tparu001k/turtlebot3_ws/install/turtlebot3_example:/home/tparu001k/metr4202_ws/install/m4202_py_pkg:/opt/ros/humble LD_LIBRARY_PATH=/home/tparu001k/turtlebot3_ws/src/install/turtlebot3_msgs/lib:${LD_LIBRARY_PATH} PYTHONPATH=/home/tparu001k/turtlebot3_ws/src/install/turtlebot3_msgs/local/lib/python3.10/dist-packages:${PYTHONPATH} /usr/bin/cmake --build /home/tparu001k/turtlebot3_ws/src/build/turtlebot3_fake_node -- -j8 -l8
[7.450s] [35m[1mConsolidate compiler generated dependencies of target turtlebot3_fake_node[0m
[7.473s] [100%] Built target turtlebot3_fake_node
[7.490s] Invoked command in '/home/tparu001k/turtlebot3_ws/src/build/turtlebot3_fake_node' returned '0': AMENT_PREFIX_PATH=/home/tparu001k/turtlebot3_ws/src/install/turtlebot3_msgs:${AMENT_PREFIX_PATH} CMAKE_PREFIX_PATH=/home/tparu001k/turtlebot3_ws/src/install/turtlebot3_msgs:/home/tparu001k/turtlebot3_ws/install/turtlebot3:/home/tparu001k/turtlebot3_ws/install/turtlebot3_bringup:/home/tparu001k/turtlebot3_ws/install/turtlebot3_node:/home/tparu001k/turtlebot3_ws/install/turtlebot3_navigation2:/home/tparu001k/turtlebot3_ws/install/turtlebot3_msgs:/home/tparu001k/turtlebot3_ws/install/turtlebot3_description:/home/tparu001k/turtlebot3_ws/install/turtlebot3_cartographer:/home/tparu001k/turtlebot3_ws/install/dynamixel_sdk_examples:/home/tparu001k/turtlebot3_ws/install/dynamixel_sdk_custom_interfaces:/home/tparu001k/turtlebot3_ws/install/dynamixel_sdk:/home/tparu001k/turtlebot3_ws/install/turtlebot3_teleop:/home/tparu001k/turtlebot3_ws/install/turtlebot3_example:/home/tparu001k/metr4202_ws/install/m4202_py_pkg:/opt/ros/humble LD_LIBRARY_PATH=/home/tparu001k/turtlebot3_ws/src/install/turtlebot3_msgs/lib:${LD_LIBRARY_PATH} PYTHONPATH=/home/tparu001k/turtlebot3_ws/src/install/turtlebot3_msgs/local/lib/python3.10/dist-packages:${PYTHONPATH} /usr/bin/cmake --build /home/tparu001k/turtlebot3_ws/src/build/turtlebot3_fake_node -- -j8 -l8
[7.521s] Invoking command in '/home/tparu001k/turtlebot3_ws/src/build/turtlebot3_fake_node': AMENT_PREFIX_PATH=/home/tparu001k/turtlebot3_ws/src/install/turtlebot3_msgs:${AMENT_PREFIX_PATH} CMAKE_PREFIX_PATH=/home/tparu001k/turtlebot3_ws/src/install/turtlebot3_msgs:/home/tparu001k/turtlebot3_ws/install/turtlebot3:/home/tparu001k/turtlebot3_ws/install/turtlebot3_bringup:/home/tparu001k/turtlebot3_ws/install/turtlebot3_node:/home/tparu001k/turtlebot3_ws/install/turtlebot3_navigation2:/home/tparu001k/turtlebot3_ws/install/turtlebot3_msgs:/home/tparu001k/turtlebot3_ws/install/turtlebot3_description:/home/tparu001k/turtlebot3_ws/install/turtlebot3_cartographer:/home/tparu001k/turtlebot3_ws/install/dynamixel_sdk_examples:/home/tparu001k/turtlebot3_ws/install/dynamixel_sdk_custom_interfaces:/home/tparu001k/turtlebot3_ws/install/dynamixel_sdk:/home/tparu001k/turtlebot3_ws/install/turtlebot3_teleop:/home/tparu001k/turtlebot3_ws/install/turtlebot3_example:/home/tparu001k/metr4202_ws/install/m4202_py_pkg:/opt/ros/humble LD_LIBRARY_PATH=/home/tparu001k/turtlebot3_ws/src/install/turtlebot3_msgs/lib:${LD_LIBRARY_PATH} PYTHONPATH=/home/tparu001k/turtlebot3_ws/src/install/turtlebot3_msgs/local/lib/python3.10/dist-packages:${PYTHONPATH} /usr/bin/cmake --install /home/tparu001k/turtlebot3_ws/src/build/turtlebot3_fake_node
[7.528s] -- Install configuration: ""
[7.529s] -- Execute custom install script
[7.530s] -- Up-to-date symlink: /home/tparu001k/turtlebot3_ws/src/install/turtlebot3_fake_node/lib/turtlebot3_fake_node/turtlebot3_fake_node
[7.530s] -- Up-to-date symlink: /home/tparu001k/turtlebot3_ws/src/install/turtlebot3_fake_node/share/turtlebot3_fake_node/launch/rviz2.launch.py
[7.530s] -- Up-to-date symlink: /home/tparu001k/turtlebot3_ws/src/install/turtlebot3_fake_node/share/turtlebot3_fake_node/launch/turtlebot3_fake_node.launch.py
[7.530s] -- Up-to-date symlink: /home/tparu001k/turtlebot3_ws/src/install/turtlebot3_fake_node/share/turtlebot3_fake_node/param/burger.yaml
[7.531s] -- Up-to-date symlink: /home/tparu001k/turtlebot3_ws/src/install/turtlebot3_fake_node/share/turtlebot3_fake_node/param/waffle.yaml
[7.531s] -- Up-to-date symlink: /home/tparu001k/turtlebot3_ws/src/install/turtlebot3_fake_node/share/turtlebot3_fake_node/param/waffle_pi.yaml
[7.531s] -- Up-to-date symlink: /home/tparu001k/turtlebot3_ws/src/install/turtlebot3_fake_node/include//turtlebot3_fake_node/turtlebot3_fake_node.hpp
[7.532s] -- Up-to-date symlink: /home/tparu001k/turtlebot3_ws/src/install/turtlebot3_fake_node/share/ament_index/resource_index/package_run_dependencies/turtlebot3_fake_node
[7.532s] -- Up-to-date symlink: /home/tparu001k/turtlebot3_ws/src/install/turtlebot3_fake_node/share/ament_index/resource_index/parent_prefix_path/turtlebot3_fake_node
[7.532s] -- Up-to-date symlink: /home/tparu001k/turtlebot3_ws/src/install/turtlebot3_fake_node/share/turtlebot3_fake_node/environment/ament_prefix_path.sh
[7.532s] -- Up-to-date symlink: /home/tparu001k/turtlebot3_ws/src/install/turtlebot3_fake_node/share/turtlebot3_fake_node/environment/ament_prefix_path.dsv
[7.533s] -- Up-to-date symlink: /home/tparu001k/turtlebot3_ws/src/install/turtlebot3_fake_node/share/turtlebot3_fake_node/environment/path.sh
[7.533s] -- Up-to-date symlink: /home/tparu001k/turtlebot3_ws/src/install/turtlebot3_fake_node/share/turtlebot3_fake_node/environment/path.dsv
[7.533s] -- Up-to-date symlink: /home/tparu001k/turtlebot3_ws/src/install/turtlebot3_fake_node/share/turtlebot3_fake_node/local_setup.bash
[7.534s] -- Up-to-date symlink: /home/tparu001k/turtlebot3_ws/src/install/turtlebot3_fake_node/share/turtlebot3_fake_node/local_setup.sh
[7.534s] -- Up-to-date symlink: /home/tparu001k/turtlebot3_ws/src/install/turtlebot3_fake_node/share/turtlebot3_fake_node/local_setup.zsh
[7.534s] -- Up-to-date symlink: /home/tparu001k/turtlebot3_ws/src/install/turtlebot3_fake_node/share/turtlebot3_fake_node/local_setup.dsv
[7.534s] -- Symlinking: /home/tparu001k/turtlebot3_ws/src/install/turtlebot3_fake_node/share/turtlebot3_fake_node/package.dsv
[7.545s] -- Up-to-date symlink: /home/tparu001k/turtlebot3_ws/src/install/turtlebot3_fake_node/share/ament_index/resource_index/packages/turtlebot3_fake_node
[7.545s] -- Up-to-date symlink: /home/tparu001k/turtlebot3_ws/src/install/turtlebot3_fake_node/share/turtlebot3_fake_node/cmake/ament_cmake_export_include_directories-extras.cmake
[7.546s] -- Up-to-date symlink: /home/tparu001k/turtlebot3_ws/src/install/turtlebot3_fake_node/share/turtlebot3_fake_node/cmake/ament_cmake_export_dependencies-extras.cmake
[7.546s] -- Up-to-date symlink: /home/tparu001k/turtlebot3_ws/src/install/turtlebot3_fake_node/share/turtlebot3_fake_node/cmake/turtlebot3_fake_nodeConfig.cmake
[7.546s] -- Up-to-date symlink: /home/tparu001k/turtlebot3_ws/src/install/turtlebot3_fake_node/share/turtlebot3_fake_node/cmake/turtlebot3_fake_nodeConfig-version.cmake
[7.547s] -- Up-to-date symlink: /home/tparu001k/turtlebot3_ws/src/install/turtlebot3_fake_node/share/turtlebot3_fake_node/package.xml
[7.550s] Invoked command in '/home/tparu001k/turtlebot3_ws/src/build/turtlebot3_fake_node' returned '0': AMENT_PREFIX_PATH=/home/tparu001k/turtlebot3_ws/src/install/turtlebot3_msgs:${AMENT_PREFIX_PATH} CMAKE_PREFIX_PATH=/home/tparu001k/turtlebot3_ws/src/install/turtlebot3_msgs:/home/tparu001k/turtlebot3_ws/install/turtlebot3:/home/tparu001k/turtlebot3_ws/install/turtlebot3_bringup:/home/tparu001k/turtlebot3_ws/install/turtlebot3_node:/home/tparu001k/turtlebot3_ws/install/turtlebot3_navigation2:/home/tparu001k/turtlebot3_ws/install/turtlebot3_msgs:/home/tparu001k/turtlebot3_ws/install/turtlebot3_description:/home/tparu001k/turtlebot3_ws/install/turtlebot3_cartographer:/home/tparu001k/turtlebot3_ws/install/dynamixel_sdk_examples:/home/tparu001k/turtlebot3_ws/install/dynamixel_sdk_custom_interfaces:/home/tparu001k/turtlebot3_ws/install/dynamixel_sdk:/home/tparu001k/turtlebot3_ws/install/turtlebot3_teleop:/home/tparu001k/turtlebot3_ws/install/turtlebot3_example:/home/tparu001k/metr4202_ws/install/m4202_py_pkg:/opt/ros/humble LD_LIBRARY_PATH=/home/tparu001k/turtlebot3_ws/src/install/turtlebot3_msgs/lib:${LD_LIBRARY_PATH} PYTHONPATH=/home/tparu001k/turtlebot3_ws/src/install/turtlebot3_msgs/local/lib/python3.10/dist-packages:${PYTHONPATH} /usr/bin/cmake --install /home/tparu001k/turtlebot3_ws/src/build/turtlebot3_fake_node
