[1.149s] Invoking command in '/home/tparu001k/turtlebot3_ws/build/turtlebot3_example': AMENT_PREFIX_PATH=/home/tparu001k/turtlebot3_ws/install/turtlebot3_msgs:${AMENT_PREFIX_PATH} CMAKE_PREFIX_PATH=/home/tparu001k/turtlebot3_ws/install/turtlebot3_msgs LD_LIBRARY_PATH=/home/tparu001k/turtlebot3_ws/install/turtlebot3_msgs/lib:${LD_LIBRARY_PATH} PYTHONPATH=/home/tparu001k/turtlebot3_ws/build/turtlebot3_example/prefix_override:/usr/lib/python3/dist-packages/colcon_core/task/python/colcon_distutils_commands:/home/tparu001k/turtlebot3_ws/install/turtlebot3_example/lib/python3.10/site-packages:/home/tparu001k/turtlebot3_ws/install/turtlebot3_msgs/local/lib/python3.10/dist-packages:${PYTHONPATH} /usr/bin/python3 -W ignore:setup.py install is deprecated setup.py develop --editable --build-directory /home/tparu001k/turtlebot3_ws/build/turtlebot3_example/build --no-deps symlink_data
[1.589s] running develop
[1.852s] running egg_info
[1.852s] creating turtlebot3_example.egg-info
[1.852s] writing turtlebot3_example.egg-info/PKG-INFO
[1.852s] writing dependency_links to turtlebot3_example.egg-info/dependency_links.txt
[1.853s] writing entry points to turtlebot3_example.egg-info/entry_points.txt
[1.853s] writing requirements to turtlebot3_example.egg-info/requires.txt
[1.853s] writing top-level names to turtlebot3_example.egg-info/top_level.txt
[1.853s] writing manifest file 'turtlebot3_example.egg-info/SOURCES.txt'
[1.856s] reading manifest file 'turtlebot3_example.egg-info/SOURCES.txt'
[1.857s] writing manifest file 'turtlebot3_example.egg-info/SOURCES.txt'
[1.859s] running build_ext
[1.859s] Creating /home/tparu001k/turtlebot3_ws/install/turtlebot3_example/lib/python3.10/site-packages/turtlebot3-example.egg-link (link to .)
[1.861s] Installing turtlebot3_obstacle_detection script to /home/tparu001k/turtlebot3_ws/install/turtlebot3_example/lib/turtlebot3_example
[1.862s] Installing turtlebot3_patrol_client script to /home/tparu001k/turtlebot3_ws/install/turtlebot3_example/lib/turtlebot3_example
[1.862s] Installing turtlebot3_patrol_server script to /home/tparu001k/turtlebot3_ws/install/turtlebot3_example/lib/turtlebot3_example
[1.862s] Installing turtlebot3_position_control script to /home/tparu001k/turtlebot3_ws/install/turtlebot3_example/lib/turtlebot3_example
[1.863s] 
[1.863s] Installed /home/tparu001k/turtlebot3_ws/build/turtlebot3_example
[1.864s] running symlink_data
[1.864s] creating /home/tparu001k/turtlebot3_ws/install/turtlebot3_example/share/ament_index
[1.864s] creating /home/tparu001k/turtlebot3_ws/install/turtlebot3_example/share/ament_index/resource_index
[1.864s] creating /home/tparu001k/turtlebot3_ws/install/turtlebot3_example/share/ament_index/resource_index/packages
[1.865s] symbolically linking /home/tparu001k/turtlebot3_ws/build/turtlebot3_example/resource/turtlebot3_example -> /home/tparu001k/turtlebot3_ws/install/turtlebot3_example/share/ament_index/resource_index/packages
[1.865s] symbolically linking /home/tparu001k/turtlebot3_ws/build/turtlebot3_example/package.xml -> /home/tparu001k/turtlebot3_ws/install/turtlebot3_example/share/turtlebot3_example
[1.907s] Invoked command in '/home/tparu001k/turtlebot3_ws/build/turtlebot3_example' returned '0': AMENT_PREFIX_PATH=/home/tparu001k/turtlebot3_ws/install/turtlebot3_msgs:${AMENT_PREFIX_PATH} CMAKE_PREFIX_PATH=/home/tparu001k/turtlebot3_ws/install/turtlebot3_msgs LD_LIBRARY_PATH=/home/tparu001k/turtlebot3_ws/install/turtlebot3_msgs/lib:${LD_LIBRARY_PATH} PYTHONPATH=/home/tparu001k/turtlebot3_ws/build/turtlebot3_example/prefix_override:/usr/lib/python3/dist-packages/colcon_core/task/python/colcon_distutils_commands:/home/tparu001k/turtlebot3_ws/install/turtlebot3_example/lib/python3.10/site-packages:/home/tparu001k/turtlebot3_ws/install/turtlebot3_msgs/local/lib/python3.10/dist-packages:${PYTHONPATH} /usr/bin/python3 -W ignore:setup.py install is deprecated setup.py develop --editable --build-directory /home/tparu001k/turtlebot3_ws/build/turtlebot3_example/build --no-deps symlink_data
