[0.040s] Invoking command in '/home/tparu001k/turtlebot3_ws/build/turtlebot3_cartographer': CMAKE_PREFIX_PATH=/home/tparu001k/metr4202_ws/install/m4202_py_pkg:/opt/ros/humble /usr/bin/cmake /home/tparu001k/turtlebot3_ws/src/turtlebot3/turtlebot3_cartographer -DAMENT_CMAKE_SYMLINK_INSTALL=1 -DCMAKE_INSTALL_PREFIX=/home/tparu001k/turtlebot3_ws/install/turtlebot3_cartographer
[0.494s] -- The C compiler identification is GNU 11.4.0
[0.989s] -- The CXX compiler identification is GNU 11.4.0
[1.492s] -- Detecting C compiler ABI info
[1.694s] -- Detecting C compiler ABI info - done
[1.704s] -- Check for working C compiler: /usr/bin/cc - skipped
[1.714s] -- Detecting C compile features
[1.716s] -- Detecting C compile features - done
[1.722s] -- Detecting CXX compiler ABI info
[1.906s] -- Detecting CXX compiler ABI info - done
[1.925s] -- Check for working CXX compiler: /usr/bin/c++ - skipped
[1.926s] -- Detecting CXX compile features
[1.927s] -- Detecting CXX compile features - done
[1.932s] -- Found ament_cmake: 1.3.9 (/opt/ros/humble/share/ament_cmake/cmake)
[2.203s] -- Found Python3: /usr/bin/python3 (found version "3.10.12") found components: Interpreter 
[2.336s] -- Override CMake install command with custom implementation using symlinks instead of copying resources
[2.526s] -- Configuring done
[2.530s] -- Generating done
[2.531s] -- Build files have been written to: /home/tparu001k/turtlebot3_ws/build/turtlebot3_cartographer
[2.543s] Invoked command in '/home/tparu001k/turtlebot3_ws/build/turtlebot3_cartographer' returned '0': CMAKE_PREFIX_PATH=/home/tparu001k/metr4202_ws/install/m4202_py_pkg:/opt/ros/humble /usr/bin/cmake /home/tparu001k/turtlebot3_ws/src/turtlebot3/turtlebot3_cartographer -DAMENT_CMAKE_SYMLINK_INSTALL=1 -DCMAKE_INSTALL_PREFIX=/home/tparu001k/turtlebot3_ws/install/turtlebot3_cartographer
[2.551s] Invoking command in '/home/tparu001k/turtlebot3_ws/build/turtlebot3_cartographer': CMAKE_PREFIX_PATH=/home/tparu001k/metr4202_ws/install/m4202_py_pkg:/opt/ros/humble /usr/bin/cmake --build /home/tparu001k/turtlebot3_ws/build/turtlebot3_cartographer -- -j8 -l8
[2.594s] Invoked command in '/home/tparu001k/turtlebot3_ws/build/turtlebot3_cartographer' returned '0': CMAKE_PREFIX_PATH=/home/tparu001k/metr4202_ws/install/m4202_py_pkg:/opt/ros/humble /usr/bin/cmake --build /home/tparu001k/turtlebot3_ws/build/turtlebot3_cartographer -- -j8 -l8
[2.633s] Invoking command in '/home/tparu001k/turtlebot3_ws/build/turtlebot3_cartographer': CMAKE_PREFIX_PATH=/home/tparu001k/metr4202_ws/install/m4202_py_pkg:/opt/ros/humble /usr/bin/cmake --install /home/tparu001k/turtlebot3_ws/build/turtlebot3_cartographer
[2.640s] -- Install configuration: ""
[2.640s] -- Execute custom install script
[2.642s] -- Symlinking: /home/tparu001k/turtlebot3_ws/install/turtlebot3_cartographer/share/turtlebot3_cartographer/config/turtlebot3_lds_2d.lua
[2.654s] -- Symlinking: /home/tparu001k/turtlebot3_ws/install/turtlebot3_cartographer/share/turtlebot3_cartographer/launch/cartographer.launch.py
[2.678s] -- Symlinking: /home/tparu001k/turtlebot3_ws/install/turtlebot3_cartographer/share/turtlebot3_cartographer/launch/occupancy_grid.launch.py
[2.694s] -- Symlinking: /home/tparu001k/turtlebot3_ws/install/turtlebot3_cartographer/share/turtlebot3_cartographer/rviz/tb3_cartographer.rviz
[2.707s] -- Symlinking: /home/tparu001k/turtlebot3_ws/install/turtlebot3_cartographer/share/ament_index/resource_index/package_run_dependencies/turtlebot3_cartographer
[2.737s] -- Symlinking: /home/tparu001k/turtlebot3_ws/install/turtlebot3_cartographer/share/ament_index/resource_index/parent_prefix_path/turtlebot3_cartographer
[2.762s] -- Symlinking: /home/tparu001k/turtlebot3_ws/install/turtlebot3_cartographer/share/turtlebot3_cartographer/environment/ament_prefix_path.sh
[2.798s] -- Symlinking: /home/tparu001k/turtlebot3_ws/install/turtlebot3_cartographer/share/turtlebot3_cartographer/environment/ament_prefix_path.dsv
[2.816s] -- Symlinking: /home/tparu001k/turtlebot3_ws/install/turtlebot3_cartographer/share/turtlebot3_cartographer/environment/path.sh
[2.854s] -- Symlinking: /home/tparu001k/turtlebot3_ws/install/turtlebot3_cartographer/share/turtlebot3_cartographer/environment/path.dsv
[2.881s] -- Symlinking: /home/tparu001k/turtlebot3_ws/install/turtlebot3_cartographer/share/turtlebot3_cartographer/local_setup.bash
[2.904s] -- Symlinking: /home/tparu001k/turtlebot3_ws/install/turtlebot3_cartographer/share/turtlebot3_cartographer/local_setup.sh
[2.938s] -- Symlinking: /home/tparu001k/turtlebot3_ws/install/turtlebot3_cartographer/share/turtlebot3_cartographer/local_setup.zsh
[2.979s] -- Symlinking: /home/tparu001k/turtlebot3_ws/install/turtlebot3_cartographer/share/turtlebot3_cartographer/local_setup.dsv
[3.010s] -- Symlinking: /home/tparu001k/turtlebot3_ws/install/turtlebot3_cartographer/share/turtlebot3_cartographer/package.dsv
[3.039s] -- Symlinking: /home/tparu001k/turtlebot3_ws/install/turtlebot3_cartographer/share/ament_index/resource_index/packages/turtlebot3_cartographer
[3.056s] -- Symlinking: /home/tparu001k/turtlebot3_ws/install/turtlebot3_cartographer/share/turtlebot3_cartographer/cmake/turtlebot3_cartographerConfig.cmake
[3.073s] -- Symlinking: /home/tparu001k/turtlebot3_ws/install/turtlebot3_cartographer/share/turtlebot3_cartographer/cmake/turtlebot3_cartographerConfig-version.cmake
[3.087s] -- Symlinking: /home/tparu001k/turtlebot3_ws/install/turtlebot3_cartographer/share/turtlebot3_cartographer/package.xml
[3.124s] Invoked command in '/home/tparu001k/turtlebot3_ws/build/turtlebot3_cartographer' returned '0': CMAKE_PREFIX_PATH=/home/tparu001k/metr4202_ws/install/m4202_py_pkg:/opt/ros/humble /usr/bin/cmake --install /home/tparu001k/turtlebot3_ws/build/turtlebot3_cartographer
