[0.044s] Invoking command in '/home/tparu001k/turtlebot3_ws/src/build/dynamixel_sdk_custom_interfaces': CMAKE_PREFIX_PATH=${CMAKE_PREFIX_PATH}:/home/tparu001k/turtlebot3_ws/install/turtlebot3_teleop:/home/tparu001k/turtlebot3_ws/install/turtlebot3_example:/home/tparu001k/metr4202_ws/install/m4202_py_pkg:/opt/ros/humble /usr/bin/cmake /home/tparu001k/turtlebot3_ws/src/DynamixelSDK/dynamixel_sdk_custom_interfaces -DCMAKE_INSTALL_PREFIX=/home/tparu001k/turtlebot3_ws/src/install/dynamixel_sdk_custom_interfaces
[0.514s] -- Found ament_cmake: 1.3.9 (/opt/ros/humble/share/ament_cmake/cmake)
[0.514s] -- Override CMake install command with custom implementation using symlinks instead of copying resources
[0.515s] -- Found builtin_interfaces: 1.2.1 (/opt/ros/humble/share/builtin_interfaces/cmake)
[0.515s] -- Found rosidl_generator_c: 3.1.5 (/opt/ros/humble/share/rosidl_generator_c/cmake)
[0.517s] -- Found rosidl_adapter: 3.1.5 (/opt/ros/humble/share/rosidl_adapter/cmake)
[0.517s] -- Found rosidl_generator_cpp: 3.1.5 (/opt/ros/humble/share/rosidl_generator_cpp/cmake)
[0.517s] -- Using all available rosidl_typesupport_c: rosidl_typesupport_fastrtps_c;rosidl_typesupport_introspection_c
[0.517s] -- Using all available rosidl_typesupport_cpp: rosidl_typesupport_fastrtps_cpp;rosidl_typesupport_introspection_cpp
[0.518s] -- Found rosidl_default_generators: 1.2.0 (/opt/ros/humble/share/rosidl_default_generators/cmake)
[0.894s] -- Found ament_cmake_ros: 0.10.0 (/opt/ros/humble/share/ament_cmake_ros/cmake)
[1.279s] -- Using all available rosidl_typesupport_c: rosidl_typesupport_fastrtps_c;rosidl_typesupport_introspection_c
[1.420s] -- Using all available rosidl_typesupport_cpp: rosidl_typesupport_fastrtps_cpp;rosidl_typesupport_introspection_cpp
[1.452s] -- Found python_cmake_module: 0.10.0 (/opt/ros/humble/share/python_cmake_module/cmake)
[1.477s] -- Using PYTHON_EXECUTABLE: /usr/bin/python3
[1.477s] -- Using PYTHON_INCLUDE_DIRS: /usr/include/python3.10
[1.477s] -- Using PYTHON_LIBRARIES: /usr/lib/x86_64-linux-gnu/libpython3.10.so
[1.503s] -- Configuring done
[1.542s] -- Generating done
[1.546s] -- Build files have been written to: /home/tparu001k/turtlebot3_ws/src/build/dynamixel_sdk_custom_interfaces
[1.556s] Invoked command in '/home/tparu001k/turtlebot3_ws/src/build/dynamixel_sdk_custom_interfaces' returned '0': CMAKE_PREFIX_PATH=${CMAKE_PREFIX_PATH}:/home/tparu001k/turtlebot3_ws/install/turtlebot3_teleop:/home/tparu001k/turtlebot3_ws/install/turtlebot3_example:/home/tparu001k/metr4202_ws/install/m4202_py_pkg:/opt/ros/humble /usr/bin/cmake /home/tparu001k/turtlebot3_ws/src/DynamixelSDK/dynamixel_sdk_custom_interfaces -DCMAKE_INSTALL_PREFIX=/home/tparu001k/turtlebot3_ws/src/install/dynamixel_sdk_custom_interfaces
[1.558s] Invoking command in '/home/tparu001k/turtlebot3_ws/src/build/dynamixel_sdk_custom_interfaces': CMAKE_PREFIX_PATH=${CMAKE_PREFIX_PATH}:/home/tparu001k/turtlebot3_ws/install/turtlebot3_teleop:/home/tparu001k/turtlebot3_ws/install/turtlebot3_example:/home/tparu001k/metr4202_ws/install/m4202_py_pkg:/opt/ros/humble /usr/bin/cmake --build /home/tparu001k/turtlebot3_ws/src/build/dynamixel_sdk_custom_interfaces -- -j8 -l8
[1.603s] [35m[1mConsolidate compiler generated dependencies of target dynamixel_sdk_custom_interfaces__rosidl_generator_c[0m
[1.618s] [  2%] Built target dynamixel_sdk_custom_interfaces__cpp
[1.624s] [ 12%] Built target dynamixel_sdk_custom_interfaces__rosidl_generator_c
[1.629s] [ 12%] Built target ament_cmake_python_symlink_dynamixel_sdk_custom_interfaces
[1.631s] [35m[1mConsolidate compiler generated dependencies of target dynamixel_sdk_custom_interfaces__rosidl_typesupport_fastrtps_cpp[0m
[1.634s] [35m[1mConsolidate compiler generated dependencies of target dynamixel_sdk_custom_interfaces__rosidl_typesupport_cpp[0m
[1.636s] [35m[1mConsolidate compiler generated dependencies of target dynamixel_sdk_custom_interfaces__rosidl_typesupport_introspection_cpp[0m
[1.639s] [35m[1mConsolidate compiler generated dependencies of target dynamixel_sdk_custom_interfaces__rosidl_typesupport_fastrtps_c[0m
[1.648s] [35m[1mConsolidate compiler generated dependencies of target dynamixel_sdk_custom_interfaces__rosidl_typesupport_introspection_c[0m
[1.649s] [35m[1mConsolidate compiler generated dependencies of target dynamixel_sdk_custom_interfaces__rosidl_typesupport_c[0m
[1.661s] [ 23%] Built target dynamixel_sdk_custom_interfaces__rosidl_typesupport_fastrtps_cpp
[1.663s] [ 33%] Built target dynamixel_sdk_custom_interfaces__rosidl_typesupport_introspection_cpp
[1.665s] [ 43%] Built target dynamixel_sdk_custom_interfaces__rosidl_typesupport_fastrtps_c
[1.673s] [ 53%] Built target dynamixel_sdk_custom_interfaces__rosidl_typesupport_introspection_c
[1.675s] [ 64%] Built target dynamixel_sdk_custom_interfaces__rosidl_typesupport_c
[1.678s] [ 74%] Built target dynamixel_sdk_custom_interfaces__rosidl_typesupport_cpp
[1.703s] [ 74%] Built target dynamixel_sdk_custom_interfaces
[1.728s] [ 76%] Built target dynamixel_sdk_custom_interfaces__py
[1.740s] [35m[1mConsolidate compiler generated dependencies of target dynamixel_sdk_custom_interfaces__rosidl_generator_py[0m
[1.754s] [ 84%] Built target dynamixel_sdk_custom_interfaces__rosidl_generator_py
[1.765s] [35m[1mConsolidate compiler generated dependencies of target dynamixel_sdk_custom_interfaces__rosidl_typesupport_c__pyext[0m
[1.766s] [35m[1mConsolidate compiler generated dependencies of target dynamixel_sdk_custom_interfaces__rosidl_typesupport_fastrtps_c__pyext[0m
[1.766s] [35m[1mConsolidate compiler generated dependencies of target dynamixel_sdk_custom_interfaces__rosidl_typesupport_introspection_c__pyext[0m
[1.779s] [ 94%] Built target dynamixel_sdk_custom_interfaces__rosidl_typesupport_c__pyext
[1.779s] [ 94%] Built target dynamixel_sdk_custom_interfaces__rosidl_typesupport_fastrtps_c__pyext
[1.779s] [100%] Built target dynamixel_sdk_custom_interfaces__rosidl_typesupport_introspection_c__pyext
[1.994s] running egg_info
[1.995s] writing dynamixel_sdk_custom_interfaces.egg-info/PKG-INFO
[1.995s] writing dependency_links to dynamixel_sdk_custom_interfaces.egg-info/dependency_links.txt
[1.996s] writing top-level names to dynamixel_sdk_custom_interfaces.egg-info/top_level.txt
[1.999s] reading manifest file 'dynamixel_sdk_custom_interfaces.egg-info/SOURCES.txt'
[1.999s] writing manifest file 'dynamixel_sdk_custom_interfaces.egg-info/SOURCES.txt'
[2.040s] [100%] Built target ament_cmake_python_build_dynamixel_sdk_custom_interfaces_egg
[2.052s] Invoked command in '/home/tparu001k/turtlebot3_ws/src/build/dynamixel_sdk_custom_interfaces' returned '0': CMAKE_PREFIX_PATH=${CMAKE_PREFIX_PATH}:/home/tparu001k/turtlebot3_ws/install/turtlebot3_teleop:/home/tparu001k/turtlebot3_ws/install/turtlebot3_example:/home/tparu001k/metr4202_ws/install/m4202_py_pkg:/opt/ros/humble /usr/bin/cmake --build /home/tparu001k/turtlebot3_ws/src/build/dynamixel_sdk_custom_interfaces -- -j8 -l8
[2.153s] Invoking command in '/home/tparu001k/turtlebot3_ws/src/build/dynamixel_sdk_custom_interfaces': CMAKE_PREFIX_PATH=${CMAKE_PREFIX_PATH}:/home/tparu001k/turtlebot3_ws/install/turtlebot3_teleop:/home/tparu001k/turtlebot3_ws/install/turtlebot3_example:/home/tparu001k/metr4202_ws/install/m4202_py_pkg:/opt/ros/humble /usr/bin/cmake --install /home/tparu001k/turtlebot3_ws/src/build/dynamixel_sdk_custom_interfaces
[2.160s] -- Install configuration: ""
[2.161s] -- Execute custom install script
[2.161s] -- Up-to-date symlink: /home/tparu001k/turtlebot3_ws/src/install/dynamixel_sdk_custom_interfaces/share/ament_index/resource_index/rosidl_interfaces/dynamixel_sdk_custom_interfaces
[2.162s] -- Up-to-date symlink: /home/tparu001k/turtlebot3_ws/src/install/dynamixel_sdk_custom_interfaces/include/dynamixel_sdk_custom_interfaces/dynamixel_sdk_custom_interfaces/msg/detail/set_position__functions.h
[2.162s] -- Up-to-date symlink: /home/tparu001k/turtlebot3_ws/src/install/dynamixel_sdk_custom_interfaces/include/dynamixel_sdk_custom_interfaces/dynamixel_sdk_custom_interfaces/msg/detail/set_position__struct.h
[2.162s] -- Up-to-date symlink: /home/tparu001k/turtlebot3_ws/src/install/dynamixel_sdk_custom_interfaces/include/dynamixel_sdk_custom_interfaces/dynamixel_sdk_custom_interfaces/msg/detail/set_position__type_support.h
[2.163s] -- Up-to-date symlink: /home/tparu001k/turtlebot3_ws/src/install/dynamixel_sdk_custom_interfaces/include/dynamixel_sdk_custom_interfaces/dynamixel_sdk_custom_interfaces/msg/rosidl_generator_c__visibility_control.h
[2.163s] -- Up-to-date symlink: /home/tparu001k/turtlebot3_ws/src/install/dynamixel_sdk_custom_interfaces/include/dynamixel_sdk_custom_interfaces/dynamixel_sdk_custom_interfaces/msg/set_position.h
[2.163s] -- Up-to-date symlink: /home/tparu001k/turtlebot3_ws/src/install/dynamixel_sdk_custom_interfaces/include/dynamixel_sdk_custom_interfaces/dynamixel_sdk_custom_interfaces/srv/detail/get_position__functions.h
[2.163s] -- Up-to-date symlink: /home/tparu001k/turtlebot3_ws/src/install/dynamixel_sdk_custom_interfaces/include/dynamixel_sdk_custom_interfaces/dynamixel_sdk_custom_interfaces/srv/detail/get_position__struct.h
[2.163s] -- Up-to-date symlink: /home/tparu001k/turtlebot3_ws/src/install/dynamixel_sdk_custom_interfaces/include/dynamixel_sdk_custom_interfaces/dynamixel_sdk_custom_interfaces/srv/detail/get_position__type_support.h
[2.164s] -- Up-to-date symlink: /home/tparu001k/turtlebot3_ws/src/install/dynamixel_sdk_custom_interfaces/include/dynamixel_sdk_custom_interfaces/dynamixel_sdk_custom_interfaces/srv/get_position.h
[2.164s] -- Up-to-date symlink: /home/tparu001k/turtlebot3_ws/src/install/dynamixel_sdk_custom_interfaces/share/dynamixel_sdk_custom_interfaces/environment/library_path.sh
[2.164s] -- Up-to-date symlink: /home/tparu001k/turtlebot3_ws/src/install/dynamixel_sdk_custom_interfaces/share/dynamixel_sdk_custom_interfaces/environment/library_path.dsv
[2.164s] -- Up-to-date symlink: /home/tparu001k/turtlebot3_ws/src/install/dynamixel_sdk_custom_interfaces/include/dynamixel_sdk_custom_interfaces/dynamixel_sdk_custom_interfaces/msg/detail/set_position__rosidl_typesupport_fastrtps_c.h
[2.165s] -- Up-to-date symlink: /home/tparu001k/turtlebot3_ws/src/install/dynamixel_sdk_custom_interfaces/include/dynamixel_sdk_custom_interfaces/dynamixel_sdk_custom_interfaces/msg/rosidl_typesupport_fastrtps_c__visibility_control.h
[2.165s] -- Up-to-date symlink: /home/tparu001k/turtlebot3_ws/src/install/dynamixel_sdk_custom_interfaces/include/dynamixel_sdk_custom_interfaces/dynamixel_sdk_custom_interfaces/srv/detail/get_position__rosidl_typesupport_fastrtps_c.h
[2.165s] -- Up-to-date symlink: /home/tparu001k/turtlebot3_ws/src/install/dynamixel_sdk_custom_interfaces/include/dynamixel_sdk_custom_interfaces/dynamixel_sdk_custom_interfaces/msg/detail/set_position__builder.hpp
[2.165s] -- Up-to-date symlink: /home/tparu001k/turtlebot3_ws/src/install/dynamixel_sdk_custom_interfaces/include/dynamixel_sdk_custom_interfaces/dynamixel_sdk_custom_interfaces/msg/detail/set_position__struct.hpp
[2.166s] -- Up-to-date symlink: /home/tparu001k/turtlebot3_ws/src/install/dynamixel_sdk_custom_interfaces/include/dynamixel_sdk_custom_interfaces/dynamixel_sdk_custom_interfaces/msg/detail/set_position__traits.hpp
[2.166s] -- Up-to-date symlink: /home/tparu001k/turtlebot3_ws/src/install/dynamixel_sdk_custom_interfaces/include/dynamixel_sdk_custom_interfaces/dynamixel_sdk_custom_interfaces/msg/set_position.hpp
[2.166s] -- Up-to-date symlink: /home/tparu001k/turtlebot3_ws/src/install/dynamixel_sdk_custom_interfaces/include/dynamixel_sdk_custom_interfaces/dynamixel_sdk_custom_interfaces/srv/detail/get_position__builder.hpp
[2.166s] -- Up-to-date symlink: /home/tparu001k/turtlebot3_ws/src/install/dynamixel_sdk_custom_interfaces/include/dynamixel_sdk_custom_interfaces/dynamixel_sdk_custom_interfaces/srv/detail/get_position__struct.hpp
[2.166s] -- Up-to-date symlink: /home/tparu001k/turtlebot3_ws/src/install/dynamixel_sdk_custom_interfaces/include/dynamixel_sdk_custom_interfaces/dynamixel_sdk_custom_interfaces/srv/detail/get_position__traits.hpp
[2.166s] -- Up-to-date symlink: /home/tparu001k/turtlebot3_ws/src/install/dynamixel_sdk_custom_interfaces/include/dynamixel_sdk_custom_interfaces/dynamixel_sdk_custom_interfaces/srv/get_position.hpp
[2.168s] -- Up-to-date symlink: /home/tparu001k/turtlebot3_ws/src/install/dynamixel_sdk_custom_interfaces/include/dynamixel_sdk_custom_interfaces/dynamixel_sdk_custom_interfaces/msg/detail/set_position__rosidl_typesupport_fastrtps_cpp.hpp
[2.168s] -- Up-to-date symlink: /home/tparu001k/turtlebot3_ws/src/install/dynamixel_sdk_custom_interfaces/include/dynamixel_sdk_custom_interfaces/dynamixel_sdk_custom_interfaces/msg/rosidl_typesupport_fastrtps_cpp__visibility_control.h
[2.169s] -- Up-to-date symlink: /home/tparu001k/turtlebot3_ws/src/install/dynamixel_sdk_custom_interfaces/include/dynamixel_sdk_custom_interfaces/dynamixel_sdk_custom_interfaces/srv/detail/get_position__rosidl_typesupport_fastrtps_cpp.hpp
[2.170s] -- Up-to-date symlink: /home/tparu001k/turtlebot3_ws/src/install/dynamixel_sdk_custom_interfaces/include/dynamixel_sdk_custom_interfaces/dynamixel_sdk_custom_interfaces/msg/detail/set_position__rosidl_typesupport_introspection_c.h
[2.171s] -- Up-to-date symlink: /home/tparu001k/turtlebot3_ws/src/install/dynamixel_sdk_custom_interfaces/include/dynamixel_sdk_custom_interfaces/dynamixel_sdk_custom_interfaces/msg/rosidl_typesupport_introspection_c__visibility_control.h
[2.171s] -- Up-to-date symlink: /home/tparu001k/turtlebot3_ws/src/install/dynamixel_sdk_custom_interfaces/include/dynamixel_sdk_custom_interfaces/dynamixel_sdk_custom_interfaces/srv/detail/get_position__rosidl_typesupport_introspection_c.h
[2.172s] -- Up-to-date symlink: /home/tparu001k/turtlebot3_ws/src/install/dynamixel_sdk_custom_interfaces/include/dynamixel_sdk_custom_interfaces/dynamixel_sdk_custom_interfaces/msg/detail/set_position__rosidl_typesupport_introspection_cpp.hpp
[2.173s] -- Up-to-date symlink: /home/tparu001k/turtlebot3_ws/src/install/dynamixel_sdk_custom_interfaces/include/dynamixel_sdk_custom_interfaces/dynamixel_sdk_custom_interfaces/srv/detail/get_position__rosidl_typesupport_introspection_cpp.hpp
[2.174s] -- Up-to-date symlink: /home/tparu001k/turtlebot3_ws/src/install/dynamixel_sdk_custom_interfaces/share/dynamixel_sdk_custom_interfaces/environment/pythonpath.sh
[2.176s] -- Up-to-date symlink: /home/tparu001k/turtlebot3_ws/src/install/dynamixel_sdk_custom_interfaces/share/dynamixel_sdk_custom_interfaces/environment/pythonpath.dsv
[2.176s] -- Up-to-date symlink: /home/tparu001k/turtlebot3_ws/src/install/dynamixel_sdk_custom_interfaces/local/lib/python3.10/dist-packages/dynamixel_sdk_custom_interfaces-3.7.60-py3.10.egg-info/PKG-INFO
[2.177s] -- Up-to-date symlink: /home/tparu001k/turtlebot3_ws/src/install/dynamixel_sdk_custom_interfaces/local/lib/python3.10/dist-packages/dynamixel_sdk_custom_interfaces-3.7.60-py3.10.egg-info/SOURCES.txt
[2.177s] -- Up-to-date symlink: /home/tparu001k/turtlebot3_ws/src/install/dynamixel_sdk_custom_interfaces/local/lib/python3.10/dist-packages/dynamixel_sdk_custom_interfaces-3.7.60-py3.10.egg-info/dependency_links.txt
[2.177s] -- Up-to-date symlink: /home/tparu001k/turtlebot3_ws/src/install/dynamixel_sdk_custom_interfaces/local/lib/python3.10/dist-packages/dynamixel_sdk_custom_interfaces-3.7.60-py3.10.egg-info/top_level.txt
[2.177s] -- Up-to-date symlink: /home/tparu001k/turtlebot3_ws/src/install/dynamixel_sdk_custom_interfaces/local/lib/python3.10/dist-packages/dynamixel_sdk_custom_interfaces/__init__.py
[2.178s] -- Up-to-date symlink: /home/tparu001k/turtlebot3_ws/src/install/dynamixel_sdk_custom_interfaces/local/lib/python3.10/dist-packages/dynamixel_sdk_custom_interfaces/_dynamixel_sdk_custom_interfaces_s.ep.rosidl_typesupport_c.c
[2.178s] -- Up-to-date symlink: /home/tparu001k/turtlebot3_ws/src/install/dynamixel_sdk_custom_interfaces/local/lib/python3.10/dist-packages/dynamixel_sdk_custom_interfaces/_dynamixel_sdk_custom_interfaces_s.ep.rosidl_typesupport_fastrtps_c.c
[2.178s] -- Up-to-date symlink: /home/tparu001k/turtlebot3_ws/src/install/dynamixel_sdk_custom_interfaces/local/lib/python3.10/dist-packages/dynamixel_sdk_custom_interfaces/_dynamixel_sdk_custom_interfaces_s.ep.rosidl_typesupport_introspection_c.c
[2.178s] -- Up-to-date symlink: /home/tparu001k/turtlebot3_ws/src/install/dynamixel_sdk_custom_interfaces/local/lib/python3.10/dist-packages/dynamixel_sdk_custom_interfaces/dynamixel_sdk_custom_interfaces_s__rosidl_typesupport_c.cpython-310-x86_64-linux-gnu.so
[2.178s] -- Up-to-date symlink: /home/tparu001k/turtlebot3_ws/src/install/dynamixel_sdk_custom_interfaces/local/lib/python3.10/dist-packages/dynamixel_sdk_custom_interfaces/dynamixel_sdk_custom_interfaces_s__rosidl_typesupport_fastrtps_c.cpython-310-x86_64-linux-gnu.so
[2.179s] -- Up-to-date symlink: /home/tparu001k/turtlebot3_ws/src/install/dynamixel_sdk_custom_interfaces/local/lib/python3.10/dist-packages/dynamixel_sdk_custom_interfaces/dynamixel_sdk_custom_interfaces_s__rosidl_typesupport_introspection_c.cpython-310-x86_64-linux-gnu.so
[2.179s] -- Up-to-date symlink: /home/tparu001k/turtlebot3_ws/src/install/dynamixel_sdk_custom_interfaces/local/lib/python3.10/dist-packages/dynamixel_sdk_custom_interfaces/libdynamixel_sdk_custom_interfaces__rosidl_generator_py.so
[2.179s] -- Up-to-date symlink: /home/tparu001k/turtlebot3_ws/src/install/dynamixel_sdk_custom_interfaces/local/lib/python3.10/dist-packages/dynamixel_sdk_custom_interfaces/msg/__init__.py
[2.179s] -- Up-to-date symlink: /home/tparu001k/turtlebot3_ws/src/install/dynamixel_sdk_custom_interfaces/local/lib/python3.10/dist-packages/dynamixel_sdk_custom_interfaces/msg/_set_position.py
[2.179s] -- Up-to-date symlink: /home/tparu001k/turtlebot3_ws/src/install/dynamixel_sdk_custom_interfaces/local/lib/python3.10/dist-packages/dynamixel_sdk_custom_interfaces/msg/_set_position_s.c
[2.180s] -- Up-to-date symlink: /home/tparu001k/turtlebot3_ws/src/install/dynamixel_sdk_custom_interfaces/local/lib/python3.10/dist-packages/dynamixel_sdk_custom_interfaces/srv/__init__.py
[2.180s] -- Up-to-date symlink: /home/tparu001k/turtlebot3_ws/src/install/dynamixel_sdk_custom_interfaces/local/lib/python3.10/dist-packages/dynamixel_sdk_custom_interfaces/srv/_get_position.py
[2.180s] -- Up-to-date symlink: /home/tparu001k/turtlebot3_ws/src/install/dynamixel_sdk_custom_interfaces/local/lib/python3.10/dist-packages/dynamixel_sdk_custom_interfaces/srv/_get_position_s.c
[2.180s] -- Up-to-date symlink: /home/tparu001k/turtlebot3_ws/src/install/dynamixel_sdk_custom_interfaces/local/lib/python3.10/dist-packages/dynamixel_sdk_custom_interfaces/dynamixel_sdk_custom_interfaces_s__rosidl_typesupport_fastrtps_c.cpython-310-x86_64-linux-gnu.so
[2.180s] -- Up-to-date symlink: /home/tparu001k/turtlebot3_ws/src/install/dynamixel_sdk_custom_interfaces/local/lib/python3.10/dist-packages/dynamixel_sdk_custom_interfaces/dynamixel_sdk_custom_interfaces_s__rosidl_typesupport_introspection_c.cpython-310-x86_64-linux-gnu.so
[2.180s] -- Up-to-date symlink: /home/tparu001k/turtlebot3_ws/src/install/dynamixel_sdk_custom_interfaces/local/lib/python3.10/dist-packages/dynamixel_sdk_custom_interfaces/dynamixel_sdk_custom_interfaces_s__rosidl_typesupport_c.cpython-310-x86_64-linux-gnu.so
[2.181s] -- Up-to-date symlink: /home/tparu001k/turtlebot3_ws/src/install/dynamixel_sdk_custom_interfaces/share/dynamixel_sdk_custom_interfaces/msg/SetPosition.idl
[2.181s] -- Up-to-date symlink: /home/tparu001k/turtlebot3_ws/src/install/dynamixel_sdk_custom_interfaces/share/dynamixel_sdk_custom_interfaces/srv/GetPosition.idl
[2.181s] -- Up-to-date symlink: /home/tparu001k/turtlebot3_ws/src/install/dynamixel_sdk_custom_interfaces/share/dynamixel_sdk_custom_interfaces/msg/SetPosition.msg
[2.181s] -- Up-to-date symlink: /home/tparu001k/turtlebot3_ws/src/install/dynamixel_sdk_custom_interfaces/share/dynamixel_sdk_custom_interfaces/srv/GetPosition.srv
[2.181s] -- Up-to-date symlink: /home/tparu001k/turtlebot3_ws/src/install/dynamixel_sdk_custom_interfaces/share/dynamixel_sdk_custom_interfaces/srv/GetPosition_Request.msg
[2.182s] -- Up-to-date symlink: /home/tparu001k/turtlebot3_ws/src/install/dynamixel_sdk_custom_interfaces/share/dynamixel_sdk_custom_interfaces/srv/GetPosition_Response.msg
[2.182s] -- Up-to-date symlink: /home/tparu001k/turtlebot3_ws/src/install/dynamixel_sdk_custom_interfaces/share/ament_index/resource_index/package_run_dependencies/dynamixel_sdk_custom_interfaces
[2.182s] -- Up-to-date symlink: /home/tparu001k/turtlebot3_ws/src/install/dynamixel_sdk_custom_interfaces/share/ament_index/resource_index/parent_prefix_path/dynamixel_sdk_custom_interfaces
[2.182s] -- Up-to-date symlink: /home/tparu001k/turtlebot3_ws/src/install/dynamixel_sdk_custom_interfaces/share/dynamixel_sdk_custom_interfaces/environment/ament_prefix_path.sh
[2.183s] -- Up-to-date symlink: /home/tparu001k/turtlebot3_ws/src/install/dynamixel_sdk_custom_interfaces/share/dynamixel_sdk_custom_interfaces/environment/ament_prefix_path.dsv
[2.183s] -- Up-to-date symlink: /home/tparu001k/turtlebot3_ws/src/install/dynamixel_sdk_custom_interfaces/share/dynamixel_sdk_custom_interfaces/environment/path.sh
[2.183s] -- Up-to-date symlink: /home/tparu001k/turtlebot3_ws/src/install/dynamixel_sdk_custom_interfaces/share/dynamixel_sdk_custom_interfaces/environment/path.dsv
[2.183s] -- Up-to-date symlink: /home/tparu001k/turtlebot3_ws/src/install/dynamixel_sdk_custom_interfaces/share/dynamixel_sdk_custom_interfaces/local_setup.bash
[2.184s] -- Up-to-date symlink: /home/tparu001k/turtlebot3_ws/src/install/dynamixel_sdk_custom_interfaces/share/dynamixel_sdk_custom_interfaces/local_setup.sh
[2.184s] -- Up-to-date symlink: /home/tparu001k/turtlebot3_ws/src/install/dynamixel_sdk_custom_interfaces/share/dynamixel_sdk_custom_interfaces/local_setup.zsh
[2.184s] -- Up-to-date symlink: /home/tparu001k/turtlebot3_ws/src/install/dynamixel_sdk_custom_interfaces/share/dynamixel_sdk_custom_interfaces/local_setup.dsv
[2.184s] -- Symlinking: /home/tparu001k/turtlebot3_ws/src/install/dynamixel_sdk_custom_interfaces/share/dynamixel_sdk_custom_interfaces/package.dsv
[2.187s] -- Up-to-date symlink: /home/tparu001k/turtlebot3_ws/src/install/dynamixel_sdk_custom_interfaces/share/ament_index/resource_index/packages/dynamixel_sdk_custom_interfaces
[2.187s] -- Up-to-date symlink: /home/tparu001k/turtlebot3_ws/src/install/dynamixel_sdk_custom_interfaces/share/dynamixel_sdk_custom_interfaces/cmake/rosidl_cmake-extras.cmake
[2.188s] -- Up-to-date symlink: /home/tparu001k/turtlebot3_ws/src/install/dynamixel_sdk_custom_interfaces/share/dynamixel_sdk_custom_interfaces/cmake/ament_cmake_export_dependencies-extras.cmake
[2.188s] -- Up-to-date symlink: /home/tparu001k/turtlebot3_ws/src/install/dynamixel_sdk_custom_interfaces/share/dynamixel_sdk_custom_interfaces/cmake/ament_cmake_export_include_directories-extras.cmake
[2.188s] -- Up-to-date symlink: /home/tparu001k/turtlebot3_ws/src/install/dynamixel_sdk_custom_interfaces/share/dynamixel_sdk_custom_interfaces/cmake/ament_cmake_export_libraries-extras.cmake
[2.188s] -- Up-to-date symlink: /home/tparu001k/turtlebot3_ws/src/install/dynamixel_sdk_custom_interfaces/share/dynamixel_sdk_custom_interfaces/cmake/ament_cmake_export_targets-extras.cmake
[2.191s] -- Up-to-date symlink: /home/tparu001k/turtlebot3_ws/src/install/dynamixel_sdk_custom_interfaces/share/dynamixel_sdk_custom_interfaces/cmake/rosidl_cmake_export_typesupport_targets-extras.cmake
[2.191s] -- Up-to-date symlink: /home/tparu001k/turtlebot3_ws/src/install/dynamixel_sdk_custom_interfaces/share/dynamixel_sdk_custom_interfaces/cmake/rosidl_cmake_export_typesupport_libraries-extras.cmake
[2.192s] -- Up-to-date symlink: /home/tparu001k/turtlebot3_ws/src/install/dynamixel_sdk_custom_interfaces/share/dynamixel_sdk_custom_interfaces/cmake/dynamixel_sdk_custom_interfacesConfig.cmake
[2.192s] -- Up-to-date symlink: /home/tparu001k/turtlebot3_ws/src/install/dynamixel_sdk_custom_interfaces/share/dynamixel_sdk_custom_interfaces/cmake/dynamixel_sdk_custom_interfacesConfig-version.cmake
[2.193s] -- Up-to-date symlink: /home/tparu001k/turtlebot3_ws/src/install/dynamixel_sdk_custom_interfaces/share/dynamixel_sdk_custom_interfaces/package.xml
[2.193s] -- Up-to-date: /home/tparu001k/turtlebot3_ws/src/install/dynamixel_sdk_custom_interfaces/lib/libdynamixel_sdk_custom_interfaces__rosidl_generator_c.so
[2.193s] -- Up-to-date: /home/tparu001k/turtlebot3_ws/src/install/dynamixel_sdk_custom_interfaces/lib/libdynamixel_sdk_custom_interfaces__rosidl_typesupport_fastrtps_c.so
[2.194s] -- Up-to-date: /home/tparu001k/turtlebot3_ws/src/install/dynamixel_sdk_custom_interfaces/lib/libdynamixel_sdk_custom_interfaces__rosidl_typesupport_fastrtps_cpp.so
[2.194s] -- Up-to-date: /home/tparu001k/turtlebot3_ws/src/install/dynamixel_sdk_custom_interfaces/lib/libdynamixel_sdk_custom_interfaces__rosidl_typesupport_introspection_c.so
[2.194s] -- Up-to-date: /home/tparu001k/turtlebot3_ws/src/install/dynamixel_sdk_custom_interfaces/lib/libdynamixel_sdk_custom_interfaces__rosidl_typesupport_c.so
[2.194s] -- Up-to-date: /home/tparu001k/turtlebot3_ws/src/install/dynamixel_sdk_custom_interfaces/lib/libdynamixel_sdk_custom_interfaces__rosidl_typesupport_introspection_cpp.so
[2.195s] -- Up-to-date: /home/tparu001k/turtlebot3_ws/src/install/dynamixel_sdk_custom_interfaces/lib/libdynamixel_sdk_custom_interfaces__rosidl_typesupport_cpp.so
[2.238s] Listing '/home/tparu001k/turtlebot3_ws/src/install/dynamixel_sdk_custom_interfaces/local/lib/python3.10/dist-packages/dynamixel_sdk_custom_interfaces'...
[2.238s] Compiling '/home/tparu001k/turtlebot3_ws/src/install/dynamixel_sdk_custom_interfaces/local/lib/python3.10/dist-packages/dynamixel_sdk_custom_interfaces/__init__.py'...
[2.238s] Listing '/home/tparu001k/turtlebot3_ws/src/install/dynamixel_sdk_custom_interfaces/local/lib/python3.10/dist-packages/dynamixel_sdk_custom_interfaces/msg'...
[2.238s] Listing '/home/tparu001k/turtlebot3_ws/src/install/dynamixel_sdk_custom_interfaces/local/lib/python3.10/dist-packages/dynamixel_sdk_custom_interfaces/srv'...
[2.246s] -- Up-to-date: /home/tparu001k/turtlebot3_ws/src/install/dynamixel_sdk_custom_interfaces/lib/libdynamixel_sdk_custom_interfaces__rosidl_generator_py.so
[2.246s] -- Up-to-date: /home/tparu001k/turtlebot3_ws/src/install/dynamixel_sdk_custom_interfaces/share/dynamixel_sdk_custom_interfaces/cmake/export_dynamixel_sdk_custom_interfaces__rosidl_generator_cExport.cmake
[2.247s] -- Up-to-date: /home/tparu001k/turtlebot3_ws/src/install/dynamixel_sdk_custom_interfaces/share/dynamixel_sdk_custom_interfaces/cmake/export_dynamixel_sdk_custom_interfaces__rosidl_generator_cExport-noconfig.cmake
[2.247s] -- Up-to-date: /home/tparu001k/turtlebot3_ws/src/install/dynamixel_sdk_custom_interfaces/share/dynamixel_sdk_custom_interfaces/cmake/export_dynamixel_sdk_custom_interfaces__rosidl_typesupport_fastrtps_cExport.cmake
[2.247s] -- Up-to-date: /home/tparu001k/turtlebot3_ws/src/install/dynamixel_sdk_custom_interfaces/share/dynamixel_sdk_custom_interfaces/cmake/export_dynamixel_sdk_custom_interfaces__rosidl_typesupport_fastrtps_cExport-noconfig.cmake
[2.247s] -- Up-to-date: /home/tparu001k/turtlebot3_ws/src/install/dynamixel_sdk_custom_interfaces/share/dynamixel_sdk_custom_interfaces/cmake/export_dynamixel_sdk_custom_interfaces__rosidl_generator_cppExport.cmake
[2.247s] -- Up-to-date: /home/tparu001k/turtlebot3_ws/src/install/dynamixel_sdk_custom_interfaces/share/dynamixel_sdk_custom_interfaces/cmake/export_dynamixel_sdk_custom_interfaces__rosidl_typesupport_fastrtps_cppExport.cmake
[2.247s] -- Up-to-date: /home/tparu001k/turtlebot3_ws/src/install/dynamixel_sdk_custom_interfaces/share/dynamixel_sdk_custom_interfaces/cmake/export_dynamixel_sdk_custom_interfaces__rosidl_typesupport_fastrtps_cppExport-noconfig.cmake
[2.247s] -- Up-to-date: /home/tparu001k/turtlebot3_ws/src/install/dynamixel_sdk_custom_interfaces/share/dynamixel_sdk_custom_interfaces/cmake/dynamixel_sdk_custom_interfaces__rosidl_typesupport_introspection_cExport.cmake
[2.247s] -- Up-to-date: /home/tparu001k/turtlebot3_ws/src/install/dynamixel_sdk_custom_interfaces/share/dynamixel_sdk_custom_interfaces/cmake/dynamixel_sdk_custom_interfaces__rosidl_typesupport_introspection_cExport-noconfig.cmake
[2.247s] -- Up-to-date: /home/tparu001k/turtlebot3_ws/src/install/dynamixel_sdk_custom_interfaces/share/dynamixel_sdk_custom_interfaces/cmake/dynamixel_sdk_custom_interfaces__rosidl_typesupport_cExport.cmake
[2.248s] -- Up-to-date: /home/tparu001k/turtlebot3_ws/src/install/dynamixel_sdk_custom_interfaces/share/dynamixel_sdk_custom_interfaces/cmake/dynamixel_sdk_custom_interfaces__rosidl_typesupport_cExport-noconfig.cmake
[2.248s] -- Up-to-date: /home/tparu001k/turtlebot3_ws/src/install/dynamixel_sdk_custom_interfaces/share/dynamixel_sdk_custom_interfaces/cmake/dynamixel_sdk_custom_interfaces__rosidl_typesupport_introspection_cppExport.cmake
[2.248s] -- Up-to-date: /home/tparu001k/turtlebot3_ws/src/install/dynamixel_sdk_custom_interfaces/share/dynamixel_sdk_custom_interfaces/cmake/dynamixel_sdk_custom_interfaces__rosidl_typesupport_introspection_cppExport-noconfig.cmake
[2.249s] -- Up-to-date: /home/tparu001k/turtlebot3_ws/src/install/dynamixel_sdk_custom_interfaces/share/dynamixel_sdk_custom_interfaces/cmake/dynamixel_sdk_custom_interfaces__rosidl_typesupport_cppExport.cmake
[2.249s] -- Up-to-date: /home/tparu001k/turtlebot3_ws/src/install/dynamixel_sdk_custom_interfaces/share/dynamixel_sdk_custom_interfaces/cmake/dynamixel_sdk_custom_interfaces__rosidl_typesupport_cppExport-noconfig.cmake
[2.249s] -- Up-to-date: /home/tparu001k/turtlebot3_ws/src/install/dynamixel_sdk_custom_interfaces/share/dynamixel_sdk_custom_interfaces/cmake/export_dynamixel_sdk_custom_interfaces__rosidl_generator_pyExport.cmake
[2.250s] -- Up-to-date: /home/tparu001k/turtlebot3_ws/src/install/dynamixel_sdk_custom_interfaces/share/dynamixel_sdk_custom_interfaces/cmake/export_dynamixel_sdk_custom_interfaces__rosidl_generator_pyExport-noconfig.cmake
[2.250s] Invoked command in '/home/tparu001k/turtlebot3_ws/src/build/dynamixel_sdk_custom_interfaces' returned '0': CMAKE_PREFIX_PATH=${CMAKE_PREFIX_PATH}:/home/tparu001k/turtlebot3_ws/install/turtlebot3_teleop:/home/tparu001k/turtlebot3_ws/install/turtlebot3_example:/home/tparu001k/metr4202_ws/install/m4202_py_pkg:/opt/ros/humble /usr/bin/cmake --install /home/tparu001k/turtlebot3_ws/src/build/dynamixel_sdk_custom_interfaces
