[0.221s] Invoking command in '/home/tparu001k/turtlebot3_ws/build/dynamixel_sdk': CMAKE_PREFIX_PATH=${CMAKE_PREFIX_PATH}:/home/tparu001k/turtlebot3_ws/install/turtlebot3_teleop:/home/tparu001k/turtlebot3_ws/install/turtlebot3_example:/home/tparu001k/metr4202_ws/install/m4202_py_pkg:/opt/ros/humble /usr/bin/cmake --build /home/tparu001k/turtlebot3_ws/build/dynamixel_sdk -- -j8 -l8
[2.863s] [100%] Built target dynamixel_sdk
[2.954s] Invoked command in '/home/tparu001k/turtlebot3_ws/build/dynamixel_sdk' returned '0': CMAKE_PREFIX_PATH=${CMAKE_PREFIX_PATH}:/home/tparu001k/turtlebot3_ws/install/turtlebot3_teleop:/home/tparu001k/turtlebot3_ws/install/turtlebot3_example:/home/tparu001k/metr4202_ws/install/m4202_py_pkg:/opt/ros/humble /usr/bin/cmake --build /home/tparu001k/turtlebot3_ws/build/dynamixel_sdk -- -j8 -l8
[3.321s] Invoking command in '/home/tparu001k/turtlebot3_ws/build/dynamixel_sdk': CMAKE_PREFIX_PATH=${CMAKE_PREFIX_PATH}:/home/tparu001k/turtlebot3_ws/install/turtlebot3_teleop:/home/tparu001k/turtlebot3_ws/install/turtlebot3_example:/home/tparu001k/metr4202_ws/install/m4202_py_pkg:/opt/ros/humble /usr/bin/cmake --install /home/tparu001k/turtlebot3_ws/build/dynamixel_sdk
[3.477s] -- Install configuration: ""
[3.478s] -- Execute custom install script
[3.479s] -- Up-to-date symlink: /home/tparu001k/turtlebot3_ws/install/dynamixel_sdk/include//dynamixel_sdk/dynamixel_sdk.h
[3.480s] -- Up-to-date symlink: /home/tparu001k/turtlebot3_ws/install/dynamixel_sdk/include//dynamixel_sdk/group_bulk_read.h
[3.483s] -- Up-to-date symlink: /home/tparu001k/turtlebot3_ws/install/dynamixel_sdk/include//dynamixel_sdk/group_bulk_write.h
[3.484s] -- Up-to-date symlink: /home/tparu001k/turtlebot3_ws/install/dynamixel_sdk/include//dynamixel_sdk/group_sync_read.h
[3.485s] -- Up-to-date symlink: /home/tparu001k/turtlebot3_ws/install/dynamixel_sdk/include//dynamixel_sdk/group_sync_write.h
[3.486s] -- Up-to-date symlink: /home/tparu001k/turtlebot3_ws/install/dynamixel_sdk/include//dynamixel_sdk/packet_handler.h
[3.487s] -- Up-to-date symlink: /home/tparu001k/turtlebot3_ws/install/dynamixel_sdk/include//dynamixel_sdk/port_handler.h
[3.487s] -- Up-to-date symlink: /home/tparu001k/turtlebot3_ws/install/dynamixel_sdk/include//dynamixel_sdk/port_handler_arduino.h
[3.489s] -- Up-to-date symlink: /home/tparu001k/turtlebot3_ws/install/dynamixel_sdk/include//dynamixel_sdk/port_handler_linux.h
[3.496s] -- Up-to-date symlink: /home/tparu001k/turtlebot3_ws/install/dynamixel_sdk/include//dynamixel_sdk/port_handler_mac.h
[3.498s] -- Up-to-date symlink: /home/tparu001k/turtlebot3_ws/install/dynamixel_sdk/include//dynamixel_sdk/port_handler_windows.h
[3.501s] -- Up-to-date symlink: /home/tparu001k/turtlebot3_ws/install/dynamixel_sdk/include//dynamixel_sdk/protocol1_packet_handler.h
[3.505s] -- Up-to-date symlink: /home/tparu001k/turtlebot3_ws/install/dynamixel_sdk/include//dynamixel_sdk/protocol2_packet_handler.h
[3.506s] -- Up-to-date symlink: /home/tparu001k/turtlebot3_ws/install/dynamixel_sdk/lib/libdynamixel_sdk.so
[3.506s] -- Up-to-date symlink: /home/tparu001k/turtlebot3_ws/install/dynamixel_sdk/share/dynamixel_sdk/environment/library_path.sh
[3.507s] -- Up-to-date symlink: /home/tparu001k/turtlebot3_ws/install/dynamixel_sdk/share/dynamixel_sdk/environment/library_path.dsv
[3.508s] -- Up-to-date symlink: /home/tparu001k/turtlebot3_ws/install/dynamixel_sdk/share/ament_index/resource_index/package_run_dependencies/dynamixel_sdk
[3.509s] -- Up-to-date symlink: /home/tparu001k/turtlebot3_ws/install/dynamixel_sdk/share/ament_index/resource_index/parent_prefix_path/dynamixel_sdk
[3.510s] -- Up-to-date symlink: /home/tparu001k/turtlebot3_ws/install/dynamixel_sdk/share/dynamixel_sdk/environment/ament_prefix_path.sh
[3.511s] -- Up-to-date symlink: /home/tparu001k/turtlebot3_ws/install/dynamixel_sdk/share/dynamixel_sdk/environment/ament_prefix_path.dsv
[3.512s] -- Up-to-date symlink: /home/tparu001k/turtlebot3_ws/install/dynamixel_sdk/share/dynamixel_sdk/environment/path.sh
[3.512s] -- Up-to-date symlink: /home/tparu001k/turtlebot3_ws/install/dynamixel_sdk/share/dynamixel_sdk/environment/path.dsv
[3.519s] -- Up-to-date symlink: /home/tparu001k/turtlebot3_ws/install/dynamixel_sdk/share/dynamixel_sdk/local_setup.bash
[3.521s] -- Up-to-date symlink: /home/tparu001k/turtlebot3_ws/install/dynamixel_sdk/share/dynamixel_sdk/local_setup.sh
[3.522s] -- Up-to-date symlink: /home/tparu001k/turtlebot3_ws/install/dynamixel_sdk/share/dynamixel_sdk/local_setup.zsh
[3.523s] -- Up-to-date symlink: /home/tparu001k/turtlebot3_ws/install/dynamixel_sdk/share/dynamixel_sdk/local_setup.dsv
[3.525s] -- Symlinking: /home/tparu001k/turtlebot3_ws/install/dynamixel_sdk/share/dynamixel_sdk/package.dsv
[3.529s] -- Up-to-date symlink: /home/tparu001k/turtlebot3_ws/install/dynamixel_sdk/share/ament_index/resource_index/packages/dynamixel_sdk
[3.534s] -- Up-to-date symlink: /home/tparu001k/turtlebot3_ws/install/dynamixel_sdk/share/dynamixel_sdk/cmake/ament_cmake_export_include_directories-extras.cmake
[3.535s] -- Up-to-date symlink: /home/tparu001k/turtlebot3_ws/install/dynamixel_sdk/share/dynamixel_sdk/cmake/ament_cmake_export_libraries-extras.cmake
[3.536s] -- Up-to-date symlink: /home/tparu001k/turtlebot3_ws/install/dynamixel_sdk/share/dynamixel_sdk/cmake/dynamixel_sdkConfig.cmake
[3.536s] -- Up-to-date symlink: /home/tparu001k/turtlebot3_ws/install/dynamixel_sdk/share/dynamixel_sdk/cmake/dynamixel_sdkConfig-version.cmake
[3.538s] -- Up-to-date symlink: /home/tparu001k/turtlebot3_ws/install/dynamixel_sdk/share/dynamixel_sdk/package.xml
[3.607s] Invoked command in '/home/tparu001k/turtlebot3_ws/build/dynamixel_sdk' returned '0': CMAKE_PREFIX_PATH=${CMAKE_PREFIX_PATH}:/home/tparu001k/turtlebot3_ws/install/turtlebot3_teleop:/home/tparu001k/turtlebot3_ws/install/turtlebot3_example:/home/tparu001k/metr4202_ws/install/m4202_py_pkg:/opt/ros/humble /usr/bin/cmake --install /home/tparu001k/turtlebot3_ws/build/dynamixel_sdk
