[0.213s] Invoking command in '/home/tparu001k/turtlebot3_ws/build/turtlebot3_cartographer': CMAKE_PREFIX_PATH=${CMAKE_PREFIX_PATH}:/home/tparu001k/turtlebot3_ws/install/turtlebot3_teleop:/home/tparu001k/turtlebot3_ws/install/turtlebot3_example:/home/tparu001k/metr4202_ws/install/m4202_py_pkg:/opt/ros/humble /usr/bin/cmake --build /home/tparu001k/turtlebot3_ws/build/turtlebot3_cartographer -- -j8 -l8
[2.866s] Invoked command in '/home/tparu001k/turtlebot3_ws/build/turtlebot3_cartographer' returned '0': CMAKE_PREFIX_PATH=${CMAKE_PREFIX_PATH}:/home/tparu001k/turtlebot3_ws/install/turtlebot3_teleop:/home/tparu001k/turtlebot3_ws/install/turtlebot3_example:/home/tparu001k/metr4202_ws/install/m4202_py_pkg:/opt/ros/humble /usr/bin/cmake --build /home/tparu001k/turtlebot3_ws/build/turtlebot3_cartographer -- -j8 -l8
[3.082s] Invoking command in '/home/tparu001k/turtlebot3_ws/build/turtlebot3_cartographer': CMAKE_PREFIX_PATH=${CMAKE_PREFIX_PATH}:/home/tparu001k/turtlebot3_ws/install/turtlebot3_teleop:/home/tparu001k/turtlebot3_ws/install/turtlebot3_example:/home/tparu001k/metr4202_ws/install/m4202_py_pkg:/opt/ros/humble /usr/bin/cmake --install /home/tparu001k/turtlebot3_ws/build/turtlebot3_cartographer
[3.120s] -- Install configuration: ""
[3.143s] -- Execute custom install script
[3.143s] -- Up-to-date symlink: /home/tparu001k/turtlebot3_ws/install/turtlebot3_cartographer/share/turtlebot3_cartographer/config/turtlebot3_lds_2d.lua
[3.151s] -- Up-to-date symlink: /home/tparu001k/turtlebot3_ws/install/turtlebot3_cartographer/share/turtlebot3_cartographer/launch/cartographer.launch.py
[3.153s] -- Up-to-date symlink: /home/tparu001k/turtlebot3_ws/install/turtlebot3_cartographer/share/turtlebot3_cartographer/launch/occupancy_grid.launch.py
[3.174s] -- Up-to-date symlink: /home/tparu001k/turtlebot3_ws/install/turtlebot3_cartographer/share/turtlebot3_cartographer/rviz/tb3_cartographer.rviz
[3.182s] -- Up-to-date symlink: /home/tparu001k/turtlebot3_ws/install/turtlebot3_cartographer/share/ament_index/resource_index/package_run_dependencies/turtlebot3_cartographer
[3.192s] -- Up-to-date symlink: /home/tparu001k/turtlebot3_ws/install/turtlebot3_cartographer/share/ament_index/resource_index/parent_prefix_path/turtlebot3_cartographer
[3.196s] -- Up-to-date symlink: /home/tparu001k/turtlebot3_ws/install/turtlebot3_cartographer/share/turtlebot3_cartographer/environment/ament_prefix_path.sh
[3.197s] -- Up-to-date symlink: /home/tparu001k/turtlebot3_ws/install/turtlebot3_cartographer/share/turtlebot3_cartographer/environment/ament_prefix_path.dsv
[3.212s] -- Up-to-date symlink: /home/tparu001k/turtlebot3_ws/install/turtlebot3_cartographer/share/turtlebot3_cartographer/environment/path.sh
[3.215s] -- Up-to-date symlink: /home/tparu001k/turtlebot3_ws/install/turtlebot3_cartographer/share/turtlebot3_cartographer/environment/path.dsv
[3.215s] -- Up-to-date symlink: /home/tparu001k/turtlebot3_ws/install/turtlebot3_cartographer/share/turtlebot3_cartographer/local_setup.bash
[3.217s] -- Up-to-date symlink: /home/tparu001k/turtlebot3_ws/install/turtlebot3_cartographer/share/turtlebot3_cartographer/local_setup.sh
[3.231s] -- Up-to-date symlink: /home/tparu001k/turtlebot3_ws/install/turtlebot3_cartographer/share/turtlebot3_cartographer/local_setup.zsh
[3.234s] -- Up-to-date symlink: /home/tparu001k/turtlebot3_ws/install/turtlebot3_cartographer/share/turtlebot3_cartographer/local_setup.dsv
[3.237s] -- Symlinking: /home/tparu001k/turtlebot3_ws/install/turtlebot3_cartographer/share/turtlebot3_cartographer/package.dsv
[3.395s] -- Up-to-date symlink: /home/tparu001k/turtlebot3_ws/install/turtlebot3_cartographer/share/ament_index/resource_index/packages/turtlebot3_cartographer
[3.396s] -- Up-to-date symlink: /home/tparu001k/turtlebot3_ws/install/turtlebot3_cartographer/share/turtlebot3_cartographer/cmake/turtlebot3_cartographerConfig.cmake
[3.396s] -- Up-to-date symlink: /home/tparu001k/turtlebot3_ws/install/turtlebot3_cartographer/share/turtlebot3_cartographer/cmake/turtlebot3_cartographerConfig-version.cmake
[3.396s] -- Up-to-date symlink: /home/tparu001k/turtlebot3_ws/install/turtlebot3_cartographer/share/turtlebot3_cartographer/package.xml
[3.496s] Invoked command in '/home/tparu001k/turtlebot3_ws/build/turtlebot3_cartographer' returned '0': CMAKE_PREFIX_PATH=${CMAKE_PREFIX_PATH}:/home/tparu001k/turtlebot3_ws/install/turtlebot3_teleop:/home/tparu001k/turtlebot3_ws/install/turtlebot3_example:/home/tparu001k/metr4202_ws/install/m4202_py_pkg:/opt/ros/humble /usr/bin/cmake --install /home/tparu001k/turtlebot3_ws/build/turtlebot3_cartographer
