[0.052s] Invoking command in '/home/tparu001k/turtlebot3_ws/src/build/dynamixel_sdk': CMAKE_PREFIX_PATH=${CMAKE_PREFIX_PATH}:/home/tparu001k/turtlebot3_ws/install/turtlebot3_teleop:/home/tparu001k/turtlebot3_ws/install/turtlebot3_example:/home/tparu001k/metr4202_ws/install/m4202_py_pkg:/opt/ros/humble /usr/bin/cmake --build /home/tparu001k/turtlebot3_ws/src/build/dynamixel_sdk -- -j8 -l8
[0.116s] [100%] Built target dynamixel_sdk
[0.469s] Invoked command in '/home/tparu001k/turtlebot3_ws/src/build/dynamixel_sdk' returned '0': CMAKE_PREFIX_PATH=${CMAKE_PREFIX_PATH}:/home/tparu001k/turtlebot3_ws/install/turtlebot3_teleop:/home/tparu001k/turtlebot3_ws/install/turtlebot3_example:/home/tparu001k/metr4202_ws/install/m4202_py_pkg:/opt/ros/humble /usr/bin/cmake --build /home/tparu001k/turtlebot3_ws/src/build/dynamixel_sdk -- -j8 -l8
[0.539s] Invoking command in '/home/tparu001k/turtlebot3_ws/src/build/dynamixel_sdk': CMAKE_PREFIX_PATH=${CMAKE_PREFIX_PATH}:/home/tparu001k/turtlebot3_ws/install/turtlebot3_teleop:/home/tparu001k/turtlebot3_ws/install/turtlebot3_example:/home/tparu001k/metr4202_ws/install/m4202_py_pkg:/opt/ros/humble /usr/bin/cmake --install /home/tparu001k/turtlebot3_ws/src/build/dynamixel_sdk
[0.541s] -- Install configuration: ""
[0.541s] -- Execute custom install script
[0.541s] -- Up-to-date symlink: /home/tparu001k/turtlebot3_ws/src/install/dynamixel_sdk/include//dynamixel_sdk/dynamixel_sdk.h
[0.541s] -- Up-to-date symlink: /home/tparu001k/turtlebot3_ws/src/install/dynamixel_sdk/include//dynamixel_sdk/group_bulk_read.h
[0.541s] -- Up-to-date symlink: /home/tparu001k/turtlebot3_ws/src/install/dynamixel_sdk/include//dynamixel_sdk/group_bulk_write.h
[0.541s] -- Up-to-date symlink: /home/tparu001k/turtlebot3_ws/src/install/dynamixel_sdk/include//dynamixel_sdk/group_sync_read.h
[0.541s] -- Up-to-date symlink: /home/tparu001k/turtlebot3_ws/src/install/dynamixel_sdk/include//dynamixel_sdk/group_sync_write.h
[0.550s] -- Up-to-date symlink: /home/tparu001k/turtlebot3_ws/src/install/dynamixel_sdk/include//dynamixel_sdk/packet_handler.h
[0.550s] -- Up-to-date symlink: /home/tparu001k/turtlebot3_ws/src/install/dynamixel_sdk/include//dynamixel_sdk/port_handler.h
[0.551s] -- Up-to-date symlink: /home/tparu001k/turtlebot3_ws/src/install/dynamixel_sdk/include//dynamixel_sdk/port_handler_arduino.h
[0.551s] -- Up-to-date symlink: /home/tparu001k/turtlebot3_ws/src/install/dynamixel_sdk/include//dynamixel_sdk/port_handler_linux.h
[0.552s] -- Up-to-date symlink: /home/tparu001k/turtlebot3_ws/src/install/dynamixel_sdk/include//dynamixel_sdk/port_handler_mac.h
[0.552s] -- Up-to-date symlink: /home/tparu001k/turtlebot3_ws/src/install/dynamixel_sdk/include//dynamixel_sdk/port_handler_windows.h
[0.552s] -- Up-to-date symlink: /home/tparu001k/turtlebot3_ws/src/install/dynamixel_sdk/include//dynamixel_sdk/protocol1_packet_handler.h
[0.552s] -- Up-to-date symlink: /home/tparu001k/turtlebot3_ws/src/install/dynamixel_sdk/include//dynamixel_sdk/protocol2_packet_handler.h
[0.552s] -- Up-to-date symlink: /home/tparu001k/turtlebot3_ws/src/install/dynamixel_sdk/lib/libdynamixel_sdk.so
[0.552s] -- Up-to-date symlink: /home/tparu001k/turtlebot3_ws/src/install/dynamixel_sdk/share/dynamixel_sdk/environment/library_path.sh
[0.568s] -- Up-to-date symlink: /home/tparu001k/turtlebot3_ws/src/install/dynamixel_sdk/share/dynamixel_sdk/environment/library_path.dsv
[0.568s] -- Up-to-date symlink: /home/tparu001k/turtlebot3_ws/src/install/dynamixel_sdk/share/ament_index/resource_index/package_run_dependencies/dynamixel_sdk
[0.568s] -- Up-to-date symlink: /home/tparu001k/turtlebot3_ws/src/install/dynamixel_sdk/share/ament_index/resource_index/parent_prefix_path/dynamixel_sdk
[0.568s] -- Up-to-date symlink: /home/tparu001k/turtlebot3_ws/src/install/dynamixel_sdk/share/dynamixel_sdk/environment/ament_prefix_path.sh
[0.569s] -- Up-to-date symlink: /home/tparu001k/turtlebot3_ws/src/install/dynamixel_sdk/share/dynamixel_sdk/environment/ament_prefix_path.dsv
[0.569s] -- Up-to-date symlink: /home/tparu001k/turtlebot3_ws/src/install/dynamixel_sdk/share/dynamixel_sdk/environment/path.sh
[0.569s] -- Up-to-date symlink: /home/tparu001k/turtlebot3_ws/src/install/dynamixel_sdk/share/dynamixel_sdk/environment/path.dsv
[0.569s] -- Up-to-date symlink: /home/tparu001k/turtlebot3_ws/src/install/dynamixel_sdk/share/dynamixel_sdk/local_setup.bash
[0.569s] -- Up-to-date symlink: /home/tparu001k/turtlebot3_ws/src/install/dynamixel_sdk/share/dynamixel_sdk/local_setup.sh
[0.569s] -- Up-to-date symlink: /home/tparu001k/turtlebot3_ws/src/install/dynamixel_sdk/share/dynamixel_sdk/local_setup.zsh
[0.570s] -- Up-to-date symlink: /home/tparu001k/turtlebot3_ws/src/install/dynamixel_sdk/share/dynamixel_sdk/local_setup.dsv
[0.570s] -- Symlinking: /home/tparu001k/turtlebot3_ws/src/install/dynamixel_sdk/share/dynamixel_sdk/package.dsv
[0.570s] -- Up-to-date symlink: /home/tparu001k/turtlebot3_ws/src/install/dynamixel_sdk/share/ament_index/resource_index/packages/dynamixel_sdk
[0.570s] -- Up-to-date symlink: /home/tparu001k/turtlebot3_ws/src/install/dynamixel_sdk/share/dynamixel_sdk/cmake/ament_cmake_export_include_directories-extras.cmake
[0.570s] -- Up-to-date symlink: /home/tparu001k/turtlebot3_ws/src/install/dynamixel_sdk/share/dynamixel_sdk/cmake/ament_cmake_export_libraries-extras.cmake
[0.570s] -- Up-to-date symlink: /home/tparu001k/turtlebot3_ws/src/install/dynamixel_sdk/share/dynamixel_sdk/cmake/dynamixel_sdkConfig.cmake
[0.571s] -- Up-to-date symlink: /home/tparu001k/turtlebot3_ws/src/install/dynamixel_sdk/share/dynamixel_sdk/cmake/dynamixel_sdkConfig-version.cmake
[0.571s] -- Up-to-date symlink: /home/tparu001k/turtlebot3_ws/src/install/dynamixel_sdk/share/dynamixel_sdk/package.xml
[0.600s] Invoked command in '/home/tparu001k/turtlebot3_ws/src/build/dynamixel_sdk' returned '0': CMAKE_PREFIX_PATH=${CMAKE_PREFIX_PATH}:/home/tparu001k/turtlebot3_ws/install/turtlebot3_teleop:/home/tparu001k/turtlebot3_ws/install/turtlebot3_example:/home/tparu001k/metr4202_ws/install/m4202_py_pkg:/opt/ros/humble /usr/bin/cmake --install /home/tparu001k/turtlebot3_ws/src/build/dynamixel_sdk
