[0.301s] Invoking command in '/home/tparu001k/turtlebot3_ws/build/dynamixel_sdk_examples': AMENT_PREFIX_PATH=/home/tparu001k/turtlebot3_ws/install/dynamixel_sdk_custom_interfaces:/home/tparu001k/turtlebot3_ws/install/dynamixel_sdk:${AMENT_PREFIX_PATH} CMAKE_PREFIX_PATH=/home/tparu001k/turtlebot3_ws/install/dynamixel_sdk_custom_interfaces:/home/tparu001k/turtlebot3_ws/install/dynamixel_sdk:/home/tparu001k/metr4202_ws/install/m4202_py_pkg:/opt/ros/humble LD_LIBRARY_PATH=/home/tparu001k/turtlebot3_ws/install/dynamixel_sdk_custom_interfaces/lib:/home/tparu001k/turtlebot3_ws/install/dynamixel_sdk/lib:${LD_LIBRARY_PATH} PYTHONPATH=/home/tparu001k/turtlebot3_ws/install/dynamixel_sdk_custom_interfaces/local/lib/python3.10/dist-packages:${PYTHONPATH} /usr/bin/cmake /home/tparu001k/turtlebot3_ws/src/DynamixelSDK/dynamixel_sdk_examples -DAMENT_CMAKE_SYMLINK_INSTALL=1 -DCMAKE_INSTALL_PREFIX=/home/tparu001k/turtlebot3_ws/install/dynamixel_sdk_examples
[0.464s] -- The C compiler identification is GNU 11.4.0
[1.135s] -- The CXX compiler identification is GNU 11.4.0
[1.606s] -- Detecting C compiler ABI info
[1.788s] -- Detecting C compiler ABI info - done
[1.798s] -- Check for working C compiler: /usr/bin/cc - skipped
[1.798s] -- Detecting C compile features
[1.799s] -- Detecting C compile features - done
[1.802s] -- Detecting CXX compiler ABI info
[1.998s] -- Detecting CXX compiler ABI info - done
[2.008s] -- Check for working CXX compiler: /usr/bin/c++ - skipped
[2.008s] -- Detecting CXX compile features
[2.009s] -- Detecting CXX compile features - done
[2.011s] -- Found ament_cmake: 1.3.9 (/opt/ros/humble/share/ament_cmake/cmake)
[2.196s] -- Found Python3: /usr/bin/python3 (found version "3.10.12") found components: Interpreter 
[2.275s] -- Override CMake install command with custom implementation using symlinks instead of copying resources
[2.304s] -- Found dynamixel_sdk: 3.7.60 (/home/tparu001k/turtlebot3_ws/install/dynamixel_sdk/share/dynamixel_sdk/cmake)
[2.306s] -- Found dynamixel_sdk_custom_interfaces: 3.7.60 (/home/tparu001k/turtlebot3_ws/install/dynamixel_sdk_custom_interfaces/share/dynamixel_sdk_custom_interfaces/cmake)
[2.512s] -- Found rosidl_generator_c: 3.1.5 (/opt/ros/humble/share/rosidl_generator_c/cmake)
[2.520s] -- Found rosidl_adapter: 3.1.5 (/opt/ros/humble/share/rosidl_adapter/cmake)
[2.531s] -- Found rosidl_generator_cpp: 3.1.5 (/opt/ros/humble/share/rosidl_generator_cpp/cmake)
[2.548s] -- Using all available rosidl_typesupport_c: rosidl_typesupport_fastrtps_c;rosidl_typesupport_introspection_c
[2.574s] -- Using all available rosidl_typesupport_cpp: rosidl_typesupport_fastrtps_cpp;rosidl_typesupport_introspection_cpp
[2.665s] -- Found rclcpp: 16.0.9 (/opt/ros/humble/share/rclcpp/cmake)
[2.790s] -- Found rmw_implementation_cmake: 6.1.2 (/opt/ros/humble/share/rmw_implementation_cmake/cmake)
[2.797s] -- Found rmw_fastrtps_cpp: 6.2.6 (/opt/ros/humble/share/rmw_fastrtps_cpp/cmake)
[4.903s] -- Found OpenSSL: /usr/lib/x86_64-linux-gnu/libcrypto.so (found version "3.0.2")  
[6.792s] -- Found FastRTPS: /opt/ros/humble/include  
[10.262s] -- Using RMW implementation 'rmw_fastrtps_cpp' as default
[10.292s] -- Looking for pthread.h
[10.451s] -- Looking for pthread.h - found
[10.451s] -- Performing Test CMAKE_HAVE_LIBC_PTHREAD
[10.642s] -- Performing Test CMAKE_HAVE_LIBC_PTHREAD - Success
[10.644s] -- Found Threads: TRUE  
[10.932s] -- Found ament_lint_auto: 0.12.11 (/opt/ros/humble/share/ament_lint_auto/cmake)
[11.059s] -- Added test 'copyright' to check source files copyright and LICENSE
[11.061s] -- Added test 'cppcheck' to perform static code analysis on C / C++ code
[11.061s] -- Configured cppcheck include dirs: /home/tparu001k/turtlebot3_ws/src/DynamixelSDK/dynamixel_sdk_examples/include
[11.061s] -- Configured cppcheck exclude dirs and/or files: 
[11.063s] -- Added test 'cpplint' to check C / C++ code against the Google style
[11.063s] -- Configured cpplint exclude dirs and/or files: 
[11.064s] -- Added test 'lint_cmake' to check CMake code style
[11.066s] -- Added test 'uncrustify' to check C / C++ code style
[11.066s] -- Configured uncrustify additional arguments: 
[11.067s] -- Added test 'xmllint' to check XML markup files
[11.069s] -- Configuring done
[11.081s] -- Generating done
[11.084s] -- Build files have been written to: /home/tparu001k/turtlebot3_ws/build/dynamixel_sdk_examples
[11.095s] Invoked command in '/home/tparu001k/turtlebot3_ws/build/dynamixel_sdk_examples' returned '0': AMENT_PREFIX_PATH=/home/tparu001k/turtlebot3_ws/install/dynamixel_sdk_custom_interfaces:/home/tparu001k/turtlebot3_ws/install/dynamixel_sdk:${AMENT_PREFIX_PATH} CMAKE_PREFIX_PATH=/home/tparu001k/turtlebot3_ws/install/dynamixel_sdk_custom_interfaces:/home/tparu001k/turtlebot3_ws/install/dynamixel_sdk:/home/tparu001k/metr4202_ws/install/m4202_py_pkg:/opt/ros/humble LD_LIBRARY_PATH=/home/tparu001k/turtlebot3_ws/install/dynamixel_sdk_custom_interfaces/lib:/home/tparu001k/turtlebot3_ws/install/dynamixel_sdk/lib:${LD_LIBRARY_PATH} PYTHONPATH=/home/tparu001k/turtlebot3_ws/install/dynamixel_sdk_custom_interfaces/local/lib/python3.10/dist-packages:${PYTHONPATH} /usr/bin/cmake /home/tparu001k/turtlebot3_ws/src/DynamixelSDK/dynamixel_sdk_examples -DAMENT_CMAKE_SYMLINK_INSTALL=1 -DCMAKE_INSTALL_PREFIX=/home/tparu001k/turtlebot3_ws/install/dynamixel_sdk_examples
[11.098s] Invoking command in '/home/tparu001k/turtlebot3_ws/build/dynamixel_sdk_examples': AMENT_PREFIX_PATH=/home/tparu001k/turtlebot3_ws/install/dynamixel_sdk_custom_interfaces:/home/tparu001k/turtlebot3_ws/install/dynamixel_sdk:${AMENT_PREFIX_PATH} CMAKE_PREFIX_PATH=/home/tparu001k/turtlebot3_ws/install/dynamixel_sdk_custom_interfaces:/home/tparu001k/turtlebot3_ws/install/dynamixel_sdk:/home/tparu001k/metr4202_ws/install/m4202_py_pkg:/opt/ros/humble LD_LIBRARY_PATH=/home/tparu001k/turtlebot3_ws/install/dynamixel_sdk_custom_interfaces/lib:/home/tparu001k/turtlebot3_ws/install/dynamixel_sdk/lib:${LD_LIBRARY_PATH} PYTHONPATH=/home/tparu001k/turtlebot3_ws/install/dynamixel_sdk_custom_interfaces/local/lib/python3.10/dist-packages:${PYTHONPATH} /usr/bin/cmake --build /home/tparu001k/turtlebot3_ws/build/dynamixel_sdk_examples -- -j8 -l8
[11.150s] [ 50%] [32mBuilding CXX object CMakeFiles/read_write_node.dir/src/read_write_node.cpp.o[0m
[26.742s] [100%] [32m[1mLinking CXX executable read_write_node[0m
[27.838s] [100%] Built target read_write_node
[27.854s] Invoked command in '/home/tparu001k/turtlebot3_ws/build/dynamixel_sdk_examples' returned '0': AMENT_PREFIX_PATH=/home/tparu001k/turtlebot3_ws/install/dynamixel_sdk_custom_interfaces:/home/tparu001k/turtlebot3_ws/install/dynamixel_sdk:${AMENT_PREFIX_PATH} CMAKE_PREFIX_PATH=/home/tparu001k/turtlebot3_ws/install/dynamixel_sdk_custom_interfaces:/home/tparu001k/turtlebot3_ws/install/dynamixel_sdk:/home/tparu001k/metr4202_ws/install/m4202_py_pkg:/opt/ros/humble LD_LIBRARY_PATH=/home/tparu001k/turtlebot3_ws/install/dynamixel_sdk_custom_interfaces/lib:/home/tparu001k/turtlebot3_ws/install/dynamixel_sdk/lib:${LD_LIBRARY_PATH} PYTHONPATH=/home/tparu001k/turtlebot3_ws/install/dynamixel_sdk_custom_interfaces/local/lib/python3.10/dist-packages:${PYTHONPATH} /usr/bin/cmake --build /home/tparu001k/turtlebot3_ws/build/dynamixel_sdk_examples -- -j8 -l8
[27.890s] Invoking command in '/home/tparu001k/turtlebot3_ws/build/dynamixel_sdk_examples': AMENT_PREFIX_PATH=/home/tparu001k/turtlebot3_ws/install/dynamixel_sdk_custom_interfaces:/home/tparu001k/turtlebot3_ws/install/dynamixel_sdk:${AMENT_PREFIX_PATH} CMAKE_PREFIX_PATH=/home/tparu001k/turtlebot3_ws/install/dynamixel_sdk_custom_interfaces:/home/tparu001k/turtlebot3_ws/install/dynamixel_sdk:/home/tparu001k/metr4202_ws/install/m4202_py_pkg:/opt/ros/humble LD_LIBRARY_PATH=/home/tparu001k/turtlebot3_ws/install/dynamixel_sdk_custom_interfaces/lib:/home/tparu001k/turtlebot3_ws/install/dynamixel_sdk/lib:${LD_LIBRARY_PATH} PYTHONPATH=/home/tparu001k/turtlebot3_ws/install/dynamixel_sdk_custom_interfaces/local/lib/python3.10/dist-packages:${PYTHONPATH} /usr/bin/cmake --install /home/tparu001k/turtlebot3_ws/build/dynamixel_sdk_examples
[27.899s] -- Install configuration: ""
[27.900s] -- Execute custom install script
[27.901s] -- Symlinking: /home/tparu001k/turtlebot3_ws/install/dynamixel_sdk_examples/lib/dynamixel_sdk_examples/read_write_node
[27.911s] -- Symlinking: /home/tparu001k/turtlebot3_ws/install/dynamixel_sdk_examples/share/ament_index/resource_index/package_run_dependencies/dynamixel_sdk_examples
[27.920s] -- Symlinking: /home/tparu001k/turtlebot3_ws/install/dynamixel_sdk_examples/share/ament_index/resource_index/parent_prefix_path/dynamixel_sdk_examples
[27.931s] -- Symlinking: /home/tparu001k/turtlebot3_ws/install/dynamixel_sdk_examples/share/dynamixel_sdk_examples/environment/ament_prefix_path.sh
[27.942s] -- Symlinking: /home/tparu001k/turtlebot3_ws/install/dynamixel_sdk_examples/share/dynamixel_sdk_examples/environment/ament_prefix_path.dsv
[27.954s] -- Symlinking: /home/tparu001k/turtlebot3_ws/install/dynamixel_sdk_examples/share/dynamixel_sdk_examples/environment/path.sh
[27.964s] -- Symlinking: /home/tparu001k/turtlebot3_ws/install/dynamixel_sdk_examples/share/dynamixel_sdk_examples/environment/path.dsv
[27.975s] -- Symlinking: /home/tparu001k/turtlebot3_ws/install/dynamixel_sdk_examples/share/dynamixel_sdk_examples/local_setup.bash
[27.988s] -- Symlinking: /home/tparu001k/turtlebot3_ws/install/dynamixel_sdk_examples/share/dynamixel_sdk_examples/local_setup.sh
[27.999s] -- Symlinking: /home/tparu001k/turtlebot3_ws/install/dynamixel_sdk_examples/share/dynamixel_sdk_examples/local_setup.zsh
[28.010s] -- Symlinking: /home/tparu001k/turtlebot3_ws/install/dynamixel_sdk_examples/share/dynamixel_sdk_examples/local_setup.dsv
[28.023s] -- Symlinking: /home/tparu001k/turtlebot3_ws/install/dynamixel_sdk_examples/share/dynamixel_sdk_examples/package.dsv
[28.034s] -- Symlinking: /home/tparu001k/turtlebot3_ws/install/dynamixel_sdk_examples/share/ament_index/resource_index/packages/dynamixel_sdk_examples
[28.046s] -- Symlinking: /home/tparu001k/turtlebot3_ws/install/dynamixel_sdk_examples/share/dynamixel_sdk_examples/cmake/dynamixel_sdk_examplesConfig.cmake
[28.058s] -- Symlinking: /home/tparu001k/turtlebot3_ws/install/dynamixel_sdk_examples/share/dynamixel_sdk_examples/cmake/dynamixel_sdk_examplesConfig-version.cmake
[28.070s] -- Symlinking: /home/tparu001k/turtlebot3_ws/install/dynamixel_sdk_examples/share/dynamixel_sdk_examples/package.xml
[28.082s] Invoked command in '/home/tparu001k/turtlebot3_ws/build/dynamixel_sdk_examples' returned '0': AMENT_PREFIX_PATH=/home/tparu001k/turtlebot3_ws/install/dynamixel_sdk_custom_interfaces:/home/tparu001k/turtlebot3_ws/install/dynamixel_sdk:${AMENT_PREFIX_PATH} CMAKE_PREFIX_PATH=/home/tparu001k/turtlebot3_ws/install/dynamixel_sdk_custom_interfaces:/home/tparu001k/turtlebot3_ws/install/dynamixel_sdk:/home/tparu001k/metr4202_ws/install/m4202_py_pkg:/opt/ros/humble LD_LIBRARY_PATH=/home/tparu001k/turtlebot3_ws/install/dynamixel_sdk_custom_interfaces/lib:/home/tparu001k/turtlebot3_ws/install/dynamixel_sdk/lib:${LD_LIBRARY_PATH} PYTHONPATH=/home/tparu001k/turtlebot3_ws/install/dynamixel_sdk_custom_interfaces/local/lib/python3.10/dist-packages:${PYTHONPATH} /usr/bin/cmake --install /home/tparu001k/turtlebot3_ws/build/dynamixel_sdk_examples
