[0.967s] Invoking command in '/home/tparu001k/turtlebot3_ws/src/turtlebot3/turtlebot3_teleop': PYTHONPATH=/home/tparu001k/turtlebot3_ws/build/turtlebot3_teleop/prefix_override:/usr/lib/python3/dist-packages/colcon_core/task/python/colcon_distutils_commands:/home/tparu001k/turtlebot3_ws/install/turtlebot3_teleop/lib/python3.10/site-packages:${PYTHONPATH} /usr/bin/python3 -W ignore:setup.py install is deprecated setup.py egg_info --egg-base ../../../build/turtlebot3_teleop build --build-base /home/tparu001k/turtlebot3_ws/build/turtlebot3_teleop/build install --record /home/tparu001k/turtlebot3_ws/build/turtlebot3_teleop/install.log --single-version-externally-managed install_data
[1.233s] running egg_info
[1.233s] writing ../../../build/turtlebot3_teleop/turtlebot3_teleop.egg-info/PKG-INFO
[1.233s] writing dependency_links to ../../../build/turtlebot3_teleop/turtlebot3_teleop.egg-info/dependency_links.txt
[1.233s] writing entry points to ../../../build/turtlebot3_teleop/turtlebot3_teleop.egg-info/entry_points.txt
[1.234s] writing requirements to ../../../build/turtlebot3_teleop/turtlebot3_teleop.egg-info/requires.txt
[1.234s] writing top-level names to ../../../build/turtlebot3_teleop/turtlebot3_teleop.egg-info/top_level.txt
[1.236s] reading manifest file '../../../build/turtlebot3_teleop/turtlebot3_teleop.egg-info/SOURCES.txt'
[1.236s] writing manifest file '../../../build/turtlebot3_teleop/turtlebot3_teleop.egg-info/SOURCES.txt'
[1.236s] running build
[1.237s] running build_py
[1.237s] running install
[1.237s] running install_lib
[1.238s] running install_data
[1.238s] running install_egg_info
[1.240s] removing '/home/tparu001k/turtlebot3_ws/install/turtlebot3_teleop/lib/python3.10/site-packages/turtlebot3_teleop-2.1.5-py3.10.egg-info' (and everything under it)
[1.240s] Copying ../../../build/turtlebot3_teleop/turtlebot3_teleop.egg-info to /home/tparu001k/turtlebot3_ws/install/turtlebot3_teleop/lib/python3.10/site-packages/turtlebot3_teleop-2.1.5-py3.10.egg-info
[1.241s] running install_scripts
[1.261s] Installing teleop_keyboard script to /home/tparu001k/turtlebot3_ws/install/turtlebot3_teleop/lib/turtlebot3_teleop
[1.262s] writing list of installed files to '/home/tparu001k/turtlebot3_ws/build/turtlebot3_teleop/install.log'
[1.311s] Invoked command in '/home/tparu001k/turtlebot3_ws/src/turtlebot3/turtlebot3_teleop' returned '0': PYTHONPATH=/home/tparu001k/turtlebot3_ws/build/turtlebot3_teleop/prefix_override:/usr/lib/python3/dist-packages/colcon_core/task/python/colcon_distutils_commands:/home/tparu001k/turtlebot3_ws/install/turtlebot3_teleop/lib/python3.10/site-packages:${PYTHONPATH} /usr/bin/python3 -W ignore:setup.py install is deprecated setup.py egg_info --egg-base ../../../build/turtlebot3_teleop build --build-base /home/tparu001k/turtlebot3_ws/build/turtlebot3_teleop/build install --record /home/tparu001k/turtlebot3_ws/build/turtlebot3_teleop/install.log --single-version-externally-managed install_data
