[1.661s] Invoking command in '/home/tparu001k/turtlebot3_ws/src/turtlebot3/turtlebot3_teleop': PYTHONPATH=/home/tparu001k/turtlebot3_ws/build/turtlebot3_teleop/prefix_override:/usr/lib/python3/dist-packages/colcon_core/task/python/colcon_distutils_commands:/home/tparu001k/turtlebot3_ws/install/turtlebot3_teleop/lib/python3.10/site-packages:${PYTHONPATH} /usr/bin/python3 -W ignore:setup.py install is deprecated setup.py egg_info --egg-base ../../../build/turtlebot3_teleop build --build-base /home/tparu001k/turtlebot3_ws/build/turtlebot3_teleop/build install --record /home/tparu001k/turtlebot3_ws/build/turtlebot3_teleop/install.log --single-version-externally-managed install_data
[2.055s] running egg_info
[2.055s] writing ../../../build/turtlebot3_teleop/turtlebot3_teleop.egg-info/PKG-INFO
[2.056s] writing dependency_links to ../../../build/turtlebot3_teleop/turtlebot3_teleop.egg-info/dependency_links.txt
[2.057s] writing entry points to ../../../build/turtlebot3_teleop/turtlebot3_teleop.egg-info/entry_points.txt
[2.057s] writing requirements to ../../../build/turtlebot3_teleop/turtlebot3_teleop.egg-info/requires.txt
[2.057s] writing top-level names to ../../../build/turtlebot3_teleop/turtlebot3_teleop.egg-info/top_level.txt
[2.061s] reading manifest file '../../../build/turtlebot3_teleop/turtlebot3_teleop.egg-info/SOURCES.txt'
[2.063s] writing manifest file '../../../build/turtlebot3_teleop/turtlebot3_teleop.egg-info/SOURCES.txt'
[2.063s] running build
[2.063s] running build_py
[2.064s] running install
[2.064s] running install_lib
[2.067s] running install_data
[2.067s] running install_egg_info
[2.069s] removing '/home/tparu001k/turtlebot3_ws/install/turtlebot3_teleop/lib/python3.10/site-packages/turtlebot3_teleop-2.1.5-py3.10.egg-info' (and everything under it)
[2.070s] Copying ../../../build/turtlebot3_teleop/turtlebot3_teleop.egg-info to /home/tparu001k/turtlebot3_ws/install/turtlebot3_teleop/lib/python3.10/site-packages/turtlebot3_teleop-2.1.5-py3.10.egg-info
[2.072s] running install_scripts
[2.099s] Installing teleop_keyboard script to /home/tparu001k/turtlebot3_ws/install/turtlebot3_teleop/lib/turtlebot3_teleop
[2.100s] writing list of installed files to '/home/tparu001k/turtlebot3_ws/build/turtlebot3_teleop/install.log'
[2.139s] Invoked command in '/home/tparu001k/turtlebot3_ws/src/turtlebot3/turtlebot3_teleop' returned '0': PYTHONPATH=/home/tparu001k/turtlebot3_ws/build/turtlebot3_teleop/prefix_override:/usr/lib/python3/dist-packages/colcon_core/task/python/colcon_distutils_commands:/home/tparu001k/turtlebot3_ws/install/turtlebot3_teleop/lib/python3.10/site-packages:${PYTHONPATH} /usr/bin/python3 -W ignore:setup.py install is deprecated setup.py egg_info --egg-base ../../../build/turtlebot3_teleop build --build-base /home/tparu001k/turtlebot3_ws/build/turtlebot3_teleop/build install --record /home/tparu001k/turtlebot3_ws/build/turtlebot3_teleop/install.log --single-version-externally-managed install_data
