[5.878s] Invoking command in '/home/tparu001k/turtlebot3_ws/src/turtlebot3/turtlebot3_teleop': PYTHONPATH=/home/tparu001k/turtlebot3_ws/build/turtlebot3_teleop/prefix_override:/usr/lib/python3/dist-packages/colcon_core/task/python/colcon_distutils_commands:/home/tparu001k/turtlebot3_ws/install/turtlebot3_teleop/lib/python3.10/site-packages:${PYTHONPATH} /usr/bin/python3 -W ignore:setup.py install is deprecated setup.py egg_info --egg-base ../../../build/turtlebot3_teleop build --build-base /home/tparu001k/turtlebot3_ws/build/turtlebot3_teleop/build install --record /home/tparu001k/turtlebot3_ws/build/turtlebot3_teleop/install.log --single-version-externally-managed install_data
[7.055s] running egg_info
[7.057s] writing ../../../build/turtlebot3_teleop/turtlebot3_teleop.egg-info/PKG-INFO
[7.068s] writing dependency_links to ../../../build/turtlebot3_teleop/turtlebot3_teleop.egg-info/dependency_links.txt
[7.069s] writing entry points to ../../../build/turtlebot3_teleop/turtlebot3_teleop.egg-info/entry_points.txt
[7.070s] writing requirements to ../../../build/turtlebot3_teleop/turtlebot3_teleop.egg-info/requires.txt
[7.070s] writing top-level names to ../../../build/turtlebot3_teleop/turtlebot3_teleop.egg-info/top_level.txt
[7.076s] reading manifest file '../../../build/turtlebot3_teleop/turtlebot3_teleop.egg-info/SOURCES.txt'
[7.078s] writing manifest file '../../../build/turtlebot3_teleop/turtlebot3_teleop.egg-info/SOURCES.txt'
[7.079s] running build
[7.079s] running build_py
[7.083s] running install
[7.085s] running install_lib
[7.091s] running install_data
[7.092s] running install_egg_info
[7.098s] removing '/home/tparu001k/turtlebot3_ws/install/turtlebot3_teleop/lib/python3.10/site-packages/turtlebot3_teleop-2.1.5-py3.10.egg-info' (and everything under it)
[7.098s] Copying ../../../build/turtlebot3_teleop/turtlebot3_teleop.egg-info to /home/tparu001k/turtlebot3_ws/install/turtlebot3_teleop/lib/python3.10/site-packages/turtlebot3_teleop-2.1.5-py3.10.egg-info
[7.104s] running install_scripts
[7.169s] Installing teleop_keyboard script to /home/tparu001k/turtlebot3_ws/install/turtlebot3_teleop/lib/turtlebot3_teleop
[7.188s] writing list of installed files to '/home/tparu001k/turtlebot3_ws/build/turtlebot3_teleop/install.log'
[7.365s] Invoked command in '/home/tparu001k/turtlebot3_ws/src/turtlebot3/turtlebot3_teleop' returned '0': PYTHONPATH=/home/tparu001k/turtlebot3_ws/build/turtlebot3_teleop/prefix_override:/usr/lib/python3/dist-packages/colcon_core/task/python/colcon_distutils_commands:/home/tparu001k/turtlebot3_ws/install/turtlebot3_teleop/lib/python3.10/site-packages:${PYTHONPATH} /usr/bin/python3 -W ignore:setup.py install is deprecated setup.py egg_info --egg-base ../../../build/turtlebot3_teleop build --build-base /home/tparu001k/turtlebot3_ws/build/turtlebot3_teleop/build install --record /home/tparu001k/turtlebot3_ws/build/turtlebot3_teleop/install.log --single-version-externally-managed install_data
