[0.885s] Invoking command in '/home/tparu001k/turtlebot3_ws/src/build/turtlebot3_example': AMENT_PREFIX_PATH=/home/tparu001k/turtlebot3_ws/src/install/turtlebot3_msgs:${AMENT_PREFIX_PATH} CMAKE_PREFIX_PATH=/home/tparu001k/turtlebot3_ws/src/install/turtlebot3_msgs:${CMAKE_PREFIX_PATH} LD_LIBRARY_PATH=/home/tparu001k/turtlebot3_ws/src/install/turtlebot3_msgs/lib:${LD_LIBRARY_PATH} PYTHONPATH=/home/tparu001k/turtlebot3_ws/src/build/turtlebot3_example/prefix_override:/usr/lib/python3/dist-packages/colcon_core/task/python/colcon_distutils_commands:/home/tparu001k/turtlebot3_ws/src/install/turtlebot3_example/lib/python3.10/site-packages:/home/tparu001k/turtlebot3_ws/src/install/turtlebot3_msgs/local/lib/python3.10/dist-packages:${PYTHONPATH} /usr/bin/python3 -W ignore:setup.py install is deprecated setup.py develop --uninstall --editable --build-directory /home/tparu001k/turtlebot3_ws/src/build/turtlebot3_example/build
[1.229s] running develop
[1.428s] Removing /home/tparu001k/turtlebot3_ws/src/install/turtlebot3_example/lib/python3.10/site-packages/turtlebot3-example.egg-link (link to .)
[1.471s] Invoked command in '/home/tparu001k/turtlebot3_ws/src/build/turtlebot3_example' returned '0': AMENT_PREFIX_PATH=/home/tparu001k/turtlebot3_ws/src/install/turtlebot3_msgs:${AMENT_PREFIX_PATH} CMAKE_PREFIX_PATH=/home/tparu001k/turtlebot3_ws/src/install/turtlebot3_msgs:${CMAKE_PREFIX_PATH} LD_LIBRARY_PATH=/home/tparu001k/turtlebot3_ws/src/install/turtlebot3_msgs/lib:${LD_LIBRARY_PATH} PYTHONPATH=/home/tparu001k/turtlebot3_ws/src/build/turtlebot3_example/prefix_override:/usr/lib/python3/dist-packages/colcon_core/task/python/colcon_distutils_commands:/home/tparu001k/turtlebot3_ws/src/install/turtlebot3_example/lib/python3.10/site-packages:/home/tparu001k/turtlebot3_ws/src/install/turtlebot3_msgs/local/lib/python3.10/dist-packages:${PYTHONPATH} /usr/bin/python3 -W ignore:setup.py install is deprecated setup.py develop --uninstall --editable --build-directory /home/tparu001k/turtlebot3_ws/src/build/turtlebot3_example/build
[1.473s] Invoking command in '/home/tparu001k/turtlebot3_ws/src/turtlebot3/turtlebot3_example': AMENT_PREFIX_PATH=/home/tparu001k/turtlebot3_ws/src/install/turtlebot3_msgs:${AMENT_PREFIX_PATH} CMAKE_PREFIX_PATH=/home/tparu001k/turtlebot3_ws/src/install/turtlebot3_msgs:${CMAKE_PREFIX_PATH} LD_LIBRARY_PATH=/home/tparu001k/turtlebot3_ws/src/install/turtlebot3_msgs/lib:${LD_LIBRARY_PATH} PYTHONPATH=/home/tparu001k/turtlebot3_ws/src/build/turtlebot3_example/prefix_override:/usr/lib/python3/dist-packages/colcon_core/task/python/colcon_distutils_commands:/home/tparu001k/turtlebot3_ws/src/install/turtlebot3_example/lib/python3.10/site-packages:/home/tparu001k/turtlebot3_ws/src/install/turtlebot3_msgs/local/lib/python3.10/dist-packages:${PYTHONPATH} /usr/bin/python3 -W ignore:setup.py install is deprecated setup.py egg_info --egg-base ../../build/turtlebot3_example build --build-base /home/tparu001k/turtlebot3_ws/src/build/turtlebot3_example/build install --record /home/tparu001k/turtlebot3_ws/src/build/turtlebot3_example/install.log --single-version-externally-managed install_data --force
[1.784s] running egg_info
[1.785s] writing ../../build/turtlebot3_example/turtlebot3_example.egg-info/PKG-INFO
[1.785s] writing dependency_links to ../../build/turtlebot3_example/turtlebot3_example.egg-info/dependency_links.txt
[1.785s] writing entry points to ../../build/turtlebot3_example/turtlebot3_example.egg-info/entry_points.txt
[1.786s] writing requirements to ../../build/turtlebot3_example/turtlebot3_example.egg-info/requires.txt
[1.786s] writing top-level names to ../../build/turtlebot3_example/turtlebot3_example.egg-info/top_level.txt
[1.788s] reading manifest file '../../build/turtlebot3_example/turtlebot3_example.egg-info/SOURCES.txt'
[1.789s] writing manifest file '../../build/turtlebot3_example/turtlebot3_example.egg-info/SOURCES.txt'
[1.789s] running build
[1.789s] running build_py
[1.790s] creating /home/tparu001k/turtlebot3_ws/src/build/turtlebot3_example/build
[1.790s] creating /home/tparu001k/turtlebot3_ws/src/build/turtlebot3_example/build/lib
[1.790s] creating /home/tparu001k/turtlebot3_ws/src/build/turtlebot3_example/build/lib/turtlebot3_example
[1.790s] copying turtlebot3_example/__init__.py -> /home/tparu001k/turtlebot3_ws/src/build/turtlebot3_example/build/lib/turtlebot3_example
[1.791s] creating /home/tparu001k/turtlebot3_ws/src/build/turtlebot3_example/build/lib/turtlebot3_example/turtlebot3_patrol_server
[1.791s] copying turtlebot3_example/turtlebot3_patrol_server/main.py -> /home/tparu001k/turtlebot3_ws/src/build/turtlebot3_example/build/lib/turtlebot3_example/turtlebot3_patrol_server
[1.791s] copying turtlebot3_example/turtlebot3_patrol_server/turtlebot3_path.py -> /home/tparu001k/turtlebot3_ws/src/build/turtlebot3_example/build/lib/turtlebot3_example/turtlebot3_patrol_server
[1.791s] copying turtlebot3_example/turtlebot3_patrol_server/turtlebot3_patrol_server.py -> /home/tparu001k/turtlebot3_ws/src/build/turtlebot3_example/build/lib/turtlebot3_example/turtlebot3_patrol_server
[1.791s] copying turtlebot3_example/turtlebot3_patrol_server/__init__.py -> /home/tparu001k/turtlebot3_ws/src/build/turtlebot3_example/build/lib/turtlebot3_example/turtlebot3_patrol_server
[1.792s] creating /home/tparu001k/turtlebot3_ws/src/build/turtlebot3_example/build/lib/turtlebot3_example/turtlebot3_obstacle_detection
[1.792s] copying turtlebot3_example/turtlebot3_obstacle_detection/main.py -> /home/tparu001k/turtlebot3_ws/src/build/turtlebot3_example/build/lib/turtlebot3_example/turtlebot3_obstacle_detection
[1.792s] copying turtlebot3_example/turtlebot3_obstacle_detection/turtlebot3_obstacle_detection.py -> /home/tparu001k/turtlebot3_ws/src/build/turtlebot3_example/build/lib/turtlebot3_example/turtlebot3_obstacle_detection
[1.792s] copying turtlebot3_example/turtlebot3_obstacle_detection/__init__.py -> /home/tparu001k/turtlebot3_ws/src/build/turtlebot3_example/build/lib/turtlebot3_example/turtlebot3_obstacle_detection
[1.792s] creating /home/tparu001k/turtlebot3_ws/src/build/turtlebot3_example/build/lib/turtlebot3_example/turtlebot3_patrol_client
[1.793s] copying turtlebot3_example/turtlebot3_patrol_client/main.py -> /home/tparu001k/turtlebot3_ws/src/build/turtlebot3_example/build/lib/turtlebot3_example/turtlebot3_patrol_client
[1.793s] copying turtlebot3_example/turtlebot3_patrol_client/turtlebot3_patrol_client.py -> /home/tparu001k/turtlebot3_ws/src/build/turtlebot3_example/build/lib/turtlebot3_example/turtlebot3_patrol_client
[1.793s] copying turtlebot3_example/turtlebot3_patrol_client/__init__.py -> /home/tparu001k/turtlebot3_ws/src/build/turtlebot3_example/build/lib/turtlebot3_example/turtlebot3_patrol_client
[1.793s] creating /home/tparu001k/turtlebot3_ws/src/build/turtlebot3_example/build/lib/turtlebot3_example/turtlebot3_position_control
[1.794s] copying turtlebot3_example/turtlebot3_position_control/main.py -> /home/tparu001k/turtlebot3_ws/src/build/turtlebot3_example/build/lib/turtlebot3_example/turtlebot3_position_control
[1.794s] copying turtlebot3_example/turtlebot3_position_control/turtlebot3_path.py -> /home/tparu001k/turtlebot3_ws/src/build/turtlebot3_example/build/lib/turtlebot3_example/turtlebot3_position_control
[1.794s] copying turtlebot3_example/turtlebot3_position_control/turtlebot3_position_control.py -> /home/tparu001k/turtlebot3_ws/src/build/turtlebot3_example/build/lib/turtlebot3_example/turtlebot3_position_control
[1.794s] copying turtlebot3_example/turtlebot3_position_control/__init__.py -> /home/tparu001k/turtlebot3_ws/src/build/turtlebot3_example/build/lib/turtlebot3_example/turtlebot3_position_control
[1.794s] running install
[1.794s] running install_lib
[1.795s] creating /home/tparu001k/turtlebot3_ws/src/install/turtlebot3_example/lib/python3.10/site-packages/turtlebot3_example
[1.795s] creating /home/tparu001k/turtlebot3_ws/src/install/turtlebot3_example/lib/python3.10/site-packages/turtlebot3_example/turtlebot3_patrol_server
[1.795s] copying /home/tparu001k/turtlebot3_ws/src/build/turtlebot3_example/build/lib/turtlebot3_example/turtlebot3_patrol_server/main.py -> /home/tparu001k/turtlebot3_ws/src/install/turtlebot3_example/lib/python3.10/site-packages/turtlebot3_example/turtlebot3_patrol_server
[1.796s] copying /home/tparu001k/turtlebot3_ws/src/build/turtlebot3_example/build/lib/turtlebot3_example/turtlebot3_patrol_server/turtlebot3_path.py -> /home/tparu001k/turtlebot3_ws/src/install/turtlebot3_example/lib/python3.10/site-packages/turtlebot3_example/turtlebot3_patrol_server
[1.796s] copying /home/tparu001k/turtlebot3_ws/src/build/turtlebot3_example/build/lib/turtlebot3_example/turtlebot3_patrol_server/turtlebot3_patrol_server.py -> /home/tparu001k/turtlebot3_ws/src/install/turtlebot3_example/lib/python3.10/site-packages/turtlebot3_example/turtlebot3_patrol_server
[1.796s] copying /home/tparu001k/turtlebot3_ws/src/build/turtlebot3_example/build/lib/turtlebot3_example/turtlebot3_patrol_server/__init__.py -> /home/tparu001k/turtlebot3_ws/src/install/turtlebot3_example/lib/python3.10/site-packages/turtlebot3_example/turtlebot3_patrol_server
[1.796s] creating /home/tparu001k/turtlebot3_ws/src/install/turtlebot3_example/lib/python3.10/site-packages/turtlebot3_example/turtlebot3_obstacle_detection
[1.796s] copying /home/tparu001k/turtlebot3_ws/src/build/turtlebot3_example/build/lib/turtlebot3_example/turtlebot3_obstacle_detection/main.py -> /home/tparu001k/turtlebot3_ws/src/install/turtlebot3_example/lib/python3.10/site-packages/turtlebot3_example/turtlebot3_obstacle_detection
[1.797s] copying /home/tparu001k/turtlebot3_ws/src/build/turtlebot3_example/build/lib/turtlebot3_example/turtlebot3_obstacle_detection/turtlebot3_obstacle_detection.py -> /home/tparu001k/turtlebot3_ws/src/install/turtlebot3_example/lib/python3.10/site-packages/turtlebot3_example/turtlebot3_obstacle_detection
[1.797s] copying /home/tparu001k/turtlebot3_ws/src/build/turtlebot3_example/build/lib/turtlebot3_example/turtlebot3_obstacle_detection/__init__.py -> /home/tparu001k/turtlebot3_ws/src/install/turtlebot3_example/lib/python3.10/site-packages/turtlebot3_example/turtlebot3_obstacle_detection
[1.797s] creating /home/tparu001k/turtlebot3_ws/src/install/turtlebot3_example/lib/python3.10/site-packages/turtlebot3_example/turtlebot3_patrol_client
[1.797s] copying /home/tparu001k/turtlebot3_ws/src/build/turtlebot3_example/build/lib/turtlebot3_example/turtlebot3_patrol_client/main.py -> /home/tparu001k/turtlebot3_ws/src/install/turtlebot3_example/lib/python3.10/site-packages/turtlebot3_example/turtlebot3_patrol_client
[1.798s] copying /home/tparu001k/turtlebot3_ws/src/build/turtlebot3_example/build/lib/turtlebot3_example/turtlebot3_patrol_client/turtlebot3_patrol_client.py -> /home/tparu001k/turtlebot3_ws/src/install/turtlebot3_example/lib/python3.10/site-packages/turtlebot3_example/turtlebot3_patrol_client
[1.798s] copying /home/tparu001k/turtlebot3_ws/src/build/turtlebot3_example/build/lib/turtlebot3_example/turtlebot3_patrol_client/__init__.py -> /home/tparu001k/turtlebot3_ws/src/install/turtlebot3_example/lib/python3.10/site-packages/turtlebot3_example/turtlebot3_patrol_client
[1.798s] creating /home/tparu001k/turtlebot3_ws/src/install/turtlebot3_example/lib/python3.10/site-packages/turtlebot3_example/turtlebot3_position_control
[1.798s] copying /home/tparu001k/turtlebot3_ws/src/build/turtlebot3_example/build/lib/turtlebot3_example/turtlebot3_position_control/main.py -> /home/tparu001k/turtlebot3_ws/src/install/turtlebot3_example/lib/python3.10/site-packages/turtlebot3_example/turtlebot3_position_control
[1.798s] copying /home/tparu001k/turtlebot3_ws/src/build/turtlebot3_example/build/lib/turtlebot3_example/turtlebot3_position_control/turtlebot3_path.py -> /home/tparu001k/turtlebot3_ws/src/install/turtlebot3_example/lib/python3.10/site-packages/turtlebot3_example/turtlebot3_position_control
[1.799s] copying /home/tparu001k/turtlebot3_ws/src/build/turtlebot3_example/build/lib/turtlebot3_example/turtlebot3_position_control/turtlebot3_position_control.py -> /home/tparu001k/turtlebot3_ws/src/install/turtlebot3_example/lib/python3.10/site-packages/turtlebot3_example/turtlebot3_position_control
[1.799s] copying /home/tparu001k/turtlebot3_ws/src/build/turtlebot3_example/build/lib/turtlebot3_example/turtlebot3_position_control/__init__.py -> /home/tparu001k/turtlebot3_ws/src/install/turtlebot3_example/lib/python3.10/site-packages/turtlebot3_example/turtlebot3_position_control
[1.799s] copying /home/tparu001k/turtlebot3_ws/src/build/turtlebot3_example/build/lib/turtlebot3_example/__init__.py -> /home/tparu001k/turtlebot3_ws/src/install/turtlebot3_example/lib/python3.10/site-packages/turtlebot3_example
[1.799s] byte-compiling /home/tparu001k/turtlebot3_ws/src/install/turtlebot3_example/lib/python3.10/site-packages/turtlebot3_example/turtlebot3_patrol_server/main.py to main.cpython-310.pyc
[1.799s] byte-compiling /home/tparu001k/turtlebot3_ws/src/install/turtlebot3_example/lib/python3.10/site-packages/turtlebot3_example/turtlebot3_patrol_server/turtlebot3_path.py to turtlebot3_path.cpython-310.pyc
[1.799s] byte-compiling /home/tparu001k/turtlebot3_ws/src/install/turtlebot3_example/lib/python3.10/site-packages/turtlebot3_example/turtlebot3_patrol_server/turtlebot3_patrol_server.py to turtlebot3_patrol_server.cpython-310.pyc
[1.800s] byte-compiling /home/tparu001k/turtlebot3_ws/src/install/turtlebot3_example/lib/python3.10/site-packages/turtlebot3_example/turtlebot3_patrol_server/__init__.py to __init__.cpython-310.pyc
[1.800s] byte-compiling /home/tparu001k/turtlebot3_ws/src/install/turtlebot3_example/lib/python3.10/site-packages/turtlebot3_example/turtlebot3_obstacle_detection/main.py to main.cpython-310.pyc
[1.801s] byte-compiling /home/tparu001k/turtlebot3_ws/src/install/turtlebot3_example/lib/python3.10/site-packages/turtlebot3_example/turtlebot3_obstacle_detection/turtlebot3_obstacle_detection.py to turtlebot3_obstacle_detection.cpython-310.pyc
[1.801s] byte-compiling /home/tparu001k/turtlebot3_ws/src/install/turtlebot3_example/lib/python3.10/site-packages/turtlebot3_example/turtlebot3_obstacle_detection/__init__.py to __init__.cpython-310.pyc
[1.801s] byte-compiling /home/tparu001k/turtlebot3_ws/src/install/turtlebot3_example/lib/python3.10/site-packages/turtlebot3_example/turtlebot3_patrol_client/main.py to main.cpython-310.pyc
[1.802s] byte-compiling /home/tparu001k/turtlebot3_ws/src/install/turtlebot3_example/lib/python3.10/site-packages/turtlebot3_example/turtlebot3_patrol_client/turtlebot3_patrol_client.py to turtlebot3_patrol_client.cpython-310.pyc
[1.803s] byte-compiling /home/tparu001k/turtlebot3_ws/src/install/turtlebot3_example/lib/python3.10/site-packages/turtlebot3_example/turtlebot3_patrol_client/__init__.py to __init__.cpython-310.pyc
[1.803s] byte-compiling /home/tparu001k/turtlebot3_ws/src/install/turtlebot3_example/lib/python3.10/site-packages/turtlebot3_example/turtlebot3_position_control/main.py to main.cpython-310.pyc
[1.803s] byte-compiling /home/tparu001k/turtlebot3_ws/src/install/turtlebot3_example/lib/python3.10/site-packages/turtlebot3_example/turtlebot3_position_control/turtlebot3_path.py to turtlebot3_path.cpython-310.pyc
[1.804s] byte-compiling /home/tparu001k/turtlebot3_ws/src/install/turtlebot3_example/lib/python3.10/site-packages/turtlebot3_example/turtlebot3_position_control/turtlebot3_position_control.py to turtlebot3_position_control.cpython-310.pyc
[1.805s] byte-compiling /home/tparu001k/turtlebot3_ws/src/install/turtlebot3_example/lib/python3.10/site-packages/turtlebot3_example/turtlebot3_position_control/__init__.py to __init__.cpython-310.pyc
[1.805s] byte-compiling /home/tparu001k/turtlebot3_ws/src/install/turtlebot3_example/lib/python3.10/site-packages/turtlebot3_example/__init__.py to __init__.cpython-310.pyc
[1.805s] running install_data
[1.806s] copying resource/turtlebot3_example -> /home/tparu001k/turtlebot3_ws/src/install/turtlebot3_example/share/ament_index/resource_index/packages
[1.806s] copying package.xml -> /home/tparu001k/turtlebot3_ws/src/install/turtlebot3_example/share/turtlebot3_example
[1.806s] running install_egg_info
[1.808s] Copying ../../build/turtlebot3_example/turtlebot3_example.egg-info to /home/tparu001k/turtlebot3_ws/src/install/turtlebot3_example/lib/python3.10/site-packages/turtlebot3_example-2.1.5-py3.10.egg-info
[1.808s] running install_scripts
[1.829s] Installing turtlebot3_obstacle_detection script to /home/tparu001k/turtlebot3_ws/src/install/turtlebot3_example/lib/turtlebot3_example
[1.830s] Installing turtlebot3_patrol_client script to /home/tparu001k/turtlebot3_ws/src/install/turtlebot3_example/lib/turtlebot3_example
[1.830s] Installing turtlebot3_patrol_server script to /home/tparu001k/turtlebot3_ws/src/install/turtlebot3_example/lib/turtlebot3_example
[1.830s] Installing turtlebot3_position_control script to /home/tparu001k/turtlebot3_ws/src/install/turtlebot3_example/lib/turtlebot3_example
[1.831s] writing list of installed files to '/home/tparu001k/turtlebot3_ws/src/build/turtlebot3_example/install.log'
[1.865s] Invoked command in '/home/tparu001k/turtlebot3_ws/src/turtlebot3/turtlebot3_example' returned '0': AMENT_PREFIX_PATH=/home/tparu001k/turtlebot3_ws/src/install/turtlebot3_msgs:${AMENT_PREFIX_PATH} CMAKE_PREFIX_PATH=/home/tparu001k/turtlebot3_ws/src/install/turtlebot3_msgs:${CMAKE_PREFIX_PATH} LD_LIBRARY_PATH=/home/tparu001k/turtlebot3_ws/src/install/turtlebot3_msgs/lib:${LD_LIBRARY_PATH} PYTHONPATH=/home/tparu001k/turtlebot3_ws/src/build/turtlebot3_example/prefix_override:/usr/lib/python3/dist-packages/colcon_core/task/python/colcon_distutils_commands:/home/tparu001k/turtlebot3_ws/src/install/turtlebot3_example/lib/python3.10/site-packages:/home/tparu001k/turtlebot3_ws/src/install/turtlebot3_msgs/local/lib/python3.10/dist-packages:${PYTHONPATH} /usr/bin/python3 -W ignore:setup.py install is deprecated setup.py egg_info --egg-base ../../build/turtlebot3_example build --build-base /home/tparu001k/turtlebot3_ws/src/build/turtlebot3_example/build install --record /home/tparu001k/turtlebot3_ws/src/build/turtlebot3_example/install.log --single-version-externally-managed install_data --force
