[0.857s] Invoking command in '/home/tparu001k/turtlebot3_ws/src/turtlebot3/turtlebot3_example': AMENT_PREFIX_PATH=/home/tparu001k/turtlebot3_ws/src/install/turtlebot3_msgs:${AMENT_PREFIX_PATH} CMAKE_PREFIX_PATH=/home/tparu001k/turtlebot3_ws/src/install/turtlebot3_msgs:${CMAKE_PREFIX_PATH} LD_LIBRARY_PATH=/home/tparu001k/turtlebot3_ws/src/install/turtlebot3_msgs/lib:${LD_LIBRARY_PATH} PYTHONPATH=/home/tparu001k/turtlebot3_ws/src/build/turtlebot3_example/prefix_override:/usr/lib/python3/dist-packages/colcon_core/task/python/colcon_distutils_commands:/home/tparu001k/turtlebot3_ws/src/install/turtlebot3_example/lib/python3.10/site-packages:/home/tparu001k/turtlebot3_ws/src/install/turtlebot3_msgs/local/lib/python3.10/dist-packages:${PYTHONPATH} /usr/bin/python3 -W ignore:setup.py install is deprecated setup.py egg_info --egg-base ../../build/turtlebot3_example build --build-base /home/tparu001k/turtlebot3_ws/src/build/turtlebot3_example/build install --record /home/tparu001k/turtlebot3_ws/src/build/turtlebot3_example/install.log --single-version-externally-managed install_data
[1.088s] running egg_info
[1.089s] writing ../../build/turtlebot3_example/turtlebot3_example.egg-info/PKG-INFO
[1.089s] writing dependency_links to ../../build/turtlebot3_example/turtlebot3_example.egg-info/dependency_links.txt
[1.089s] writing entry points to ../../build/turtlebot3_example/turtlebot3_example.egg-info/entry_points.txt
[1.089s] writing requirements to ../../build/turtlebot3_example/turtlebot3_example.egg-info/requires.txt
[1.089s] writing top-level names to ../../build/turtlebot3_example/turtlebot3_example.egg-info/top_level.txt
[1.091s] reading manifest file '../../build/turtlebot3_example/turtlebot3_example.egg-info/SOURCES.txt'
[1.092s] writing manifest file '../../build/turtlebot3_example/turtlebot3_example.egg-info/SOURCES.txt'
[1.092s] running build
[1.092s] running build_py
[1.093s] running install
[1.093s] running install_lib
[1.095s] running install_data
[1.095s] running install_egg_info
[1.096s] removing '/home/tparu001k/turtlebot3_ws/src/install/turtlebot3_example/lib/python3.10/site-packages/turtlebot3_example-2.1.5-py3.10.egg-info' (and everything under it)
[1.096s] Copying ../../build/turtlebot3_example/turtlebot3_example.egg-info to /home/tparu001k/turtlebot3_ws/src/install/turtlebot3_example/lib/python3.10/site-packages/turtlebot3_example-2.1.5-py3.10.egg-info
[1.097s] running install_scripts
[1.116s] Installing turtlebot3_obstacle_detection script to /home/tparu001k/turtlebot3_ws/src/install/turtlebot3_example/lib/turtlebot3_example
[1.116s] Installing turtlebot3_patrol_client script to /home/tparu001k/turtlebot3_ws/src/install/turtlebot3_example/lib/turtlebot3_example
[1.116s] Installing turtlebot3_patrol_server script to /home/tparu001k/turtlebot3_ws/src/install/turtlebot3_example/lib/turtlebot3_example
[1.116s] Installing turtlebot3_position_control script to /home/tparu001k/turtlebot3_ws/src/install/turtlebot3_example/lib/turtlebot3_example
[1.117s] writing list of installed files to '/home/tparu001k/turtlebot3_ws/src/build/turtlebot3_example/install.log'
[1.141s] Invoked command in '/home/tparu001k/turtlebot3_ws/src/turtlebot3/turtlebot3_example' returned '0': AMENT_PREFIX_PATH=/home/tparu001k/turtlebot3_ws/src/install/turtlebot3_msgs:${AMENT_PREFIX_PATH} CMAKE_PREFIX_PATH=/home/tparu001k/turtlebot3_ws/src/install/turtlebot3_msgs:${CMAKE_PREFIX_PATH} LD_LIBRARY_PATH=/home/tparu001k/turtlebot3_ws/src/install/turtlebot3_msgs/lib:${LD_LIBRARY_PATH} PYTHONPATH=/home/tparu001k/turtlebot3_ws/src/build/turtlebot3_example/prefix_override:/usr/lib/python3/dist-packages/colcon_core/task/python/colcon_distutils_commands:/home/tparu001k/turtlebot3_ws/src/install/turtlebot3_example/lib/python3.10/site-packages:/home/tparu001k/turtlebot3_ws/src/install/turtlebot3_msgs/local/lib/python3.10/dist-packages:${PYTHONPATH} /usr/bin/python3 -W ignore:setup.py install is deprecated setup.py egg_info --egg-base ../../build/turtlebot3_example build --build-base /home/tparu001k/turtlebot3_ws/src/build/turtlebot3_example/build install --record /home/tparu001k/turtlebot3_ws/src/build/turtlebot3_example/install.log --single-version-externally-managed install_data
