[0.040s] Invoking command in '/home/tparu001k/turtlebot3_ws/src/build/turtlebot3_description': CMAKE_PREFIX_PATH=${CMAKE_PREFIX_PATH}:/home/tparu001k/turtlebot3_ws/install/turtlebot3_teleop:/home/tparu001k/turtlebot3_ws/install/turtlebot3_example:/home/tparu001k/metr4202_ws/install/m4202_py_pkg:/opt/ros/humble /usr/bin/cmake /home/tparu001k/turtlebot3_ws/src/turtlebot3/turtlebot3_description -DAMENT_CMAKE_SYMLINK_INSTALL=1 -DCMAKE_INSTALL_PREFIX=/home/tparu001k/turtlebot3_ws/src/install/turtlebot3_description
[0.387s] -- The C compiler identification is GNU 11.4.0
[0.837s] -- The CXX compiler identification is GNU 11.4.0
[1.207s] -- Detecting C compiler ABI info
[1.355s] -- Detecting C compiler ABI info - done
[1.366s] -- Check for working C compiler: /usr/bin/cc - skipped
[1.367s] -- Detecting C compile features
[1.368s] -- Detecting C compile features - done
[1.374s] -- Detecting CXX compiler ABI info
[1.523s] -- Detecting CXX compiler ABI info - done
[1.537s] -- Check for working CXX compiler: /usr/bin/c++ - skipped
[1.537s] -- Detecting CXX compile features
[1.538s] -- Detecting CXX compile features - done
[1.552s] -- Found ament_cmake: 1.3.9 (/opt/ros/humble/share/ament_cmake/cmake)
[1.822s] -- Found Python3: /usr/bin/python3 (found version "3.10.12") found components: Interpreter 
[1.921s] -- Override CMake install command with custom implementation using symlinks instead of copying resources
[1.978s] -- Found urdf: 2.6.0 (/opt/ros/humble/share/urdf/cmake)
[3.787s] -- Configuring done
[3.790s] -- Generating done
[3.791s] -- Build files have been written to: /home/tparu001k/turtlebot3_ws/src/build/turtlebot3_description
[3.799s] Invoked command in '/home/tparu001k/turtlebot3_ws/src/build/turtlebot3_description' returned '0': CMAKE_PREFIX_PATH=${CMAKE_PREFIX_PATH}:/home/tparu001k/turtlebot3_ws/install/turtlebot3_teleop:/home/tparu001k/turtlebot3_ws/install/turtlebot3_example:/home/tparu001k/metr4202_ws/install/m4202_py_pkg:/opt/ros/humble /usr/bin/cmake /home/tparu001k/turtlebot3_ws/src/turtlebot3/turtlebot3_description -DAMENT_CMAKE_SYMLINK_INSTALL=1 -DCMAKE_INSTALL_PREFIX=/home/tparu001k/turtlebot3_ws/src/install/turtlebot3_description
[3.803s] Invoking command in '/home/tparu001k/turtlebot3_ws/src/build/turtlebot3_description': CMAKE_PREFIX_PATH=${CMAKE_PREFIX_PATH}:/home/tparu001k/turtlebot3_ws/install/turtlebot3_teleop:/home/tparu001k/turtlebot3_ws/install/turtlebot3_example:/home/tparu001k/metr4202_ws/install/m4202_py_pkg:/opt/ros/humble /usr/bin/cmake --build /home/tparu001k/turtlebot3_ws/src/build/turtlebot3_description -- -j8 -l8
[3.847s] Invoked command in '/home/tparu001k/turtlebot3_ws/src/build/turtlebot3_description' returned '0': CMAKE_PREFIX_PATH=${CMAKE_PREFIX_PATH}:/home/tparu001k/turtlebot3_ws/install/turtlebot3_teleop:/home/tparu001k/turtlebot3_ws/install/turtlebot3_example:/home/tparu001k/metr4202_ws/install/m4202_py_pkg:/opt/ros/humble /usr/bin/cmake --build /home/tparu001k/turtlebot3_ws/src/build/turtlebot3_description -- -j8 -l8
[3.875s] Invoking command in '/home/tparu001k/turtlebot3_ws/src/build/turtlebot3_description': CMAKE_PREFIX_PATH=${CMAKE_PREFIX_PATH}:/home/tparu001k/turtlebot3_ws/install/turtlebot3_teleop:/home/tparu001k/turtlebot3_ws/install/turtlebot3_example:/home/tparu001k/metr4202_ws/install/m4202_py_pkg:/opt/ros/humble /usr/bin/cmake --install /home/tparu001k/turtlebot3_ws/src/build/turtlebot3_description
[3.881s] -- Install configuration: ""
[3.881s] -- Execute custom install script
[3.894s] -- Symlinking: /home/tparu001k/turtlebot3_ws/src/install/turtlebot3_description/share/turtlebot3_description/meshes/bases/burger_base.stl
[3.904s] -- Symlinking: /home/tparu001k/turtlebot3_ws/src/install/turtlebot3_description/share/turtlebot3_description/meshes/bases/waffle_base.stl
[3.912s] -- Symlinking: /home/tparu001k/turtlebot3_ws/src/install/turtlebot3_description/share/turtlebot3_description/meshes/bases/waffle_pi_base.stl
[3.918s] -- Symlinking: /home/tparu001k/turtlebot3_ws/src/install/turtlebot3_description/share/turtlebot3_description/meshes/sensors/astra.dae
[3.926s] -- Symlinking: /home/tparu001k/turtlebot3_ws/src/install/turtlebot3_description/share/turtlebot3_description/meshes/sensors/astra.jpg
[3.933s] -- Symlinking: /home/tparu001k/turtlebot3_ws/src/install/turtlebot3_description/share/turtlebot3_description/meshes/sensors/lds.stl
[3.940s] -- Symlinking: /home/tparu001k/turtlebot3_ws/src/install/turtlebot3_description/share/turtlebot3_description/meshes/sensors/r200.dae
[3.949s] -- Symlinking: /home/tparu001k/turtlebot3_ws/src/install/turtlebot3_description/share/turtlebot3_description/meshes/sensors/r200.jpg
[3.957s] -- Symlinking: /home/tparu001k/turtlebot3_ws/src/install/turtlebot3_description/share/turtlebot3_description/meshes/wheels/left_tire.stl
[3.963s] -- Symlinking: /home/tparu001k/turtlebot3_ws/src/install/turtlebot3_description/share/turtlebot3_description/meshes/wheels/right_tire.stl
[3.980s] -- Symlinking: /home/tparu001k/turtlebot3_ws/src/install/turtlebot3_description/share/turtlebot3_description/rviz/model.rviz
[3.988s] -- Symlinking: /home/tparu001k/turtlebot3_ws/src/install/turtlebot3_description/share/turtlebot3_description/urdf/common_properties.urdf
[3.995s] -- Symlinking: /home/tparu001k/turtlebot3_ws/src/install/turtlebot3_description/share/turtlebot3_description/urdf/turtlebot3_burger.urdf
[4.003s] -- Symlinking: /home/tparu001k/turtlebot3_ws/src/install/turtlebot3_description/share/turtlebot3_description/urdf/turtlebot3_waffle.urdf
[4.010s] -- Symlinking: /home/tparu001k/turtlebot3_ws/src/install/turtlebot3_description/share/turtlebot3_description/urdf/turtlebot3_waffle_pi.urdf
[4.020s] -- Symlinking: /home/tparu001k/turtlebot3_ws/src/install/turtlebot3_description/share/ament_index/resource_index/package_run_dependencies/turtlebot3_description
[4.030s] -- Symlinking: /home/tparu001k/turtlebot3_ws/src/install/turtlebot3_description/share/ament_index/resource_index/parent_prefix_path/turtlebot3_description
[4.037s] -- Symlinking: /home/tparu001k/turtlebot3_ws/src/install/turtlebot3_description/share/turtlebot3_description/environment/ament_prefix_path.sh
[4.045s] -- Symlinking: /home/tparu001k/turtlebot3_ws/src/install/turtlebot3_description/share/turtlebot3_description/environment/ament_prefix_path.dsv
[4.052s] -- Symlinking: /home/tparu001k/turtlebot3_ws/src/install/turtlebot3_description/share/turtlebot3_description/environment/path.sh
[4.059s] -- Symlinking: /home/tparu001k/turtlebot3_ws/src/install/turtlebot3_description/share/turtlebot3_description/environment/path.dsv
[4.065s] -- Symlinking: /home/tparu001k/turtlebot3_ws/src/install/turtlebot3_description/share/turtlebot3_description/local_setup.bash
[4.072s] -- Symlinking: /home/tparu001k/turtlebot3_ws/src/install/turtlebot3_description/share/turtlebot3_description/local_setup.sh
[4.079s] -- Symlinking: /home/tparu001k/turtlebot3_ws/src/install/turtlebot3_description/share/turtlebot3_description/local_setup.zsh
[4.087s] -- Symlinking: /home/tparu001k/turtlebot3_ws/src/install/turtlebot3_description/share/turtlebot3_description/local_setup.dsv
[4.094s] -- Symlinking: /home/tparu001k/turtlebot3_ws/src/install/turtlebot3_description/share/turtlebot3_description/package.dsv
[4.104s] -- Symlinking: /home/tparu001k/turtlebot3_ws/src/install/turtlebot3_description/share/ament_index/resource_index/packages/turtlebot3_description
[4.112s] -- Symlinking: /home/tparu001k/turtlebot3_ws/src/install/turtlebot3_description/share/turtlebot3_description/cmake/turtlebot3_descriptionConfig.cmake
[4.119s] -- Symlinking: /home/tparu001k/turtlebot3_ws/src/install/turtlebot3_description/share/turtlebot3_description/cmake/turtlebot3_descriptionConfig-version.cmake
[4.129s] -- Symlinking: /home/tparu001k/turtlebot3_ws/src/install/turtlebot3_description/share/turtlebot3_description/package.xml
[4.139s] Invoked command in '/home/tparu001k/turtlebot3_ws/src/build/turtlebot3_description' returned '0': CMAKE_PREFIX_PATH=${CMAKE_PREFIX_PATH}:/home/tparu001k/turtlebot3_ws/install/turtlebot3_teleop:/home/tparu001k/turtlebot3_ws/install/turtlebot3_example:/home/tparu001k/metr4202_ws/install/m4202_py_pkg:/opt/ros/humble /usr/bin/cmake --install /home/tparu001k/turtlebot3_ws/src/build/turtlebot3_description
