[0.351s] Invoking command in '/home/tparu001k/turtlebot3_ws/build/turtlebot3_fake_node': CMAKE_PREFIX_PATH=/home/tparu001k/turtlebot3_ws/install/turtlebot3_msgs:/home/tparu001k/turtlebot3_ws/install/turtlebot3:/home/tparu001k/turtlebot3_ws/install/turtlebot3_bringup:/home/tparu001k/turtlebot3_ws/install/turtlebot3_node:/home/tparu001k/turtlebot3_ws/install/turtlebot3_navigation2:/home/tparu001k/turtlebot3_ws/install/turtlebot3_description:/home/tparu001k/turtlebot3_ws/install/turtlebot3_cartographer:/home/tparu001k/turtlebot3_ws/install/dynamixel_sdk_examples:/home/tparu001k/turtlebot3_ws/install/dynamixel_sdk_custom_interfaces:/home/tparu001k/turtlebot3_ws/install/dynamixel_sdk:/home/tparu001k/turtlebot3_ws/install/turtlebot3_teleop:/home/tparu001k/turtlebot3_ws/install/turtlebot3_example:/home/tparu001k/metr4202_ws/install/m4202_py_pkg:/opt/ros/humble /usr/bin/cmake /home/tparu001k/turtlebot3_ws/src/turtlebot3_simulations/turtlebot3_fake_node -DCMAKE_INSTALL_PREFIX=/home/tparu001k/turtlebot3_ws/install/turtlebot3_fake_node
[0.471s] -- The C compiler identification is GNU 11.4.0
[0.907s] -- The CXX compiler identification is GNU 11.4.0
[1.222s] -- Detecting C compiler ABI info
[1.355s] -- Detecting C compiler ABI info - done
[1.364s] -- Check for working C compiler: /usr/bin/cc - skipped
[1.364s] -- Detecting C compile features
[1.364s] -- Detecting C compile features - done
[1.368s] -- Detecting CXX compiler ABI info
[1.515s] -- Detecting CXX compiler ABI info - done
[1.524s] -- Check for working CXX compiler: /usr/bin/c++ - skipped
[1.524s] -- Detecting CXX compile features
[1.525s] -- Detecting CXX compile features - done
[1.528s] -- Found ament_cmake: 1.3.9 (/opt/ros/humble/share/ament_cmake/cmake)
[1.706s] -- Found Python3: /usr/bin/python3 (found version "3.10.12") found components: Interpreter 
[1.823s] -- Found geometry_msgs: 4.2.4 (/opt/ros/humble/share/geometry_msgs/cmake)
[1.990s] -- Found rosidl_generator_c: 3.1.5 (/opt/ros/humble/share/rosidl_generator_c/cmake)
[1.996s] -- Found rosidl_adapter: 3.1.5 (/opt/ros/humble/share/rosidl_adapter/cmake)
[2.006s] -- Found rosidl_generator_cpp: 3.1.5 (/opt/ros/humble/share/rosidl_generator_cpp/cmake)
[2.026s] -- Using all available rosidl_typesupport_c: rosidl_typesupport_fastrtps_c;rosidl_typesupport_introspection_c
[2.054s] -- Using all available rosidl_typesupport_cpp: rosidl_typesupport_fastrtps_cpp;rosidl_typesupport_introspection_cpp
[2.188s] -- Found nav_msgs: 4.2.4 (/opt/ros/humble/share/nav_msgs/cmake)
[2.286s] -- Found rclcpp: 16.0.9 (/opt/ros/humble/share/rclcpp/cmake)
[2.360s] -- Found rmw_implementation_cmake: 6.1.2 (/opt/ros/humble/share/rmw_implementation_cmake/cmake)
[2.363s] -- Found rmw_fastrtps_cpp: 6.2.6 (/opt/ros/humble/share/rmw_fastrtps_cpp/cmake)
[4.078s] -- Found OpenSSL: /usr/lib/x86_64-linux-gnu/libcrypto.so (found version "3.0.2")  
[6.198s] -- Found FastRTPS: /opt/ros/humble/include  
[9.061s] -- Using RMW implementation 'rmw_fastrtps_cpp' as default
[9.078s] -- Looking for pthread.h
[9.224s] -- Looking for pthread.h - found
[9.225s] -- Performing Test CMAKE_HAVE_LIBC_PTHREAD
[9.368s] -- Performing Test CMAKE_HAVE_LIBC_PTHREAD - Success
[9.369s] -- Found Threads: TRUE  
[9.533s] -- Found sensor_msgs: 4.2.4 (/opt/ros/humble/share/sensor_msgs/cmake)
[9.644s] -- Found tf2: 0.25.7 (/opt/ros/humble/share/tf2/cmake)
[9.665s] -- Found tf2_msgs: 0.25.7 (/opt/ros/humble/share/tf2_msgs/cmake)
[9.834s] -- Found turtlebot3_msgs: 2.2.3 (/home/tparu001k/turtlebot3_ws/install/turtlebot3_msgs/share/turtlebot3_msgs/cmake)
[10.003s] -- Configuring done
[10.016s] -- Generating done
[10.018s] -- Build files have been written to: /home/tparu001k/turtlebot3_ws/build/turtlebot3_fake_node
[10.030s] Invoked command in '/home/tparu001k/turtlebot3_ws/build/turtlebot3_fake_node' returned '0': CMAKE_PREFIX_PATH=/home/tparu001k/turtlebot3_ws/install/turtlebot3_msgs:/home/tparu001k/turtlebot3_ws/install/turtlebot3:/home/tparu001k/turtlebot3_ws/install/turtlebot3_bringup:/home/tparu001k/turtlebot3_ws/install/turtlebot3_node:/home/tparu001k/turtlebot3_ws/install/turtlebot3_navigation2:/home/tparu001k/turtlebot3_ws/install/turtlebot3_description:/home/tparu001k/turtlebot3_ws/install/turtlebot3_cartographer:/home/tparu001k/turtlebot3_ws/install/dynamixel_sdk_examples:/home/tparu001k/turtlebot3_ws/install/dynamixel_sdk_custom_interfaces:/home/tparu001k/turtlebot3_ws/install/dynamixel_sdk:/home/tparu001k/turtlebot3_ws/install/turtlebot3_teleop:/home/tparu001k/turtlebot3_ws/install/turtlebot3_example:/home/tparu001k/metr4202_ws/install/m4202_py_pkg:/opt/ros/humble /usr/bin/cmake /home/tparu001k/turtlebot3_ws/src/turtlebot3_simulations/turtlebot3_fake_node -DCMAKE_INSTALL_PREFIX=/home/tparu001k/turtlebot3_ws/install/turtlebot3_fake_node
[10.032s] Invoking command in '/home/tparu001k/turtlebot3_ws/build/turtlebot3_fake_node': CMAKE_PREFIX_PATH=/home/tparu001k/turtlebot3_ws/install/turtlebot3_msgs:/home/tparu001k/turtlebot3_ws/install/turtlebot3:/home/tparu001k/turtlebot3_ws/install/turtlebot3_bringup:/home/tparu001k/turtlebot3_ws/install/turtlebot3_node:/home/tparu001k/turtlebot3_ws/install/turtlebot3_navigation2:/home/tparu001k/turtlebot3_ws/install/turtlebot3_description:/home/tparu001k/turtlebot3_ws/install/turtlebot3_cartographer:/home/tparu001k/turtlebot3_ws/install/dynamixel_sdk_examples:/home/tparu001k/turtlebot3_ws/install/dynamixel_sdk_custom_interfaces:/home/tparu001k/turtlebot3_ws/install/dynamixel_sdk:/home/tparu001k/turtlebot3_ws/install/turtlebot3_teleop:/home/tparu001k/turtlebot3_ws/install/turtlebot3_example:/home/tparu001k/metr4202_ws/install/m4202_py_pkg:/opt/ros/humble /usr/bin/cmake --build /home/tparu001k/turtlebot3_ws/build/turtlebot3_fake_node -- -j8 -l8
[10.079s] [ 50%] [32mBuilding CXX object CMakeFiles/turtlebot3_fake_node.dir/src/turtlebot3_fake_node.cpp.o[0m
[20.248s] [100%] [32m[1mLinking CXX executable turtlebot3_fake_node[0m
[20.836s] [100%] Built target turtlebot3_fake_node
[20.847s] Invoked command in '/home/tparu001k/turtlebot3_ws/build/turtlebot3_fake_node' returned '0': CMAKE_PREFIX_PATH=/home/tparu001k/turtlebot3_ws/install/turtlebot3_msgs:/home/tparu001k/turtlebot3_ws/install/turtlebot3:/home/tparu001k/turtlebot3_ws/install/turtlebot3_bringup:/home/tparu001k/turtlebot3_ws/install/turtlebot3_node:/home/tparu001k/turtlebot3_ws/install/turtlebot3_navigation2:/home/tparu001k/turtlebot3_ws/install/turtlebot3_description:/home/tparu001k/turtlebot3_ws/install/turtlebot3_cartographer:/home/tparu001k/turtlebot3_ws/install/dynamixel_sdk_examples:/home/tparu001k/turtlebot3_ws/install/dynamixel_sdk_custom_interfaces:/home/tparu001k/turtlebot3_ws/install/dynamixel_sdk:/home/tparu001k/turtlebot3_ws/install/turtlebot3_teleop:/home/tparu001k/turtlebot3_ws/install/turtlebot3_example:/home/tparu001k/metr4202_ws/install/m4202_py_pkg:/opt/ros/humble /usr/bin/cmake --build /home/tparu001k/turtlebot3_ws/build/turtlebot3_fake_node -- -j8 -l8
[20.869s] Invoking command in '/home/tparu001k/turtlebot3_ws/build/turtlebot3_fake_node': CMAKE_PREFIX_PATH=/home/tparu001k/turtlebot3_ws/install/turtlebot3_msgs:/home/tparu001k/turtlebot3_ws/install/turtlebot3:/home/tparu001k/turtlebot3_ws/install/turtlebot3_bringup:/home/tparu001k/turtlebot3_ws/install/turtlebot3_node:/home/tparu001k/turtlebot3_ws/install/turtlebot3_navigation2:/home/tparu001k/turtlebot3_ws/install/turtlebot3_description:/home/tparu001k/turtlebot3_ws/install/turtlebot3_cartographer:/home/tparu001k/turtlebot3_ws/install/dynamixel_sdk_examples:/home/tparu001k/turtlebot3_ws/install/dynamixel_sdk_custom_interfaces:/home/tparu001k/turtlebot3_ws/install/dynamixel_sdk:/home/tparu001k/turtlebot3_ws/install/turtlebot3_teleop:/home/tparu001k/turtlebot3_ws/install/turtlebot3_example:/home/tparu001k/metr4202_ws/install/m4202_py_pkg:/opt/ros/humble /usr/bin/cmake --install /home/tparu001k/turtlebot3_ws/build/turtlebot3_fake_node
[20.875s] -- Install configuration: ""
[20.876s] -- Installing: /home/tparu001k/turtlebot3_ws/install/turtlebot3_fake_node/lib/turtlebot3_fake_node/turtlebot3_fake_node
[20.879s] -- Set runtime path of "/home/tparu001k/turtlebot3_ws/install/turtlebot3_fake_node/lib/turtlebot3_fake_node/turtlebot3_fake_node" to ""
[20.879s] -- Installing: /home/tparu001k/turtlebot3_ws/install/turtlebot3_fake_node/share/turtlebot3_fake_node/launch
[20.879s] -- Installing: /home/tparu001k/turtlebot3_ws/install/turtlebot3_fake_node/share/turtlebot3_fake_node/launch/rviz2.launch.py
[20.880s] -- Installing: /home/tparu001k/turtlebot3_ws/install/turtlebot3_fake_node/share/turtlebot3_fake_node/launch/turtlebot3_fake_node.launch.py
[20.880s] -- Installing: /home/tparu001k/turtlebot3_ws/install/turtlebot3_fake_node/share/turtlebot3_fake_node/param
[20.880s] -- Installing: /home/tparu001k/turtlebot3_ws/install/turtlebot3_fake_node/share/turtlebot3_fake_node/param/waffle.yaml
[20.880s] -- Installing: /home/tparu001k/turtlebot3_ws/install/turtlebot3_fake_node/share/turtlebot3_fake_node/param/waffle_pi.yaml
[20.881s] -- Installing: /home/tparu001k/turtlebot3_ws/install/turtlebot3_fake_node/share/turtlebot3_fake_node/param/burger.yaml
[20.881s] -- Installing: /home/tparu001k/turtlebot3_ws/install/turtlebot3_fake_node/include/
[20.881s] -- Installing: /home/tparu001k/turtlebot3_ws/install/turtlebot3_fake_node/include//turtlebot3_fake_node
[20.881s] -- Installing: /home/tparu001k/turtlebot3_ws/install/turtlebot3_fake_node/include//turtlebot3_fake_node/turtlebot3_fake_node.hpp
[20.882s] -- Installing: /home/tparu001k/turtlebot3_ws/install/turtlebot3_fake_node/share/ament_index/resource_index/package_run_dependencies/turtlebot3_fake_node
[20.882s] -- Installing: /home/tparu001k/turtlebot3_ws/install/turtlebot3_fake_node/share/ament_index/resource_index/parent_prefix_path/turtlebot3_fake_node
[20.883s] -- Installing: /home/tparu001k/turtlebot3_ws/install/turtlebot3_fake_node/share/turtlebot3_fake_node/environment/ament_prefix_path.sh
[20.883s] -- Installing: /home/tparu001k/turtlebot3_ws/install/turtlebot3_fake_node/share/turtlebot3_fake_node/environment/ament_prefix_path.dsv
[20.883s] -- Installing: /home/tparu001k/turtlebot3_ws/install/turtlebot3_fake_node/share/turtlebot3_fake_node/environment/path.sh
[20.883s] -- Installing: /home/tparu001k/turtlebot3_ws/install/turtlebot3_fake_node/share/turtlebot3_fake_node/environment/path.dsv
[20.884s] -- Installing: /home/tparu001k/turtlebot3_ws/install/turtlebot3_fake_node/share/turtlebot3_fake_node/local_setup.bash
[20.884s] -- Installing: /home/tparu001k/turtlebot3_ws/install/turtlebot3_fake_node/share/turtlebot3_fake_node/local_setup.sh
[20.884s] -- Installing: /home/tparu001k/turtlebot3_ws/install/turtlebot3_fake_node/share/turtlebot3_fake_node/local_setup.zsh
[20.884s] -- Installing: /home/tparu001k/turtlebot3_ws/install/turtlebot3_fake_node/share/turtlebot3_fake_node/local_setup.dsv
[20.885s] -- Installing: /home/tparu001k/turtlebot3_ws/install/turtlebot3_fake_node/share/turtlebot3_fake_node/package.dsv
[20.885s] -- Installing: /home/tparu001k/turtlebot3_ws/install/turtlebot3_fake_node/share/ament_index/resource_index/packages/turtlebot3_fake_node
[20.885s] -- Installing: /home/tparu001k/turtlebot3_ws/install/turtlebot3_fake_node/share/turtlebot3_fake_node/cmake/ament_cmake_export_include_directories-extras.cmake
[20.885s] -- Installing: /home/tparu001k/turtlebot3_ws/install/turtlebot3_fake_node/share/turtlebot3_fake_node/cmake/ament_cmake_export_dependencies-extras.cmake
[20.885s] -- Installing: /home/tparu001k/turtlebot3_ws/install/turtlebot3_fake_node/share/turtlebot3_fake_node/cmake/turtlebot3_fake_nodeConfig.cmake
[20.886s] -- Installing: /home/tparu001k/turtlebot3_ws/install/turtlebot3_fake_node/share/turtlebot3_fake_node/cmake/turtlebot3_fake_nodeConfig-version.cmake
[20.886s] -- Installing: /home/tparu001k/turtlebot3_ws/install/turtlebot3_fake_node/share/turtlebot3_fake_node/package.xml
[20.887s] Invoked command in '/home/tparu001k/turtlebot3_ws/build/turtlebot3_fake_node' returned '0': CMAKE_PREFIX_PATH=/home/tparu001k/turtlebot3_ws/install/turtlebot3_msgs:/home/tparu001k/turtlebot3_ws/install/turtlebot3:/home/tparu001k/turtlebot3_ws/install/turtlebot3_bringup:/home/tparu001k/turtlebot3_ws/install/turtlebot3_node:/home/tparu001k/turtlebot3_ws/install/turtlebot3_navigation2:/home/tparu001k/turtlebot3_ws/install/turtlebot3_description:/home/tparu001k/turtlebot3_ws/install/turtlebot3_cartographer:/home/tparu001k/turtlebot3_ws/install/dynamixel_sdk_examples:/home/tparu001k/turtlebot3_ws/install/dynamixel_sdk_custom_interfaces:/home/tparu001k/turtlebot3_ws/install/dynamixel_sdk:/home/tparu001k/turtlebot3_ws/install/turtlebot3_teleop:/home/tparu001k/turtlebot3_ws/install/turtlebot3_example:/home/tparu001k/metr4202_ws/install/m4202_py_pkg:/opt/ros/humble /usr/bin/cmake --install /home/tparu001k/turtlebot3_ws/build/turtlebot3_fake_node
