[0.054s] Invoking command in '/home/tparu001k/turtlebot3_ws/build/dynamixel_sdk': CMAKE_PREFIX_PATH=/home/tparu001k/metr4202_ws/install/m4202_py_pkg:/opt/ros/humble /usr/bin/cmake /home/tparu001k/turtlebot3_ws/src/DynamixelSDK/dynamixel_sdk -DAMENT_CMAKE_SYMLINK_INSTALL=1 -DCMAKE_INSTALL_PREFIX=/home/tparu001k/turtlebot3_ws/install/dynamixel_sdk
[0.518s] -- The C compiler identification is GNU 11.4.0
[1.038s] -- The CXX compiler identification is GNU 11.4.0
[1.524s] -- Detecting C compiler ABI info
[1.737s] -- Detecting C compiler ABI info - done
[1.752s] -- Check for working C compiler: /usr/bin/cc - skipped
[1.752s] -- Detecting C compile features
[1.753s] -- Detecting C compile features - done
[1.758s] -- Detecting CXX compiler ABI info
[1.959s] -- Detecting CXX compiler ABI info - done
[1.978s] -- Check for working CXX compiler: /usr/bin/c++ - skipped
[1.978s] -- Detecting CXX compile features
[1.978s] -- Detecting CXX compile features - done
[1.982s] -- Found ament_cmake: 1.3.9 (/opt/ros/humble/share/ament_cmake/cmake)
[2.250s] -- Found Python3: /usr/bin/python3 (found version "3.10.12") found components: Interpreter 
[2.369s] -- Override CMake install command with custom implementation using symlinks instead of copying resources
[2.561s] -- Configuring done
[2.569s] -- Generating done
[2.573s] -- Build files have been written to: /home/tparu001k/turtlebot3_ws/build/dynamixel_sdk
[2.618s] Invoked command in '/home/tparu001k/turtlebot3_ws/build/dynamixel_sdk' returned '0': CMAKE_PREFIX_PATH=/home/tparu001k/metr4202_ws/install/m4202_py_pkg:/opt/ros/humble /usr/bin/cmake /home/tparu001k/turtlebot3_ws/src/DynamixelSDK/dynamixel_sdk -DAMENT_CMAKE_SYMLINK_INSTALL=1 -DCMAKE_INSTALL_PREFIX=/home/tparu001k/turtlebot3_ws/install/dynamixel_sdk
[2.621s] Invoking command in '/home/tparu001k/turtlebot3_ws/build/dynamixel_sdk': CMAKE_PREFIX_PATH=/home/tparu001k/metr4202_ws/install/m4202_py_pkg:/opt/ros/humble /usr/bin/cmake --build /home/tparu001k/turtlebot3_ws/build/dynamixel_sdk -- -j8 -l8
[2.686s] [ 10%] [32mBuilding CXX object CMakeFiles/dynamixel_sdk.dir/src/dynamixel_sdk/protocol1_packet_handler.cpp.o[0m
[2.687s] [ 30%] [32mBuilding CXX object CMakeFiles/dynamixel_sdk.dir/src/dynamixel_sdk/packet_handler.cpp.o[0m
[2.687s] [ 30%] [32mBuilding CXX object CMakeFiles/dynamixel_sdk.dir/src/dynamixel_sdk/protocol2_packet_handler.cpp.o[0m
[2.696s] [ 40%] [32mBuilding CXX object CMakeFiles/dynamixel_sdk.dir/src/dynamixel_sdk/group_sync_write.cpp.o[0m
[2.698s] [ 50%] [32mBuilding CXX object CMakeFiles/dynamixel_sdk.dir/src/dynamixel_sdk/group_sync_read.cpp.o[0m
[2.699s] [ 60%] [32mBuilding CXX object CMakeFiles/dynamixel_sdk.dir/src/dynamixel_sdk/group_bulk_write.cpp.o[0m
[2.710s] [ 70%] [32mBuilding CXX object CMakeFiles/dynamixel_sdk.dir/src/dynamixel_sdk/group_bulk_read.cpp.o[0m
[2.721s] [ 80%] [32mBuilding CXX object CMakeFiles/dynamixel_sdk.dir/src/dynamixel_sdk/port_handler.cpp.o[0m
[2.833s] [ 90%] [32mBuilding CXX object CMakeFiles/dynamixel_sdk.dir/src/dynamixel_sdk/port_handler_linux.cpp.o[0m
[3.915s] [100%] [32m[1mLinking CXX shared library libdynamixel_sdk.so[0m
[4.142s] [100%] Built target dynamixel_sdk
[4.153s] Invoked command in '/home/tparu001k/turtlebot3_ws/build/dynamixel_sdk' returned '0': CMAKE_PREFIX_PATH=/home/tparu001k/metr4202_ws/install/m4202_py_pkg:/opt/ros/humble /usr/bin/cmake --build /home/tparu001k/turtlebot3_ws/build/dynamixel_sdk -- -j8 -l8
[4.199s] Invoking command in '/home/tparu001k/turtlebot3_ws/build/dynamixel_sdk': CMAKE_PREFIX_PATH=/home/tparu001k/metr4202_ws/install/m4202_py_pkg:/opt/ros/humble /usr/bin/cmake --install /home/tparu001k/turtlebot3_ws/build/dynamixel_sdk
[4.208s] -- Install configuration: ""
[4.209s] -- Execute custom install script
[4.209s] -- Symlinking: /home/tparu001k/turtlebot3_ws/install/dynamixel_sdk/include//dynamixel_sdk/dynamixel_sdk.h
[4.222s] -- Symlinking: /home/tparu001k/turtlebot3_ws/install/dynamixel_sdk/include//dynamixel_sdk/group_bulk_read.h
[4.231s] -- Symlinking: /home/tparu001k/turtlebot3_ws/install/dynamixel_sdk/include//dynamixel_sdk/group_bulk_write.h
[4.239s] -- Symlinking: /home/tparu001k/turtlebot3_ws/install/dynamixel_sdk/include//dynamixel_sdk/group_sync_read.h
[4.249s] -- Symlinking: /home/tparu001k/turtlebot3_ws/install/dynamixel_sdk/include//dynamixel_sdk/group_sync_write.h
[4.259s] -- Symlinking: /home/tparu001k/turtlebot3_ws/install/dynamixel_sdk/include//dynamixel_sdk/packet_handler.h
[4.267s] -- Symlinking: /home/tparu001k/turtlebot3_ws/install/dynamixel_sdk/include//dynamixel_sdk/port_handler.h
[4.276s] -- Symlinking: /home/tparu001k/turtlebot3_ws/install/dynamixel_sdk/include//dynamixel_sdk/port_handler_arduino.h
[4.286s] -- Symlinking: /home/tparu001k/turtlebot3_ws/install/dynamixel_sdk/include//dynamixel_sdk/port_handler_linux.h
[4.294s] -- Symlinking: /home/tparu001k/turtlebot3_ws/install/dynamixel_sdk/include//dynamixel_sdk/port_handler_mac.h
[4.301s] -- Symlinking: /home/tparu001k/turtlebot3_ws/install/dynamixel_sdk/include//dynamixel_sdk/port_handler_windows.h
[4.312s] -- Symlinking: /home/tparu001k/turtlebot3_ws/install/dynamixel_sdk/include//dynamixel_sdk/protocol1_packet_handler.h
[4.321s] -- Symlinking: /home/tparu001k/turtlebot3_ws/install/dynamixel_sdk/include//dynamixel_sdk/protocol2_packet_handler.h
[4.332s] -- Symlinking: /home/tparu001k/turtlebot3_ws/install/dynamixel_sdk/lib/libdynamixel_sdk.so
[4.343s] -- Symlinking: /home/tparu001k/turtlebot3_ws/install/dynamixel_sdk/share/dynamixel_sdk/environment/library_path.sh
[4.358s] -- Symlinking: /home/tparu001k/turtlebot3_ws/install/dynamixel_sdk/share/dynamixel_sdk/environment/library_path.dsv
[4.369s] -- Symlinking: /home/tparu001k/turtlebot3_ws/install/dynamixel_sdk/share/ament_index/resource_index/package_run_dependencies/dynamixel_sdk
[4.379s] -- Symlinking: /home/tparu001k/turtlebot3_ws/install/dynamixel_sdk/share/ament_index/resource_index/parent_prefix_path/dynamixel_sdk
[4.387s] -- Symlinking: /home/tparu001k/turtlebot3_ws/install/dynamixel_sdk/share/dynamixel_sdk/environment/ament_prefix_path.sh
[4.397s] -- Symlinking: /home/tparu001k/turtlebot3_ws/install/dynamixel_sdk/share/dynamixel_sdk/environment/ament_prefix_path.dsv
[4.405s] -- Symlinking: /home/tparu001k/turtlebot3_ws/install/dynamixel_sdk/share/dynamixel_sdk/environment/path.sh
[4.415s] -- Symlinking: /home/tparu001k/turtlebot3_ws/install/dynamixel_sdk/share/dynamixel_sdk/environment/path.dsv
[4.423s] -- Symlinking: /home/tparu001k/turtlebot3_ws/install/dynamixel_sdk/share/dynamixel_sdk/local_setup.bash
[4.436s] -- Symlinking: /home/tparu001k/turtlebot3_ws/install/dynamixel_sdk/share/dynamixel_sdk/local_setup.sh
[4.446s] -- Symlinking: /home/tparu001k/turtlebot3_ws/install/dynamixel_sdk/share/dynamixel_sdk/local_setup.zsh
[4.457s] -- Symlinking: /home/tparu001k/turtlebot3_ws/install/dynamixel_sdk/share/dynamixel_sdk/local_setup.dsv
[4.469s] -- Symlinking: /home/tparu001k/turtlebot3_ws/install/dynamixel_sdk/share/dynamixel_sdk/package.dsv
[4.481s] -- Symlinking: /home/tparu001k/turtlebot3_ws/install/dynamixel_sdk/share/ament_index/resource_index/packages/dynamixel_sdk
[4.490s] -- Symlinking: /home/tparu001k/turtlebot3_ws/install/dynamixel_sdk/share/dynamixel_sdk/cmake/ament_cmake_export_include_directories-extras.cmake
[4.500s] -- Symlinking: /home/tparu001k/turtlebot3_ws/install/dynamixel_sdk/share/dynamixel_sdk/cmake/ament_cmake_export_libraries-extras.cmake
[4.509s] -- Symlinking: /home/tparu001k/turtlebot3_ws/install/dynamixel_sdk/share/dynamixel_sdk/cmake/dynamixel_sdkConfig.cmake
[4.517s] -- Symlinking: /home/tparu001k/turtlebot3_ws/install/dynamixel_sdk/share/dynamixel_sdk/cmake/dynamixel_sdkConfig-version.cmake
[4.526s] -- Symlinking: /home/tparu001k/turtlebot3_ws/install/dynamixel_sdk/share/dynamixel_sdk/package.xml
[4.537s] Invoked command in '/home/tparu001k/turtlebot3_ws/build/dynamixel_sdk' returned '0': CMAKE_PREFIX_PATH=/home/tparu001k/metr4202_ws/install/m4202_py_pkg:/opt/ros/humble /usr/bin/cmake --install /home/tparu001k/turtlebot3_ws/build/dynamixel_sdk
