[0.056s] Invoking command in '/home/tparu001k/turtlebot3_ws/build/dynamixel_sdk': CMAKE_PREFIX_PATH=${CMAKE_PREFIX_PATH}:/home/tparu001k/turtlebot3_ws/install/turtlebot3_teleop:/home/tparu001k/turtlebot3_ws/install/turtlebot3_example:/home/tparu001k/metr4202_ws/install/m4202_py_pkg:/opt/ros/humble /usr/bin/cmake /home/tparu001k/turtlebot3_ws/src/DynamixelSDK/dynamixel_sdk -DCMAKE_INSTALL_PREFIX=/home/tparu001k/turtlebot3_ws/install/dynamixel_sdk
[0.572s] -- Found ament_cmake: 1.3.9 (/opt/ros/humble/share/ament_cmake/cmake)
[0.573s] -- Override CMake install command with custom implementation using symlinks instead of copying resources
[0.573s] -- Configuring done
[0.573s] -- Generating done
[0.574s] -- Build files have been written to: /home/tparu001k/turtlebot3_ws/build/dynamixel_sdk
[0.589s] Invoked command in '/home/tparu001k/turtlebot3_ws/build/dynamixel_sdk' returned '0': CMAKE_PREFIX_PATH=${CMAKE_PREFIX_PATH}:/home/tparu001k/turtlebot3_ws/install/turtlebot3_teleop:/home/tparu001k/turtlebot3_ws/install/turtlebot3_example:/home/tparu001k/metr4202_ws/install/m4202_py_pkg:/opt/ros/humble /usr/bin/cmake /home/tparu001k/turtlebot3_ws/src/DynamixelSDK/dynamixel_sdk -DCMAKE_INSTALL_PREFIX=/home/tparu001k/turtlebot3_ws/install/dynamixel_sdk
[0.592s] Invoking command in '/home/tparu001k/turtlebot3_ws/build/dynamixel_sdk': CMAKE_PREFIX_PATH=${CMAKE_PREFIX_PATH}:/home/tparu001k/turtlebot3_ws/install/turtlebot3_teleop:/home/tparu001k/turtlebot3_ws/install/turtlebot3_example:/home/tparu001k/metr4202_ws/install/m4202_py_pkg:/opt/ros/humble /usr/bin/cmake --build /home/tparu001k/turtlebot3_ws/build/dynamixel_sdk -- -j8 -l8
[0.645s] [35m[1mConsolidate compiler generated dependencies of target dynamixel_sdk[0m
[0.664s] [100%] Built target dynamixel_sdk
[0.682s] Invoked command in '/home/tparu001k/turtlebot3_ws/build/dynamixel_sdk' returned '0': CMAKE_PREFIX_PATH=${CMAKE_PREFIX_PATH}:/home/tparu001k/turtlebot3_ws/install/turtlebot3_teleop:/home/tparu001k/turtlebot3_ws/install/turtlebot3_example:/home/tparu001k/metr4202_ws/install/m4202_py_pkg:/opt/ros/humble /usr/bin/cmake --build /home/tparu001k/turtlebot3_ws/build/dynamixel_sdk -- -j8 -l8
[0.754s] Invoking command in '/home/tparu001k/turtlebot3_ws/build/dynamixel_sdk': CMAKE_PREFIX_PATH=${CMAKE_PREFIX_PATH}:/home/tparu001k/turtlebot3_ws/install/turtlebot3_teleop:/home/tparu001k/turtlebot3_ws/install/turtlebot3_example:/home/tparu001k/metr4202_ws/install/m4202_py_pkg:/opt/ros/humble /usr/bin/cmake --install /home/tparu001k/turtlebot3_ws/build/dynamixel_sdk
[0.764s] -- Install configuration: ""
[0.764s] -- Execute custom install script
[0.765s] -- Up-to-date symlink: /home/tparu001k/turtlebot3_ws/install/dynamixel_sdk/include//dynamixel_sdk/dynamixel_sdk.h
[0.766s] -- Up-to-date symlink: /home/tparu001k/turtlebot3_ws/install/dynamixel_sdk/include//dynamixel_sdk/group_bulk_read.h
[0.767s] -- Up-to-date symlink: /home/tparu001k/turtlebot3_ws/install/dynamixel_sdk/include//dynamixel_sdk/group_bulk_write.h
[0.768s] -- Up-to-date symlink: /home/tparu001k/turtlebot3_ws/install/dynamixel_sdk/include//dynamixel_sdk/group_sync_read.h
[0.768s] -- Up-to-date symlink: /home/tparu001k/turtlebot3_ws/install/dynamixel_sdk/include//dynamixel_sdk/group_sync_write.h
[0.769s] -- Up-to-date symlink: /home/tparu001k/turtlebot3_ws/install/dynamixel_sdk/include//dynamixel_sdk/packet_handler.h
[0.770s] -- Up-to-date symlink: /home/tparu001k/turtlebot3_ws/install/dynamixel_sdk/include//dynamixel_sdk/port_handler.h
[0.771s] -- Up-to-date symlink: /home/tparu001k/turtlebot3_ws/install/dynamixel_sdk/include//dynamixel_sdk/port_handler_arduino.h
[0.773s] -- Up-to-date symlink: /home/tparu001k/turtlebot3_ws/install/dynamixel_sdk/include//dynamixel_sdk/port_handler_linux.h
[0.773s] -- Up-to-date symlink: /home/tparu001k/turtlebot3_ws/install/dynamixel_sdk/include//dynamixel_sdk/port_handler_mac.h
[0.774s] -- Up-to-date symlink: /home/tparu001k/turtlebot3_ws/install/dynamixel_sdk/include//dynamixel_sdk/port_handler_windows.h
[0.774s] -- Up-to-date symlink: /home/tparu001k/turtlebot3_ws/install/dynamixel_sdk/include//dynamixel_sdk/protocol1_packet_handler.h
[0.774s] -- Up-to-date symlink: /home/tparu001k/turtlebot3_ws/install/dynamixel_sdk/include//dynamixel_sdk/protocol2_packet_handler.h
[0.775s] -- Up-to-date symlink: /home/tparu001k/turtlebot3_ws/install/dynamixel_sdk/lib/libdynamixel_sdk.so
[0.776s] -- Up-to-date symlink: /home/tparu001k/turtlebot3_ws/install/dynamixel_sdk/share/dynamixel_sdk/environment/library_path.sh
[0.776s] -- Up-to-date symlink: /home/tparu001k/turtlebot3_ws/install/dynamixel_sdk/share/dynamixel_sdk/environment/library_path.dsv
[0.776s] -- Up-to-date symlink: /home/tparu001k/turtlebot3_ws/install/dynamixel_sdk/share/ament_index/resource_index/package_run_dependencies/dynamixel_sdk
[0.777s] -- Up-to-date symlink: /home/tparu001k/turtlebot3_ws/install/dynamixel_sdk/share/ament_index/resource_index/parent_prefix_path/dynamixel_sdk
[0.777s] -- Up-to-date symlink: /home/tparu001k/turtlebot3_ws/install/dynamixel_sdk/share/dynamixel_sdk/environment/ament_prefix_path.sh
[0.778s] -- Up-to-date symlink: /home/tparu001k/turtlebot3_ws/install/dynamixel_sdk/share/dynamixel_sdk/environment/ament_prefix_path.dsv
[0.778s] -- Up-to-date symlink: /home/tparu001k/turtlebot3_ws/install/dynamixel_sdk/share/dynamixel_sdk/environment/path.sh
[0.778s] -- Up-to-date symlink: /home/tparu001k/turtlebot3_ws/install/dynamixel_sdk/share/dynamixel_sdk/environment/path.dsv
[0.779s] -- Up-to-date symlink: /home/tparu001k/turtlebot3_ws/install/dynamixel_sdk/share/dynamixel_sdk/local_setup.bash
[0.780s] -- Up-to-date symlink: /home/tparu001k/turtlebot3_ws/install/dynamixel_sdk/share/dynamixel_sdk/local_setup.sh
[0.780s] -- Up-to-date symlink: /home/tparu001k/turtlebot3_ws/install/dynamixel_sdk/share/dynamixel_sdk/local_setup.zsh
[0.780s] -- Up-to-date symlink: /home/tparu001k/turtlebot3_ws/install/dynamixel_sdk/share/dynamixel_sdk/local_setup.dsv
[0.780s] -- Symlinking: /home/tparu001k/turtlebot3_ws/install/dynamixel_sdk/share/dynamixel_sdk/package.dsv
[0.795s] -- Up-to-date symlink: /home/tparu001k/turtlebot3_ws/install/dynamixel_sdk/share/ament_index/resource_index/packages/dynamixel_sdk
[0.795s] -- Up-to-date symlink: /home/tparu001k/turtlebot3_ws/install/dynamixel_sdk/share/dynamixel_sdk/cmake/ament_cmake_export_include_directories-extras.cmake
[0.795s] -- Up-to-date symlink: /home/tparu001k/turtlebot3_ws/install/dynamixel_sdk/share/dynamixel_sdk/cmake/ament_cmake_export_libraries-extras.cmake
[0.796s] -- Up-to-date symlink: /home/tparu001k/turtlebot3_ws/install/dynamixel_sdk/share/dynamixel_sdk/cmake/dynamixel_sdkConfig.cmake
[0.796s] -- Up-to-date symlink: /home/tparu001k/turtlebot3_ws/install/dynamixel_sdk/share/dynamixel_sdk/cmake/dynamixel_sdkConfig-version.cmake
[0.796s] -- Up-to-date symlink: /home/tparu001k/turtlebot3_ws/install/dynamixel_sdk/share/dynamixel_sdk/package.xml
[0.809s] Invoked command in '/home/tparu001k/turtlebot3_ws/build/dynamixel_sdk' returned '0': CMAKE_PREFIX_PATH=${CMAKE_PREFIX_PATH}:/home/tparu001k/turtlebot3_ws/install/turtlebot3_teleop:/home/tparu001k/turtlebot3_ws/install/turtlebot3_example:/home/tparu001k/metr4202_ws/install/m4202_py_pkg:/opt/ros/humble /usr/bin/cmake --install /home/tparu001k/turtlebot3_ws/build/dynamixel_sdk
