[0.377s] Invoking command in '/home/tparu001k/turtlebot3_ws/src/build/turtlebot3_node': AMENT_PREFIX_PATH=/home/tparu001k/turtlebot3_ws/src/install/turtlebot3_msgs:/home/tparu001k/turtlebot3_ws/src/install/dynamixel_sdk:${AMENT_PREFIX_PATH} CMAKE_PREFIX_PATH=/home/tparu001k/turtlebot3_ws/src/install/turtlebot3_msgs:/home/tparu001k/turtlebot3_ws/src/install/dynamixel_sdk:/home/tparu001k/turtlebot3_ws/install/turtlebot3:/home/tparu001k/turtlebot3_ws/install/turtlebot3_bringup:/home/tparu001k/turtlebot3_ws/install/turtlebot3_node:/home/tparu001k/turtlebot3_ws/install/turtlebot3_navigation2:/home/tparu001k/turtlebot3_ws/install/turtlebot3_msgs:/home/tparu001k/turtlebot3_ws/install/turtlebot3_description:/home/tparu001k/turtlebot3_ws/install/turtlebot3_cartographer:/home/tparu001k/turtlebot3_ws/install/dynamixel_sdk_examples:/home/tparu001k/turtlebot3_ws/install/dynamixel_sdk_custom_interfaces:/home/tparu001k/turtlebot3_ws/install/dynamixel_sdk:/home/tparu001k/turtlebot3_ws/install/turtlebot3_teleop:/home/tparu001k/turtlebot3_ws/install/turtlebot3_example:/home/tparu001k/metr4202_ws/install/m4202_py_pkg:/opt/ros/humble LD_LIBRARY_PATH=/home/tparu001k/turtlebot3_ws/src/install/turtlebot3_msgs/lib:/home/tparu001k/turtlebot3_ws/src/install/dynamixel_sdk/lib:${LD_LIBRARY_PATH} PYTHONPATH=/home/tparu001k/turtlebot3_ws/src/install/turtlebot3_msgs/local/lib/python3.10/dist-packages:${PYTHONPATH} /usr/bin/cmake /home/tparu001k/turtlebot3_ws/src/turtlebot3/turtlebot3_node -DCMAKE_INSTALL_PREFIX=/home/tparu001k/turtlebot3_ws/src/install/turtlebot3_node
[0.387s] -- Found ament_cmake: 1.3.9 (/opt/ros/humble/share/ament_cmake/cmake)
[0.541s] -- Override CMake install command with custom implementation using symlinks instead of copying resources
[0.546s] -- Found dynamixel_sdk: 3.7.60 (/home/tparu001k/turtlebot3_ws/src/install/dynamixel_sdk/share/dynamixel_sdk/cmake)
[0.548s] -- Found geometry_msgs: 4.2.4 (/opt/ros/humble/share/geometry_msgs/cmake)
[0.693s] -- Found rosidl_generator_c: 3.1.5 (/opt/ros/humble/share/rosidl_generator_c/cmake)
[0.696s] -- Found rosidl_adapter: 3.1.5 (/opt/ros/humble/share/rosidl_adapter/cmake)
[0.703s] -- Found rosidl_generator_cpp: 3.1.5 (/opt/ros/humble/share/rosidl_generator_cpp/cmake)
[0.715s] -- Using all available rosidl_typesupport_c: rosidl_typesupport_fastrtps_c;rosidl_typesupport_introspection_c
[0.738s] -- Using all available rosidl_typesupport_cpp: rosidl_typesupport_fastrtps_cpp;rosidl_typesupport_introspection_cpp
[0.876s] -- Found message_filters: 4.3.4 (/opt/ros/humble/share/message_filters/cmake)
[0.939s] -- Found rmw_implementation_cmake: 6.1.2 (/opt/ros/humble/share/rmw_implementation_cmake/cmake)
[0.942s] -- Found rmw_fastrtps_cpp: 6.2.6 (/opt/ros/humble/share/rmw_fastrtps_cpp/cmake)
[6.456s] -- Using RMW implementation 'rmw_fastrtps_cpp' as default
[6.716s] -- Found nav_msgs: 4.2.4 (/opt/ros/humble/share/nav_msgs/cmake)
[6.888s] -- Found sensor_msgs: 4.2.4 (/opt/ros/humble/share/sensor_msgs/cmake)
[7.026s] -- Found std_srvs: 4.2.4 (/opt/ros/humble/share/std_srvs/cmake)
[7.062s] -- Found tf2: 0.25.7 (/opt/ros/humble/share/tf2/cmake)
[7.075s] -- Found tf2_ros: 0.25.7 (/opt/ros/humble/share/tf2_ros/cmake)
[7.627s] -- Found turtlebot3_msgs: 2.2.3 (/home/tparu001k/turtlebot3_ws/src/install/turtlebot3_msgs/share/turtlebot3_msgs/cmake)
[7.857s] -- Configuring done
[7.876s] -- Generating done
[7.879s] -- Build files have been written to: /home/tparu001k/turtlebot3_ws/src/build/turtlebot3_node
[7.891s] Invoked command in '/home/tparu001k/turtlebot3_ws/src/build/turtlebot3_node' returned '0': AMENT_PREFIX_PATH=/home/tparu001k/turtlebot3_ws/src/install/turtlebot3_msgs:/home/tparu001k/turtlebot3_ws/src/install/dynamixel_sdk:${AMENT_PREFIX_PATH} CMAKE_PREFIX_PATH=/home/tparu001k/turtlebot3_ws/src/install/turtlebot3_msgs:/home/tparu001k/turtlebot3_ws/src/install/dynamixel_sdk:/home/tparu001k/turtlebot3_ws/install/turtlebot3:/home/tparu001k/turtlebot3_ws/install/turtlebot3_bringup:/home/tparu001k/turtlebot3_ws/install/turtlebot3_node:/home/tparu001k/turtlebot3_ws/install/turtlebot3_navigation2:/home/tparu001k/turtlebot3_ws/install/turtlebot3_msgs:/home/tparu001k/turtlebot3_ws/install/turtlebot3_description:/home/tparu001k/turtlebot3_ws/install/turtlebot3_cartographer:/home/tparu001k/turtlebot3_ws/install/dynamixel_sdk_examples:/home/tparu001k/turtlebot3_ws/install/dynamixel_sdk_custom_interfaces:/home/tparu001k/turtlebot3_ws/install/dynamixel_sdk:/home/tparu001k/turtlebot3_ws/install/turtlebot3_teleop:/home/tparu001k/turtlebot3_ws/install/turtlebot3_example:/home/tparu001k/metr4202_ws/install/m4202_py_pkg:/opt/ros/humble LD_LIBRARY_PATH=/home/tparu001k/turtlebot3_ws/src/install/turtlebot3_msgs/lib:/home/tparu001k/turtlebot3_ws/src/install/dynamixel_sdk/lib:${LD_LIBRARY_PATH} PYTHONPATH=/home/tparu001k/turtlebot3_ws/src/install/turtlebot3_msgs/local/lib/python3.10/dist-packages:${PYTHONPATH} /usr/bin/cmake /home/tparu001k/turtlebot3_ws/src/turtlebot3/turtlebot3_node -DCMAKE_INSTALL_PREFIX=/home/tparu001k/turtlebot3_ws/src/install/turtlebot3_node
[7.893s] Invoking command in '/home/tparu001k/turtlebot3_ws/src/build/turtlebot3_node': AMENT_PREFIX_PATH=/home/tparu001k/turtlebot3_ws/src/install/turtlebot3_msgs:/home/tparu001k/turtlebot3_ws/src/install/dynamixel_sdk:${AMENT_PREFIX_PATH} CMAKE_PREFIX_PATH=/home/tparu001k/turtlebot3_ws/src/install/turtlebot3_msgs:/home/tparu001k/turtlebot3_ws/src/install/dynamixel_sdk:/home/tparu001k/turtlebot3_ws/install/turtlebot3:/home/tparu001k/turtlebot3_ws/install/turtlebot3_bringup:/home/tparu001k/turtlebot3_ws/install/turtlebot3_node:/home/tparu001k/turtlebot3_ws/install/turtlebot3_navigation2:/home/tparu001k/turtlebot3_ws/install/turtlebot3_msgs:/home/tparu001k/turtlebot3_ws/install/turtlebot3_description:/home/tparu001k/turtlebot3_ws/install/turtlebot3_cartographer:/home/tparu001k/turtlebot3_ws/install/dynamixel_sdk_examples:/home/tparu001k/turtlebot3_ws/install/dynamixel_sdk_custom_interfaces:/home/tparu001k/turtlebot3_ws/install/dynamixel_sdk:/home/tparu001k/turtlebot3_ws/install/turtlebot3_teleop:/home/tparu001k/turtlebot3_ws/install/turtlebot3_example:/home/tparu001k/metr4202_ws/install/m4202_py_pkg:/opt/ros/humble LD_LIBRARY_PATH=/home/tparu001k/turtlebot3_ws/src/install/turtlebot3_msgs/lib:/home/tparu001k/turtlebot3_ws/src/install/dynamixel_sdk/lib:${LD_LIBRARY_PATH} PYTHONPATH=/home/tparu001k/turtlebot3_ws/src/install/turtlebot3_msgs/local/lib/python3.10/dist-packages:${PYTHONPATH} /usr/bin/cmake --build /home/tparu001k/turtlebot3_ws/src/build/turtlebot3_node -- -j8 -l8
[7.936s] [35m[1mConsolidate compiler generated dependencies of target turtlebot3_node_lib[0m
[7.970s] [ 85%] Built target turtlebot3_node_lib
[7.981s] [35m[1mConsolidate compiler generated dependencies of target turtlebot3_ros[0m
[8.000s] [100%] Built target turtlebot3_ros
[8.012s] Invoked command in '/home/tparu001k/turtlebot3_ws/src/build/turtlebot3_node' returned '0': AMENT_PREFIX_PATH=/home/tparu001k/turtlebot3_ws/src/install/turtlebot3_msgs:/home/tparu001k/turtlebot3_ws/src/install/dynamixel_sdk:${AMENT_PREFIX_PATH} CMAKE_PREFIX_PATH=/home/tparu001k/turtlebot3_ws/src/install/turtlebot3_msgs:/home/tparu001k/turtlebot3_ws/src/install/dynamixel_sdk:/home/tparu001k/turtlebot3_ws/install/turtlebot3:/home/tparu001k/turtlebot3_ws/install/turtlebot3_bringup:/home/tparu001k/turtlebot3_ws/install/turtlebot3_node:/home/tparu001k/turtlebot3_ws/install/turtlebot3_navigation2:/home/tparu001k/turtlebot3_ws/install/turtlebot3_msgs:/home/tparu001k/turtlebot3_ws/install/turtlebot3_description:/home/tparu001k/turtlebot3_ws/install/turtlebot3_cartographer:/home/tparu001k/turtlebot3_ws/install/dynamixel_sdk_examples:/home/tparu001k/turtlebot3_ws/install/dynamixel_sdk_custom_interfaces:/home/tparu001k/turtlebot3_ws/install/dynamixel_sdk:/home/tparu001k/turtlebot3_ws/install/turtlebot3_teleop:/home/tparu001k/turtlebot3_ws/install/turtlebot3_example:/home/tparu001k/metr4202_ws/install/m4202_py_pkg:/opt/ros/humble LD_LIBRARY_PATH=/home/tparu001k/turtlebot3_ws/src/install/turtlebot3_msgs/lib:/home/tparu001k/turtlebot3_ws/src/install/dynamixel_sdk/lib:${LD_LIBRARY_PATH} PYTHONPATH=/home/tparu001k/turtlebot3_ws/src/install/turtlebot3_msgs/local/lib/python3.10/dist-packages:${PYTHONPATH} /usr/bin/cmake --build /home/tparu001k/turtlebot3_ws/src/build/turtlebot3_node -- -j8 -l8
[8.060s] Invoking command in '/home/tparu001k/turtlebot3_ws/src/build/turtlebot3_node': AMENT_PREFIX_PATH=/home/tparu001k/turtlebot3_ws/src/install/turtlebot3_msgs:/home/tparu001k/turtlebot3_ws/src/install/dynamixel_sdk:${AMENT_PREFIX_PATH} CMAKE_PREFIX_PATH=/home/tparu001k/turtlebot3_ws/src/install/turtlebot3_msgs:/home/tparu001k/turtlebot3_ws/src/install/dynamixel_sdk:/home/tparu001k/turtlebot3_ws/install/turtlebot3:/home/tparu001k/turtlebot3_ws/install/turtlebot3_bringup:/home/tparu001k/turtlebot3_ws/install/turtlebot3_node:/home/tparu001k/turtlebot3_ws/install/turtlebot3_navigation2:/home/tparu001k/turtlebot3_ws/install/turtlebot3_msgs:/home/tparu001k/turtlebot3_ws/install/turtlebot3_description:/home/tparu001k/turtlebot3_ws/install/turtlebot3_cartographer:/home/tparu001k/turtlebot3_ws/install/dynamixel_sdk_examples:/home/tparu001k/turtlebot3_ws/install/dynamixel_sdk_custom_interfaces:/home/tparu001k/turtlebot3_ws/install/dynamixel_sdk:/home/tparu001k/turtlebot3_ws/install/turtlebot3_teleop:/home/tparu001k/turtlebot3_ws/install/turtlebot3_example:/home/tparu001k/metr4202_ws/install/m4202_py_pkg:/opt/ros/humble LD_LIBRARY_PATH=/home/tparu001k/turtlebot3_ws/src/install/turtlebot3_msgs/lib:/home/tparu001k/turtlebot3_ws/src/install/dynamixel_sdk/lib:${LD_LIBRARY_PATH} PYTHONPATH=/home/tparu001k/turtlebot3_ws/src/install/turtlebot3_msgs/local/lib/python3.10/dist-packages:${PYTHONPATH} /usr/bin/cmake --install /home/tparu001k/turtlebot3_ws/src/build/turtlebot3_node
[8.066s] -- Install configuration: ""
[8.067s] -- Execute custom install script
[8.067s] -- Up-to-date symlink: /home/tparu001k/turtlebot3_ws/src/install/turtlebot3_node/share/turtlebot3_node/param/burger.yaml
[8.068s] -- Up-to-date symlink: /home/tparu001k/turtlebot3_ws/src/install/turtlebot3_node/share/turtlebot3_node/param/waffle.yaml
[8.068s] -- Up-to-date symlink: /home/tparu001k/turtlebot3_ws/src/install/turtlebot3_node/share/turtlebot3_node/param/waffle_pi.yaml
[8.068s] -- Up-to-date symlink: /home/tparu001k/turtlebot3_ws/src/install/turtlebot3_node/lib/turtlebot3_node/turtlebot3_ros
[8.068s] -- Up-to-date symlink: /home/tparu001k/turtlebot3_ws/src/install/turtlebot3_node/share/ament_index/resource_index/package_run_dependencies/turtlebot3_node
[8.068s] -- Up-to-date symlink: /home/tparu001k/turtlebot3_ws/src/install/turtlebot3_node/share/ament_index/resource_index/parent_prefix_path/turtlebot3_node
[8.068s] -- Up-to-date symlink: /home/tparu001k/turtlebot3_ws/src/install/turtlebot3_node/share/turtlebot3_node/environment/ament_prefix_path.sh
[8.069s] -- Up-to-date symlink: /home/tparu001k/turtlebot3_ws/src/install/turtlebot3_node/share/turtlebot3_node/environment/ament_prefix_path.dsv
[8.069s] -- Up-to-date symlink: /home/tparu001k/turtlebot3_ws/src/install/turtlebot3_node/share/turtlebot3_node/environment/path.sh
[8.069s] -- Up-to-date symlink: /home/tparu001k/turtlebot3_ws/src/install/turtlebot3_node/share/turtlebot3_node/environment/path.dsv
[8.070s] -- Up-to-date symlink: /home/tparu001k/turtlebot3_ws/src/install/turtlebot3_node/share/turtlebot3_node/local_setup.bash
[8.070s] -- Up-to-date symlink: /home/tparu001k/turtlebot3_ws/src/install/turtlebot3_node/share/turtlebot3_node/local_setup.sh
[8.070s] -- Up-to-date symlink: /home/tparu001k/turtlebot3_ws/src/install/turtlebot3_node/share/turtlebot3_node/local_setup.zsh
[8.070s] -- Up-to-date symlink: /home/tparu001k/turtlebot3_ws/src/install/turtlebot3_node/share/turtlebot3_node/local_setup.dsv
[8.070s] -- Symlinking: /home/tparu001k/turtlebot3_ws/src/install/turtlebot3_node/share/turtlebot3_node/package.dsv
[8.079s] -- Up-to-date symlink: /home/tparu001k/turtlebot3_ws/src/install/turtlebot3_node/share/ament_index/resource_index/packages/turtlebot3_node
[8.079s] -- Up-to-date symlink: /home/tparu001k/turtlebot3_ws/src/install/turtlebot3_node/share/turtlebot3_node/cmake/ament_cmake_export_include_directories-extras.cmake
[8.080s] -- Up-to-date symlink: /home/tparu001k/turtlebot3_ws/src/install/turtlebot3_node/share/turtlebot3_node/cmake/turtlebot3_nodeConfig.cmake
[8.080s] -- Up-to-date symlink: /home/tparu001k/turtlebot3_ws/src/install/turtlebot3_node/share/turtlebot3_node/cmake/turtlebot3_nodeConfig-version.cmake
[8.080s] -- Up-to-date symlink: /home/tparu001k/turtlebot3_ws/src/install/turtlebot3_node/share/turtlebot3_node/package.xml
[8.082s] Invoked command in '/home/tparu001k/turtlebot3_ws/src/build/turtlebot3_node' returned '0': AMENT_PREFIX_PATH=/home/tparu001k/turtlebot3_ws/src/install/turtlebot3_msgs:/home/tparu001k/turtlebot3_ws/src/install/dynamixel_sdk:${AMENT_PREFIX_PATH} CMAKE_PREFIX_PATH=/home/tparu001k/turtlebot3_ws/src/install/turtlebot3_msgs:/home/tparu001k/turtlebot3_ws/src/install/dynamixel_sdk:/home/tparu001k/turtlebot3_ws/install/turtlebot3:/home/tparu001k/turtlebot3_ws/install/turtlebot3_bringup:/home/tparu001k/turtlebot3_ws/install/turtlebot3_node:/home/tparu001k/turtlebot3_ws/install/turtlebot3_navigation2:/home/tparu001k/turtlebot3_ws/install/turtlebot3_msgs:/home/tparu001k/turtlebot3_ws/install/turtlebot3_description:/home/tparu001k/turtlebot3_ws/install/turtlebot3_cartographer:/home/tparu001k/turtlebot3_ws/install/dynamixel_sdk_examples:/home/tparu001k/turtlebot3_ws/install/dynamixel_sdk_custom_interfaces:/home/tparu001k/turtlebot3_ws/install/dynamixel_sdk:/home/tparu001k/turtlebot3_ws/install/turtlebot3_teleop:/home/tparu001k/turtlebot3_ws/install/turtlebot3_example:/home/tparu001k/metr4202_ws/install/m4202_py_pkg:/opt/ros/humble LD_LIBRARY_PATH=/home/tparu001k/turtlebot3_ws/src/install/turtlebot3_msgs/lib:/home/tparu001k/turtlebot3_ws/src/install/dynamixel_sdk/lib:${LD_LIBRARY_PATH} PYTHONPATH=/home/tparu001k/turtlebot3_ws/src/install/turtlebot3_msgs/local/lib/python3.10/dist-packages:${PYTHONPATH} /usr/bin/cmake --install /home/tparu001k/turtlebot3_ws/src/build/turtlebot3_node
