[0.045s] Invoking command in '/home/tparu001k/turtlebot3_ws/build/turtlebot3_description': CMAKE_PREFIX_PATH=/home/tparu001k/metr4202_ws/install/m4202_py_pkg:/opt/ros/humble /usr/bin/cmake /home/tparu001k/turtlebot3_ws/src/turtlebot3/turtlebot3_description -DAMENT_CMAKE_SYMLINK_INSTALL=1 -DCMAKE_INSTALL_PREFIX=/home/tparu001k/turtlebot3_ws/install/turtlebot3_description
[0.501s] -- The C compiler identification is GNU 11.4.0
[1.106s] -- The CXX compiler identification is GNU 11.4.0
[1.584s] -- Detecting C compiler ABI info
[1.817s] -- Detecting C compiler ABI info - done
[1.829s] -- Check for working C compiler: /usr/bin/cc - skipped
[1.829s] -- Detecting C compile features
[1.830s] -- Detecting C compile features - done
[1.834s] -- Detecting CXX compiler ABI info
[2.070s] -- Detecting CXX compiler ABI info - done
[2.078s] -- Check for working CXX compiler: /usr/bin/c++ - skipped
[2.078s] -- Detecting CXX compile features
[2.079s] -- Detecting CXX compile features - done
[2.082s] -- Found ament_cmake: 1.3.9 (/opt/ros/humble/share/ament_cmake/cmake)
[2.354s] -- Found Python3: /usr/bin/python3 (found version "3.10.12") found components: Interpreter 
[2.475s] -- Override CMake install command with custom implementation using symlinks instead of copying resources
[2.530s] -- Found urdf: 2.6.0 (/opt/ros/humble/share/urdf/cmake)
[4.870s] -- Configuring done
[4.874s] -- Generating done
[4.875s] -- Build files have been written to: /home/tparu001k/turtlebot3_ws/build/turtlebot3_description
[4.882s] Invoked command in '/home/tparu001k/turtlebot3_ws/build/turtlebot3_description' returned '0': CMAKE_PREFIX_PATH=/home/tparu001k/metr4202_ws/install/m4202_py_pkg:/opt/ros/humble /usr/bin/cmake /home/tparu001k/turtlebot3_ws/src/turtlebot3/turtlebot3_description -DAMENT_CMAKE_SYMLINK_INSTALL=1 -DCMAKE_INSTALL_PREFIX=/home/tparu001k/turtlebot3_ws/install/turtlebot3_description
[4.884s] Invoking command in '/home/tparu001k/turtlebot3_ws/build/turtlebot3_description': CMAKE_PREFIX_PATH=/home/tparu001k/metr4202_ws/install/m4202_py_pkg:/opt/ros/humble /usr/bin/cmake --build /home/tparu001k/turtlebot3_ws/build/turtlebot3_description -- -j8 -l8
[4.925s] Invoked command in '/home/tparu001k/turtlebot3_ws/build/turtlebot3_description' returned '0': CMAKE_PREFIX_PATH=/home/tparu001k/metr4202_ws/install/m4202_py_pkg:/opt/ros/humble /usr/bin/cmake --build /home/tparu001k/turtlebot3_ws/build/turtlebot3_description -- -j8 -l8
[4.946s] Invoking command in '/home/tparu001k/turtlebot3_ws/build/turtlebot3_description': CMAKE_PREFIX_PATH=/home/tparu001k/metr4202_ws/install/m4202_py_pkg:/opt/ros/humble /usr/bin/cmake --install /home/tparu001k/turtlebot3_ws/build/turtlebot3_description
[4.953s] -- Install configuration: ""
[4.953s] -- Execute custom install script
[4.954s] -- Symlinking: /home/tparu001k/turtlebot3_ws/install/turtlebot3_description/share/turtlebot3_description/meshes/bases/burger_base.stl
[4.963s] -- Symlinking: /home/tparu001k/turtlebot3_ws/install/turtlebot3_description/share/turtlebot3_description/meshes/bases/waffle_base.stl
[4.971s] -- Symlinking: /home/tparu001k/turtlebot3_ws/install/turtlebot3_description/share/turtlebot3_description/meshes/bases/waffle_pi_base.stl
[4.978s] -- Symlinking: /home/tparu001k/turtlebot3_ws/install/turtlebot3_description/share/turtlebot3_description/meshes/sensors/astra.dae
[4.985s] -- Symlinking: /home/tparu001k/turtlebot3_ws/install/turtlebot3_description/share/turtlebot3_description/meshes/sensors/astra.jpg
[4.992s] -- Symlinking: /home/tparu001k/turtlebot3_ws/install/turtlebot3_description/share/turtlebot3_description/meshes/sensors/lds.stl
[5.002s] -- Symlinking: /home/tparu001k/turtlebot3_ws/install/turtlebot3_description/share/turtlebot3_description/meshes/sensors/r200.dae
[5.010s] -- Symlinking: /home/tparu001k/turtlebot3_ws/install/turtlebot3_description/share/turtlebot3_description/meshes/sensors/r200.jpg
[5.018s] -- Symlinking: /home/tparu001k/turtlebot3_ws/install/turtlebot3_description/share/turtlebot3_description/meshes/wheels/left_tire.stl
[5.026s] -- Symlinking: /home/tparu001k/turtlebot3_ws/install/turtlebot3_description/share/turtlebot3_description/meshes/wheels/right_tire.stl
[5.035s] -- Symlinking: /home/tparu001k/turtlebot3_ws/install/turtlebot3_description/share/turtlebot3_description/rviz/model.rviz
[5.043s] -- Symlinking: /home/tparu001k/turtlebot3_ws/install/turtlebot3_description/share/turtlebot3_description/urdf/common_properties.urdf
[5.051s] -- Symlinking: /home/tparu001k/turtlebot3_ws/install/turtlebot3_description/share/turtlebot3_description/urdf/turtlebot3_burger.urdf
[5.058s] -- Symlinking: /home/tparu001k/turtlebot3_ws/install/turtlebot3_description/share/turtlebot3_description/urdf/turtlebot3_waffle.urdf
[5.066s] -- Symlinking: /home/tparu001k/turtlebot3_ws/install/turtlebot3_description/share/turtlebot3_description/urdf/turtlebot3_waffle_pi.urdf
[5.074s] -- Symlinking: /home/tparu001k/turtlebot3_ws/install/turtlebot3_description/share/ament_index/resource_index/package_run_dependencies/turtlebot3_description
[5.081s] -- Symlinking: /home/tparu001k/turtlebot3_ws/install/turtlebot3_description/share/ament_index/resource_index/parent_prefix_path/turtlebot3_description
[5.088s] -- Symlinking: /home/tparu001k/turtlebot3_ws/install/turtlebot3_description/share/turtlebot3_description/environment/ament_prefix_path.sh
[5.097s] -- Symlinking: /home/tparu001k/turtlebot3_ws/install/turtlebot3_description/share/turtlebot3_description/environment/ament_prefix_path.dsv
[5.105s] -- Symlinking: /home/tparu001k/turtlebot3_ws/install/turtlebot3_description/share/turtlebot3_description/environment/path.sh
[5.113s] -- Symlinking: /home/tparu001k/turtlebot3_ws/install/turtlebot3_description/share/turtlebot3_description/environment/path.dsv
[5.121s] -- Symlinking: /home/tparu001k/turtlebot3_ws/install/turtlebot3_description/share/turtlebot3_description/local_setup.bash
[5.128s] -- Symlinking: /home/tparu001k/turtlebot3_ws/install/turtlebot3_description/share/turtlebot3_description/local_setup.sh
[5.136s] -- Symlinking: /home/tparu001k/turtlebot3_ws/install/turtlebot3_description/share/turtlebot3_description/local_setup.zsh
[5.145s] -- Symlinking: /home/tparu001k/turtlebot3_ws/install/turtlebot3_description/share/turtlebot3_description/local_setup.dsv
[5.153s] -- Symlinking: /home/tparu001k/turtlebot3_ws/install/turtlebot3_description/share/turtlebot3_description/package.dsv
[5.165s] -- Symlinking: /home/tparu001k/turtlebot3_ws/install/turtlebot3_description/share/ament_index/resource_index/packages/turtlebot3_description
[5.172s] -- Symlinking: /home/tparu001k/turtlebot3_ws/install/turtlebot3_description/share/turtlebot3_description/cmake/turtlebot3_descriptionConfig.cmake
[5.180s] -- Symlinking: /home/tparu001k/turtlebot3_ws/install/turtlebot3_description/share/turtlebot3_description/cmake/turtlebot3_descriptionConfig-version.cmake
[5.188s] -- Symlinking: /home/tparu001k/turtlebot3_ws/install/turtlebot3_description/share/turtlebot3_description/package.xml
[5.202s] Invoked command in '/home/tparu001k/turtlebot3_ws/build/turtlebot3_description' returned '0': CMAKE_PREFIX_PATH=/home/tparu001k/metr4202_ws/install/m4202_py_pkg:/opt/ros/humble /usr/bin/cmake --install /home/tparu001k/turtlebot3_ws/build/turtlebot3_description
