[0.047s] Invoking command in '/home/tparu001k/turtlebot3_ws/build/turtlebot3_gazebo': CMAKE_PREFIX_PATH=${CMAKE_PREFIX_PATH}:/home/tparu001k/turtlebot3_ws/install/turtlebot3_teleop:/home/tparu001k/turtlebot3_ws/install/turtlebot3_example:/home/tparu001k/metr4202_ws/install/m4202_py_pkg:/opt/ros/humble /usr/bin/cmake /home/tparu001k/turtlebot3_ws/src/turtlebot3_simulations/turtlebot3_gazebo -DCMAKE_INSTALL_PREFIX=/home/tparu001k/turtlebot3_ws/install/turtlebot3_gazebo
[0.561s] -- The C compiler identification is GNU 11.4.0
[0.813s] -- The CXX compiler identification is GNU 11.4.0
[1.170s] -- Detecting C compiler ABI info
[1.300s] -- Detecting C compiler ABI info - done
[1.312s] -- Check for working C compiler: /usr/bin/cc - skipped
[1.312s] -- Detecting C compile features
[1.313s] -- Detecting C compile features - done
[1.317s] -- Detecting CXX compiler ABI info
[1.505s] -- Detecting CXX compiler ABI info - done
[1.513s] -- Check for working CXX compiler: /usr/bin/c++ - skipped
[1.514s] -- Detecting CXX compile features
[1.514s] -- Detecting CXX compile features - done
[1.517s] -- Found ament_cmake: 1.3.9 (/opt/ros/humble/share/ament_cmake/cmake)
[1.706s] -- Found Python3: /usr/bin/python3 (found version "3.10.12") found components: Interpreter 
[1.878s] [33mCMake Warning (dev) at /usr/share/cmake-3.22/Modules/FindPackageHandleStandardArgs.cmake:438 (message):
[1.878s]   The package name passed to `find_package_handle_standard_args` (PkgConfig)
[1.878s]   does not match the name of the calling package (gazebo).  This can lead to
[1.879s]   problems in calling code that expects `find_package` result variables
[1.879s]   (e.g., `_FOUND`) to follow a certain pattern.
[1.879s] Call Stack (most recent call first):
[1.879s]   /usr/share/cmake-3.22/Modules/FindPkgConfig.cmake:99 (find_package_handle_standard_args)
[1.879s]   /usr/lib/x86_64-linux-gnu/cmake/gazebo/gazebo-config.cmake:72 (include)
[1.879s]   CMakeLists.txt:23 (find_package)
[1.879s] This warning is for project developers.  Use -Wno-dev to suppress it.
[1.879s] [0m
[1.879s] -- Found PkgConfig: /usr/bin/pkg-config (found version "0.29.2") 
[1.883s] -- Checking for module 'bullet>=2.82'
[1.896s] --   Found bullet, version 3.05
[2.033s] -- Found fcl: /usr/include (found suitable version "0.7.0", minimum required is "0.5.0") 
[2.084s] -- Found assimp: /usr/include (found version "5.2.0") 
[2.106s] -- Found DART: /usr/include (Required is at least version "6.6") found components: dart 
[2.435s] -- Found Boost: /usr/lib/x86_64-linux-gnu/cmake/Boost-1.74.0/BoostConfig.cmake (found suitable version "1.74.0", minimum required is "1.40.0") found components: thread system filesystem program_options regex iostreams date_time 
[2.872s] -- Found Protobuf: /usr/lib/x86_64-linux-gnu/libprotobuf.so (found version "3.12.4") 
[2.877s] -- Looking for ignition-math6 -- found version 6.15.1
[2.883s] -- Searching for dependencies of ignition-math6
[2.884s] -- Looking for OGRE...
[2.885s] -- OGRE_PREFIX_WATCH changed.
[2.888s] -- Checking for module 'OGRE'
[2.898s] --   Found OGRE, version 1.9.0
[2.920s] -- Found Ogre Ghadamon (1.9.0)
[3.309s] -- Found OGRE: optimized;/usr/lib/x86_64-linux-gnu/libOgreMain.so;debug;/usr/lib/x86_64-linux-gnu/libOgreMain.so
[3.320s] -- Looking for OGRE_Paging...
[3.698s] -- Found OGRE_Paging: optimized;/usr/lib/x86_64-linux-gnu/libOgrePaging.so;debug;/usr/lib/x86_64-linux-gnu/libOgrePaging.so
[3.698s] -- Looking for OGRE_Terrain...
[4.032s] -- Found OGRE_Terrain: optimized;/usr/lib/x86_64-linux-gnu/libOgreTerrain.so;debug;/usr/lib/x86_64-linux-gnu/libOgreTerrain.so
[4.032s] -- Looking for OGRE_Property...
[4.400s] -- Found OGRE_Property: optimized;/usr/lib/x86_64-linux-gnu/libOgreProperty.so;debug;/usr/lib/x86_64-linux-gnu/libOgreProperty.so
[4.401s] -- Looking for OGRE_RTShaderSystem...
[4.798s] -- Found OGRE_RTShaderSystem: optimized;/usr/lib/x86_64-linux-gnu/libOgreRTShaderSystem.so;debug;/usr/lib/x86_64-linux-gnu/libOgreRTShaderSystem.so
[4.799s] -- Looking for OGRE_Volume...
[5.131s] -- Found OGRE_Volume: optimized;/usr/lib/x86_64-linux-gnu/libOgreVolume.so;debug;/usr/lib/x86_64-linux-gnu/libOgreVolume.so
[5.131s] -- Looking for OGRE_Overlay...
[5.448s] -- Found OGRE_Overlay: optimized;/usr/lib/x86_64-linux-gnu/libOgreOverlay.so;debug;/usr/lib/x86_64-linux-gnu/libOgreOverlay.so
[24.731s] -- Looking for ignition-math6 -- found version 6.15.1
[24.733s] -- Looking for ignition-transport8 -- found version 8.2.1
[24.733s] -- Searching for dependencies of ignition-transport8
[25.659s] -- Found Protobuf: /usr/lib/x86_64-linux-gnu/libprotobuf.so (found suitable version "3.12.4", minimum required is "3") 
[26.664s] -- Config-file not installed for ZeroMQ -- checking for pkg-config
[26.667s] -- Checking for module 'libzmq >= 4'
[26.676s] --   Found libzmq , version 4.3.4
[26.697s] -- Found ZeroMQ: TRUE (Required is at least version "4") 
[26.734s] -- Checking for module 'uuid'
[26.742s] --   Found uuid, version 2.37.2
[26.766s] -- Found UUID: TRUE  
[26.768s] -- Looking for ignition-msgs5 -- found version 5.8.1
[26.768s] -- Searching for dependencies of ignition-msgs5
[27.796s] -- Looking for ignition-math6 -- found version 6.15.1
[27.800s] -- Checking for module 'tinyxml2'
[27.808s] --   Found tinyxml2, version 9.0.0
[27.829s] -- Looking for ignition-msgs5 -- found version 5.8.1
[27.831s] -- Looking for ignition-common3 -- found version 3.14.0
[27.832s] -- Searching for dependencies of ignition-common3
[27.867s] -- Looking for dlfcn.h - found
[27.901s] -- Looking for libdl - found
[27.902s] -- Found DL: TRUE  
[27.978s] -- Found tinyobjloader: /usr/lib/x86_64-linux-gnu/cmake/tinyobjloader/tinyobjloader-config.cmake (found version "2.0.0") 
[27.978s] -- Searching for <ignition-common3> component [graphics]
[27.980s] -- Looking for ignition-common3-graphics -- found version 3.14.0
[27.981s] -- Searching for dependencies of ignition-common3-graphics
[27.981s] -- Looking for ignition-math6 -- found version 6.15.1
[27.984s] -- Looking for ignition-fuel_tools4 -- found version 4.4.0
[27.984s] -- Searching for dependencies of ignition-fuel_tools4
[29.316s] -- Found CURL: /usr/lib/x86_64-linux-gnu/libcurl.so (found version "7.81.0")  
[29.323s] -- Checking for module 'jsoncpp'
[29.332s] --   Found jsoncpp, version 1.9.5
[29.352s] -- Found JSONCPP: TRUE  
[29.358s] -- Checking for module 'libzip'
[29.368s] --   Found libzip, version 1.7.3
[29.390s] -- Found ZIP: TRUE  
[29.390s] -- Looking for ignition-common3 -- found version 3.14.0
[29.391s] -- Looking for ignition-math6 -- found version 6.15.1
[29.391s] -- Looking for ignition-msgs5 -- found version 5.8.1
[29.396s] -- Found gazebo_ros_pkgs: 3.7.0 (/opt/ros/humble/share/gazebo_ros_pkgs/cmake)
[29.398s] -- Found geometry_msgs: 4.2.4 (/opt/ros/humble/share/geometry_msgs/cmake)
[29.468s] -- Found rosidl_generator_c: 3.1.5 (/opt/ros/humble/share/rosidl_generator_c/cmake)
[29.473s] -- Found rosidl_adapter: 3.1.5 (/opt/ros/humble/share/rosidl_adapter/cmake)
[29.482s] -- Found rosidl_generator_cpp: 3.1.5 (/opt/ros/humble/share/rosidl_generator_cpp/cmake)
[29.495s] -- Using all available rosidl_typesupport_c: rosidl_typesupport_fastrtps_c;rosidl_typesupport_introspection_c
[29.514s] -- Using all available rosidl_typesupport_cpp: rosidl_typesupport_fastrtps_cpp;rosidl_typesupport_introspection_cpp
[29.627s] -- Found nav_msgs: 4.2.4 (/opt/ros/humble/share/nav_msgs/cmake)
[29.709s] -- Found rclcpp: 16.0.9 (/opt/ros/humble/share/rclcpp/cmake)
[29.766s] -- Found rmw_implementation_cmake: 6.1.2 (/opt/ros/humble/share/rmw_implementation_cmake/cmake)
[29.770s] -- Found rmw_fastrtps_cpp: 6.2.6 (/opt/ros/humble/share/rmw_fastrtps_cpp/cmake)
[30.840s] -- Found OpenSSL: /usr/lib/x86_64-linux-gnu/libcrypto.so (found version "3.0.2")  
[31.960s] -- Found FastRTPS: /opt/ros/humble/include  
[34.113s] -- Using RMW implementation 'rmw_fastrtps_cpp' as default
[34.123s] -- Found Threads: TRUE  
[34.246s] -- Found sensor_msgs: 4.2.4 (/opt/ros/humble/share/sensor_msgs/cmake)
[34.326s] -- Found tf2: 0.25.7 (/opt/ros/humble/share/tf2/cmake)
[34.399s] -- Configuring done
[34.425s] -- Generating done
[34.427s] -- Build files have been written to: /home/tparu001k/turtlebot3_ws/build/turtlebot3_gazebo
[34.439s] Invoked command in '/home/tparu001k/turtlebot3_ws/build/turtlebot3_gazebo' returned '0': CMAKE_PREFIX_PATH=${CMAKE_PREFIX_PATH}:/home/tparu001k/turtlebot3_ws/install/turtlebot3_teleop:/home/tparu001k/turtlebot3_ws/install/turtlebot3_example:/home/tparu001k/metr4202_ws/install/m4202_py_pkg:/opt/ros/humble /usr/bin/cmake /home/tparu001k/turtlebot3_ws/src/turtlebot3_simulations/turtlebot3_gazebo -DCMAKE_INSTALL_PREFIX=/home/tparu001k/turtlebot3_ws/install/turtlebot3_gazebo
[34.441s] Invoking command in '/home/tparu001k/turtlebot3_ws/build/turtlebot3_gazebo': CMAKE_PREFIX_PATH=${CMAKE_PREFIX_PATH}:/home/tparu001k/turtlebot3_ws/install/turtlebot3_teleop:/home/tparu001k/turtlebot3_ws/install/turtlebot3_example:/home/tparu001k/metr4202_ws/install/m4202_py_pkg:/opt/ros/humble /usr/bin/cmake --build /home/tparu001k/turtlebot3_ws/build/turtlebot3_gazebo -- -j8 -l8
[34.482s] [ 50%] [32mBuilding CXX object CMakeFiles/obstacle1.dir/models/turtlebot3_dqn_world/obstacle_plugin/obstacle1.cc.o[0m
[34.483s] [ 50%] [32mBuilding CXX object CMakeFiles/obstacles.dir/models/turtlebot3_dqn_world/obstacle_plugin/obstacles.cc.o[0m
[34.483s] [ 50%] [32mBuilding CXX object CMakeFiles/turtlebot3_drive.dir/src/turtlebot3_drive.cpp.o[0m
[34.483s] [ 50%] [32mBuilding CXX object CMakeFiles/obstacle2.dir/models/turtlebot3_dqn_world/obstacle_plugin/obstacle2.cc.o[0m
[54.978s] [ 62%] [32m[1mLinking CXX shared library libobstacle2.so[0m
[55.053s] [ 75%] [32m[1mLinking CXX shared library libobstacles.so[0m
[55.061s] [ 87%] [32m[1mLinking CXX shared library libobstacle1.so[0m
[55.134s] [100%] [32m[1mLinking CXX executable turtlebot3_drive[0m
[55.532s] [100%] Built target obstacle2
[55.578s] [100%] Built target obstacle1
[55.597s] [100%] Built target obstacles
[56.016s] [100%] Built target turtlebot3_drive
[56.027s] Invoked command in '/home/tparu001k/turtlebot3_ws/build/turtlebot3_gazebo' returned '0': CMAKE_PREFIX_PATH=${CMAKE_PREFIX_PATH}:/home/tparu001k/turtlebot3_ws/install/turtlebot3_teleop:/home/tparu001k/turtlebot3_ws/install/turtlebot3_example:/home/tparu001k/metr4202_ws/install/m4202_py_pkg:/opt/ros/humble /usr/bin/cmake --build /home/tparu001k/turtlebot3_ws/build/turtlebot3_gazebo -- -j8 -l8
[56.062s] Invoking command in '/home/tparu001k/turtlebot3_ws/build/turtlebot3_gazebo': CMAKE_PREFIX_PATH=${CMAKE_PREFIX_PATH}:/home/tparu001k/turtlebot3_ws/install/turtlebot3_teleop:/home/tparu001k/turtlebot3_ws/install/turtlebot3_example:/home/tparu001k/metr4202_ws/install/m4202_py_pkg:/opt/ros/humble /usr/bin/cmake --install /home/tparu001k/turtlebot3_ws/build/turtlebot3_gazebo
[56.068s] -- Install configuration: ""
[56.069s] -- Installing: /home/tparu001k/turtlebot3_ws/install/turtlebot3_gazebo/lib/turtlebot3_gazebo/turtlebot3_drive
[56.073s] -- Set runtime path of "/home/tparu001k/turtlebot3_ws/install/turtlebot3_gazebo/lib/turtlebot3_gazebo/turtlebot3_drive" to ""
[56.073s] -- Installing: /home/tparu001k/turtlebot3_ws/install/turtlebot3_gazebo/share/turtlebot3_gazebo//launch
[56.073s] -- Installing: /home/tparu001k/turtlebot3_ws/install/turtlebot3_gazebo/share/turtlebot3_gazebo//launch/turtlebot3_dqn_stage2.launch.py
[56.089s] -- Installing: /home/tparu001k/turtlebot3_ws/install/turtlebot3_gazebo/share/turtlebot3_gazebo//launch/turtlebot3_dqn_stage1.launch.py
[56.089s] -- Installing: /home/tparu001k/turtlebot3_ws/install/turtlebot3_gazebo/share/turtlebot3_gazebo//launch/turtlebot3_dqn_stage4.launch.py
[56.090s] -- Installing: /home/tparu001k/turtlebot3_ws/install/turtlebot3_gazebo/share/turtlebot3_gazebo//launch/turtlebot3_world.launch.py
[56.090s] -- Installing: /home/tparu001k/turtlebot3_ws/install/turtlebot3_gazebo/share/turtlebot3_gazebo//launch/empty_world.launch.py
[56.091s] -- Installing: /home/tparu001k/turtlebot3_ws/install/turtlebot3_gazebo/share/turtlebot3_gazebo//launch/turtlebot3_dqn_stage3.launch.py
[56.091s] -- Installing: /home/tparu001k/turtlebot3_ws/install/turtlebot3_gazebo/share/turtlebot3_gazebo//launch/robot_state_publisher.launch.py
[56.091s] -- Installing: /home/tparu001k/turtlebot3_ws/install/turtlebot3_gazebo/share/turtlebot3_gazebo//launch/turtlebot3_house.launch.py
[56.092s] -- Installing: /home/tparu001k/turtlebot3_ws/install/turtlebot3_gazebo/share/turtlebot3_gazebo//launch/spawn_turtlebot3.launch.py
[56.092s] -- Installing: /home/tparu001k/turtlebot3_ws/install/turtlebot3_gazebo/share/turtlebot3_gazebo//models
[56.092s] -- Installing: /home/tparu001k/turtlebot3_ws/install/turtlebot3_gazebo/share/turtlebot3_gazebo//models/turtlebot3_dqn_world
[56.093s] -- Installing: /home/tparu001k/turtlebot3_ws/install/turtlebot3_gazebo/share/turtlebot3_gazebo//models/turtlebot3_dqn_world/inner_walls
[56.093s] -- Installing: /home/tparu001k/turtlebot3_ws/install/turtlebot3_gazebo/share/turtlebot3_gazebo//models/turtlebot3_dqn_world/inner_walls/model.config
[56.093s] -- Installing: /home/tparu001k/turtlebot3_ws/install/turtlebot3_gazebo/share/turtlebot3_gazebo//models/turtlebot3_dqn_world/inner_walls/model.sdf
[56.094s] -- Installing: /home/tparu001k/turtlebot3_ws/install/turtlebot3_gazebo/share/turtlebot3_gazebo//models/turtlebot3_dqn_world/obstacle1
[56.094s] -- Installing: /home/tparu001k/turtlebot3_ws/install/turtlebot3_gazebo/share/turtlebot3_gazebo//models/turtlebot3_dqn_world/obstacle1/model.config
[56.094s] -- Installing: /home/tparu001k/turtlebot3_ws/install/turtlebot3_gazebo/share/turtlebot3_gazebo//models/turtlebot3_dqn_world/obstacle1/model.sdf
[56.094s] -- Installing: /home/tparu001k/turtlebot3_ws/install/turtlebot3_gazebo/share/turtlebot3_gazebo//models/turtlebot3_dqn_world/obstacle_plugin
[56.095s] -- Installing: /home/tparu001k/turtlebot3_ws/install/turtlebot3_gazebo/share/turtlebot3_gazebo//models/turtlebot3_dqn_world/obstacle_plugin/obstacles.cc
[56.095s] -- Installing: /home/tparu001k/turtlebot3_ws/install/turtlebot3_gazebo/share/turtlebot3_gazebo//models/turtlebot3_dqn_world/obstacle_plugin/obstacle2.cc
[56.095s] -- Installing: /home/tparu001k/turtlebot3_ws/install/turtlebot3_gazebo/share/turtlebot3_gazebo//models/turtlebot3_dqn_world/obstacle_plugin/CMakeLists.txt
[56.095s] -- Installing: /home/tparu001k/turtlebot3_ws/install/turtlebot3_gazebo/share/turtlebot3_gazebo//models/turtlebot3_dqn_world/obstacle_plugin/obstacle1.cc
[56.095s] -- Installing: /home/tparu001k/turtlebot3_ws/install/turtlebot3_gazebo/share/turtlebot3_gazebo//models/turtlebot3_dqn_world/model.config
[56.096s] -- Installing: /home/tparu001k/turtlebot3_ws/install/turtlebot3_gazebo/share/turtlebot3_gazebo//models/turtlebot3_dqn_world/obstacles
[56.096s] -- Installing: /home/tparu001k/turtlebot3_ws/install/turtlebot3_gazebo/share/turtlebot3_gazebo//models/turtlebot3_dqn_world/obstacles/model.config
[56.096s] -- Installing: /home/tparu001k/turtlebot3_ws/install/turtlebot3_gazebo/share/turtlebot3_gazebo//models/turtlebot3_dqn_world/obstacles/model.sdf
[56.096s] -- Installing: /home/tparu001k/turtlebot3_ws/install/turtlebot3_gazebo/share/turtlebot3_gazebo//models/turtlebot3_dqn_world/obstacle2
[56.097s] -- Installing: /home/tparu001k/turtlebot3_ws/install/turtlebot3_gazebo/share/turtlebot3_gazebo//models/turtlebot3_dqn_world/obstacle2/model.config
[56.097s] -- Installing: /home/tparu001k/turtlebot3_ws/install/turtlebot3_gazebo/share/turtlebot3_gazebo//models/turtlebot3_dqn_world/obstacle2/model.sdf
[56.097s] -- Installing: /home/tparu001k/turtlebot3_ws/install/turtlebot3_gazebo/share/turtlebot3_gazebo//models/turtlebot3_dqn_world/model.sdf
[56.097s] -- Installing: /home/tparu001k/turtlebot3_ws/install/turtlebot3_gazebo/share/turtlebot3_gazebo//models/turtlebot3_dqn_world/goal_box
[56.098s] -- Installing: /home/tparu001k/turtlebot3_ws/install/turtlebot3_gazebo/share/turtlebot3_gazebo//models/turtlebot3_dqn_world/goal_box/model.config
[56.098s] -- Installing: /home/tparu001k/turtlebot3_ws/install/turtlebot3_gazebo/share/turtlebot3_gazebo//models/turtlebot3_dqn_world/goal_box/model.sdf
[56.098s] -- Installing: /home/tparu001k/turtlebot3_ws/install/turtlebot3_gazebo/share/turtlebot3_gazebo//models/turtlebot3_burger
[56.098s] -- Installing: /home/tparu001k/turtlebot3_ws/install/turtlebot3_gazebo/share/turtlebot3_gazebo//models/turtlebot3_burger/model.config
[56.099s] -- Installing: /home/tparu001k/turtlebot3_ws/install/turtlebot3_gazebo/share/turtlebot3_gazebo//models/turtlebot3_burger/model.sdf
[56.099s] -- Installing: /home/tparu001k/turtlebot3_ws/install/turtlebot3_gazebo/share/turtlebot3_gazebo//models/turtlebot3_burger/model-1_4.sdf
[56.100s] -- Installing: /home/tparu001k/turtlebot3_ws/install/turtlebot3_gazebo/share/turtlebot3_gazebo//models/turtlebot3_waffle_pi
[56.100s] -- Installing: /home/tparu001k/turtlebot3_ws/install/turtlebot3_gazebo/share/turtlebot3_gazebo//models/turtlebot3_waffle_pi/model.config
[56.100s] -- Installing: /home/tparu001k/turtlebot3_ws/install/turtlebot3_gazebo/share/turtlebot3_gazebo//models/turtlebot3_waffle_pi/model.sdf
[56.101s] -- Installing: /home/tparu001k/turtlebot3_ws/install/turtlebot3_gazebo/share/turtlebot3_gazebo//models/turtlebot3_waffle_pi/model-1_4_.sdf
[56.101s] -- Installing: /home/tparu001k/turtlebot3_ws/install/turtlebot3_gazebo/share/turtlebot3_gazebo//models/turtlebot3_house
[56.101s] -- Installing: /home/tparu001k/turtlebot3_ws/install/turtlebot3_gazebo/share/turtlebot3_gazebo//models/turtlebot3_house/model.config
[56.101s] -- Installing: /home/tparu001k/turtlebot3_ws/install/turtlebot3_gazebo/share/turtlebot3_gazebo//models/turtlebot3_house/model.sdf
[56.103s] -- Installing: /home/tparu001k/turtlebot3_ws/install/turtlebot3_gazebo/share/turtlebot3_gazebo//models/turtlebot3_waffle
[56.103s] -- Installing: /home/tparu001k/turtlebot3_ws/install/turtlebot3_gazebo/share/turtlebot3_gazebo//models/turtlebot3_waffle/model.config
[56.104s] -- Installing: /home/tparu001k/turtlebot3_ws/install/turtlebot3_gazebo/share/turtlebot3_gazebo//models/turtlebot3_waffle/model.sdf
[56.104s] -- Installing: /home/tparu001k/turtlebot3_ws/install/turtlebot3_gazebo/share/turtlebot3_gazebo//models/turtlebot3_waffle/model-1_4.sdf
[56.105s] -- Installing: /home/tparu001k/turtlebot3_ws/install/turtlebot3_gazebo/share/turtlebot3_gazebo//models/turtlebot3_world
[56.105s] -- Installing: /home/tparu001k/turtlebot3_ws/install/turtlebot3_gazebo/share/turtlebot3_gazebo//models/turtlebot3_world/model.config
[56.105s] -- Installing: /home/tparu001k/turtlebot3_ws/install/turtlebot3_gazebo/share/turtlebot3_gazebo//models/turtlebot3_world/meshes
[56.105s] -- Installing: /home/tparu001k/turtlebot3_ws/install/turtlebot3_gazebo/share/turtlebot3_gazebo//models/turtlebot3_world/meshes/hexagon.dae
[56.106s] -- Installing: /home/tparu001k/turtlebot3_ws/install/turtlebot3_gazebo/share/turtlebot3_gazebo//models/turtlebot3_world/meshes/wall.dae
[56.106s] -- Installing: /home/tparu001k/turtlebot3_ws/install/turtlebot3_gazebo/share/turtlebot3_gazebo//models/turtlebot3_world/model.sdf
[56.107s] -- Installing: /home/tparu001k/turtlebot3_ws/install/turtlebot3_gazebo/share/turtlebot3_gazebo//models/turtlebot3_world/model-1_4.sdf
[56.107s] -- Installing: /home/tparu001k/turtlebot3_ws/install/turtlebot3_gazebo/share/turtlebot3_gazebo//models/turtlebot3_common
[56.107s] -- Installing: /home/tparu001k/turtlebot3_ws/install/turtlebot3_gazebo/share/turtlebot3_gazebo//models/turtlebot3_common/model.config
[56.107s] -- Installing: /home/tparu001k/turtlebot3_ws/install/turtlebot3_gazebo/share/turtlebot3_gazebo//models/turtlebot3_common/meshes
[56.108s] -- Installing: /home/tparu001k/turtlebot3_ws/install/turtlebot3_gazebo/share/turtlebot3_gazebo//models/turtlebot3_common/meshes/r200.dae
[56.109s] -- Installing: /home/tparu001k/turtlebot3_ws/install/turtlebot3_gazebo/share/turtlebot3_gazebo//models/turtlebot3_common/meshes/waffle_pi_base.dae
[56.109s] -- Installing: /home/tparu001k/turtlebot3_ws/install/turtlebot3_gazebo/share/turtlebot3_gazebo//models/turtlebot3_common/meshes/tire.dae
[56.110s] -- Installing: /home/tparu001k/turtlebot3_ws/install/turtlebot3_gazebo/share/turtlebot3_gazebo//models/turtlebot3_common/meshes/burger_base.dae
[56.111s] -- Installing: /home/tparu001k/turtlebot3_ws/install/turtlebot3_gazebo/share/turtlebot3_gazebo//models/turtlebot3_common/meshes/waffle_base.dae
[56.111s] -- Installing: /home/tparu001k/turtlebot3_ws/install/turtlebot3_gazebo/share/turtlebot3_gazebo//models/turtlebot3_common/meshes/lds.dae
[56.112s] -- Installing: /home/tparu001k/turtlebot3_ws/install/turtlebot3_gazebo/share/turtlebot3_gazebo//rviz
[56.112s] -- Installing: /home/tparu001k/turtlebot3_ws/install/turtlebot3_gazebo/share/turtlebot3_gazebo//rviz/tb3_gazebo.rviz
[56.112s] -- Installing: /home/tparu001k/turtlebot3_ws/install/turtlebot3_gazebo/share/turtlebot3_gazebo//urdf
[56.112s] -- Installing: /home/tparu001k/turtlebot3_ws/install/turtlebot3_gazebo/share/turtlebot3_gazebo//urdf/turtlebot3_waffle_pi.urdf
[56.113s] -- Installing: /home/tparu001k/turtlebot3_ws/install/turtlebot3_gazebo/share/turtlebot3_gazebo//urdf/common_properties.urdf
[56.113s] -- Installing: /home/tparu001k/turtlebot3_ws/install/turtlebot3_gazebo/share/turtlebot3_gazebo//urdf/turtlebot3_burger.urdf
[56.114s] -- Installing: /home/tparu001k/turtlebot3_ws/install/turtlebot3_gazebo/share/turtlebot3_gazebo//urdf/turtlebot3_waffle.urdf
[56.114s] -- Installing: /home/tparu001k/turtlebot3_ws/install/turtlebot3_gazebo/share/turtlebot3_gazebo//worlds
[56.114s] -- Installing: /home/tparu001k/turtlebot3_ws/install/turtlebot3_gazebo/share/turtlebot3_gazebo//worlds/turtlebot3_dqn_stage3.world
[56.114s] -- Installing: /home/tparu001k/turtlebot3_ws/install/turtlebot3_gazebo/share/turtlebot3_gazebo//worlds/empty_world.world
[56.115s] -- Installing: /home/tparu001k/turtlebot3_ws/install/turtlebot3_gazebo/share/turtlebot3_gazebo//worlds/turtlebot3_dqn_stage4.world
[56.115s] -- Installing: /home/tparu001k/turtlebot3_ws/install/turtlebot3_gazebo/share/turtlebot3_gazebo//worlds/turtlebot3_house.world
[56.115s] -- Installing: /home/tparu001k/turtlebot3_ws/install/turtlebot3_gazebo/share/turtlebot3_gazebo//worlds/turtlebot3_world.world
[56.116s] -- Installing: /home/tparu001k/turtlebot3_ws/install/turtlebot3_gazebo/share/turtlebot3_gazebo//worlds/turtlebot3_dqn_stage2.world
[56.116s] -- Installing: /home/tparu001k/turtlebot3_ws/install/turtlebot3_gazebo/share/turtlebot3_gazebo//worlds/turtlebot3_dqn_stage1.world
[56.116s] -- Installing: /home/tparu001k/turtlebot3_ws/install/turtlebot3_gazebo/include/
[56.117s] -- Installing: /home/tparu001k/turtlebot3_ws/install/turtlebot3_gazebo/include//turtlebot3_gazebo
[56.117s] -- Installing: /home/tparu001k/turtlebot3_ws/install/turtlebot3_gazebo/include//turtlebot3_gazebo/turtlebot3_drive.hpp
[56.117s] -- Installing: /home/tparu001k/turtlebot3_ws/install/turtlebot3_gazebo/share/ament_index/resource_index/package_run_dependencies/turtlebot3_gazebo
[56.117s] -- Installing: /home/tparu001k/turtlebot3_ws/install/turtlebot3_gazebo/share/ament_index/resource_index/parent_prefix_path/turtlebot3_gazebo
[56.117s] -- Installing: /home/tparu001k/turtlebot3_ws/install/turtlebot3_gazebo/share/turtlebot3_gazebo/environment/ament_prefix_path.sh
[56.118s] -- Installing: /home/tparu001k/turtlebot3_ws/install/turtlebot3_gazebo/share/turtlebot3_gazebo/environment/ament_prefix_path.dsv
[56.118s] -- Installing: /home/tparu001k/turtlebot3_ws/install/turtlebot3_gazebo/share/turtlebot3_gazebo/environment/path.sh
[56.118s] -- Installing: /home/tparu001k/turtlebot3_ws/install/turtlebot3_gazebo/share/turtlebot3_gazebo/environment/path.dsv
[56.118s] -- Installing: /home/tparu001k/turtlebot3_ws/install/turtlebot3_gazebo/share/turtlebot3_gazebo/local_setup.bash
[56.119s] -- Installing: /home/tparu001k/turtlebot3_ws/install/turtlebot3_gazebo/share/turtlebot3_gazebo/local_setup.sh
[56.119s] -- Installing: /home/tparu001k/turtlebot3_ws/install/turtlebot3_gazebo/share/turtlebot3_gazebo/local_setup.zsh
[56.119s] -- Installing: /home/tparu001k/turtlebot3_ws/install/turtlebot3_gazebo/share/turtlebot3_gazebo/local_setup.dsv
[56.119s] -- Installing: /home/tparu001k/turtlebot3_ws/install/turtlebot3_gazebo/share/turtlebot3_gazebo/package.dsv
[56.119s] -- Installing: /home/tparu001k/turtlebot3_ws/install/turtlebot3_gazebo/share/ament_index/resource_index/packages/turtlebot3_gazebo
[56.119s] -- Installing: /home/tparu001k/turtlebot3_ws/install/turtlebot3_gazebo/share/turtlebot3_gazebo/cmake/ament_cmake_export_include_directories-extras.cmake
[56.120s] -- Installing: /home/tparu001k/turtlebot3_ws/install/turtlebot3_gazebo/share/turtlebot3_gazebo/cmake/ament_cmake_export_dependencies-extras.cmake
[56.120s] -- Installing: /home/tparu001k/turtlebot3_ws/install/turtlebot3_gazebo/share/turtlebot3_gazebo/cmake/turtlebot3_gazeboConfig.cmake
[56.120s] -- Installing: /home/tparu001k/turtlebot3_ws/install/turtlebot3_gazebo/share/turtlebot3_gazebo/cmake/turtlebot3_gazeboConfig-version.cmake
[56.120s] -- Installing: /home/tparu001k/turtlebot3_ws/install/turtlebot3_gazebo/share/turtlebot3_gazebo/package.xml
[56.122s] Invoked command in '/home/tparu001k/turtlebot3_ws/build/turtlebot3_gazebo' returned '0': CMAKE_PREFIX_PATH=${CMAKE_PREFIX_PATH}:/home/tparu001k/turtlebot3_ws/install/turtlebot3_teleop:/home/tparu001k/turtlebot3_ws/install/turtlebot3_example:/home/tparu001k/metr4202_ws/install/m4202_py_pkg:/opt/ros/humble /usr/bin/cmake --install /home/tparu001k/turtlebot3_ws/build/turtlebot3_gazebo
