[0.499s] Invoking command in '/home/tparu001k/turtlebot3_ws/build/turtlebot3_node': AMENT_PREFIX_PATH=/home/tparu001k/turtlebot3_ws/install/turtlebot3_msgs:/home/tparu001k/turtlebot3_ws/install/dynamixel_sdk:${AMENT_PREFIX_PATH} CMAKE_PREFIX_PATH=/home/tparu001k/turtlebot3_ws/install/turtlebot3_msgs:/home/tparu001k/turtlebot3_ws/install/dynamixel_sdk:/home/tparu001k/metr4202_ws/install/m4202_py_pkg:/opt/ros/humble LD_LIBRARY_PATH=/home/tparu001k/turtlebot3_ws/install/turtlebot3_msgs/lib:/home/tparu001k/turtlebot3_ws/install/dynamixel_sdk/lib:${LD_LIBRARY_PATH} PYTHONPATH=/home/tparu001k/turtlebot3_ws/install/turtlebot3_msgs/local/lib/python3.10/dist-packages:${PYTHONPATH} /usr/bin/cmake /home/tparu001k/turtlebot3_ws/src/turtlebot3/turtlebot3_node -DAMENT_CMAKE_SYMLINK_INSTALL=1 -DCMAKE_INSTALL_PREFIX=/home/tparu001k/turtlebot3_ws/install/turtlebot3_node
[0.673s] -- The C compiler identification is GNU 11.4.0
[1.386s] -- The CXX compiler identification is GNU 11.4.0
[1.939s] -- Detecting C compiler ABI info
[2.119s] -- Detecting C compiler ABI info - done
[2.132s] -- Check for working C compiler: /usr/bin/cc - skipped
[2.133s] -- Detecting C compile features
[2.133s] -- Detecting C compile features - done
[2.137s] -- Detecting CXX compiler ABI info
[2.327s] -- Detecting CXX compiler ABI info - done
[2.338s] -- Check for working CXX compiler: /usr/bin/c++ - skipped
[2.338s] -- Detecting CXX compile features
[2.339s] -- Detecting CXX compile features - done
[2.341s] -- Found ament_cmake: 1.3.9 (/opt/ros/humble/share/ament_cmake/cmake)
[2.532s] -- Found Python3: /usr/bin/python3 (found version "3.10.12") found components: Interpreter 
[2.614s] -- Override CMake install command with custom implementation using symlinks instead of copying resources
[2.649s] -- Found dynamixel_sdk: 3.7.60 (/home/tparu001k/turtlebot3_ws/install/dynamixel_sdk/share/dynamixel_sdk/cmake)
[2.665s] -- Found geometry_msgs: 4.2.4 (/opt/ros/humble/share/geometry_msgs/cmake)
[2.872s] -- Found rosidl_generator_c: 3.1.5 (/opt/ros/humble/share/rosidl_generator_c/cmake)
[2.879s] -- Found rosidl_adapter: 3.1.5 (/opt/ros/humble/share/rosidl_adapter/cmake)
[2.890s] -- Found rosidl_generator_cpp: 3.1.5 (/opt/ros/humble/share/rosidl_generator_cpp/cmake)
[2.908s] -- Using all available rosidl_typesupport_c: rosidl_typesupport_fastrtps_c;rosidl_typesupport_introspection_c
[2.934s] -- Using all available rosidl_typesupport_cpp: rosidl_typesupport_fastrtps_cpp;rosidl_typesupport_introspection_cpp
[3.104s] -- Found message_filters: 4.3.4 (/opt/ros/humble/share/message_filters/cmake)
[3.193s] -- Found rmw_implementation_cmake: 6.1.2 (/opt/ros/humble/share/rmw_implementation_cmake/cmake)
[3.196s] -- Found rmw_fastrtps_cpp: 6.2.6 (/opt/ros/humble/share/rmw_fastrtps_cpp/cmake)
[4.884s] -- Found OpenSSL: /usr/lib/x86_64-linux-gnu/libcrypto.so (found version "3.0.2")  
[6.734s] -- Found FastRTPS: /opt/ros/humble/include  
[10.112s] -- Using RMW implementation 'rmw_fastrtps_cpp' as default
[10.124s] -- Looking for pthread.h
[10.277s] -- Looking for pthread.h - found
[10.278s] -- Performing Test CMAKE_HAVE_LIBC_PTHREAD
[10.434s] -- Performing Test CMAKE_HAVE_LIBC_PTHREAD - Success
[10.435s] -- Found Threads: TRUE  
[10.624s] -- Found nav_msgs: 4.2.4 (/opt/ros/humble/share/nav_msgs/cmake)
[10.751s] -- Found sensor_msgs: 4.2.4 (/opt/ros/humble/share/sensor_msgs/cmake)
[10.869s] -- Found std_srvs: 4.2.4 (/opt/ros/humble/share/std_srvs/cmake)
[10.914s] -- Found tf2: 0.25.7 (/opt/ros/humble/share/tf2/cmake)
[10.933s] -- Found tf2_ros: 0.25.7 (/opt/ros/humble/share/tf2_ros/cmake)
[11.416s] -- Found turtlebot3_msgs: 2.2.3 (/home/tparu001k/turtlebot3_ws/install/turtlebot3_msgs/share/turtlebot3_msgs/cmake)
[11.605s] -- Configuring done
[11.624s] -- Generating done
[11.626s] -- Build files have been written to: /home/tparu001k/turtlebot3_ws/build/turtlebot3_node
[11.639s] Invoked command in '/home/tparu001k/turtlebot3_ws/build/turtlebot3_node' returned '0': AMENT_PREFIX_PATH=/home/tparu001k/turtlebot3_ws/install/turtlebot3_msgs:/home/tparu001k/turtlebot3_ws/install/dynamixel_sdk:${AMENT_PREFIX_PATH} CMAKE_PREFIX_PATH=/home/tparu001k/turtlebot3_ws/install/turtlebot3_msgs:/home/tparu001k/turtlebot3_ws/install/dynamixel_sdk:/home/tparu001k/metr4202_ws/install/m4202_py_pkg:/opt/ros/humble LD_LIBRARY_PATH=/home/tparu001k/turtlebot3_ws/install/turtlebot3_msgs/lib:/home/tparu001k/turtlebot3_ws/install/dynamixel_sdk/lib:${LD_LIBRARY_PATH} PYTHONPATH=/home/tparu001k/turtlebot3_ws/install/turtlebot3_msgs/local/lib/python3.10/dist-packages:${PYTHONPATH} /usr/bin/cmake /home/tparu001k/turtlebot3_ws/src/turtlebot3/turtlebot3_node -DAMENT_CMAKE_SYMLINK_INSTALL=1 -DCMAKE_INSTALL_PREFIX=/home/tparu001k/turtlebot3_ws/install/turtlebot3_node
[11.640s] Invoking command in '/home/tparu001k/turtlebot3_ws/build/turtlebot3_node': AMENT_PREFIX_PATH=/home/tparu001k/turtlebot3_ws/install/turtlebot3_msgs:/home/tparu001k/turtlebot3_ws/install/dynamixel_sdk:${AMENT_PREFIX_PATH} CMAKE_PREFIX_PATH=/home/tparu001k/turtlebot3_ws/install/turtlebot3_msgs:/home/tparu001k/turtlebot3_ws/install/dynamixel_sdk:/home/tparu001k/metr4202_ws/install/m4202_py_pkg:/opt/ros/humble LD_LIBRARY_PATH=/home/tparu001k/turtlebot3_ws/install/turtlebot3_msgs/lib:/home/tparu001k/turtlebot3_ws/install/dynamixel_sdk/lib:${LD_LIBRARY_PATH} PYTHONPATH=/home/tparu001k/turtlebot3_ws/install/turtlebot3_msgs/local/lib/python3.10/dist-packages:${PYTHONPATH} /usr/bin/cmake --build /home/tparu001k/turtlebot3_ws/build/turtlebot3_node -- -j8 -l8
[11.687s] [  7%] [32mBuilding CXX object CMakeFiles/turtlebot3_node_lib.dir/src/devices/motor_power.cpp.o[0m
[11.687s] [ 14%] [32mBuilding CXX object CMakeFiles/turtlebot3_node_lib.dir/src/devices/reset.cpp.o[0m
[11.687s] [ 21%] [32mBuilding CXX object CMakeFiles/turtlebot3_node_lib.dir/src/odometry.cpp.o[0m
[11.688s] [ 28%] [32mBuilding CXX object CMakeFiles/turtlebot3_node_lib.dir/src/dynamixel_sdk_wrapper.cpp.o[0m
[11.689s] [ 42%] [32mBuilding CXX object CMakeFiles/turtlebot3_node_lib.dir/src/sensors/battery_state.cpp.o[0m
[11.689s] [ 42%] [32mBuilding CXX object CMakeFiles/turtlebot3_node_lib.dir/src/diff_drive_controller.cpp.o[0m
[11.690s] [ 50%] [32mBuilding CXX object CMakeFiles/turtlebot3_node_lib.dir/src/turtlebot3.cpp.o[0m
[11.694s] [ 57%] [32mBuilding CXX object CMakeFiles/turtlebot3_node_lib.dir/src/devices/sound.cpp.o[0m
[12.888s] [ 64%] [32mBuilding CXX object CMakeFiles/turtlebot3_node_lib.dir/src/sensors/imu.cpp.o[0m
[19.469s] [ 71%] [32mBuilding CXX object CMakeFiles/turtlebot3_node_lib.dir/src/sensors/joint_state.cpp.o[0m
[20.149s] [ 78%] [32mBuilding CXX object CMakeFiles/turtlebot3_node_lib.dir/src/sensors/sensor_state.cpp.o[0m
[34.717s] [ 85%] [32m[1mLinking CXX static library libturtlebot3_node_lib.a[0m
[35.212s] [ 85%] Built target turtlebot3_node_lib
[35.231s] [ 92%] [32mBuilding CXX object CMakeFiles/turtlebot3_ros.dir/src/node_main.cpp.o[0m
[39.517s] [100%] [32m[1mLinking CXX executable turtlebot3_ros[0m
[42.029s] [100%] Built target turtlebot3_ros
[42.047s] Invoked command in '/home/tparu001k/turtlebot3_ws/build/turtlebot3_node' returned '0': AMENT_PREFIX_PATH=/home/tparu001k/turtlebot3_ws/install/turtlebot3_msgs:/home/tparu001k/turtlebot3_ws/install/dynamixel_sdk:${AMENT_PREFIX_PATH} CMAKE_PREFIX_PATH=/home/tparu001k/turtlebot3_ws/install/turtlebot3_msgs:/home/tparu001k/turtlebot3_ws/install/dynamixel_sdk:/home/tparu001k/metr4202_ws/install/m4202_py_pkg:/opt/ros/humble LD_LIBRARY_PATH=/home/tparu001k/turtlebot3_ws/install/turtlebot3_msgs/lib:/home/tparu001k/turtlebot3_ws/install/dynamixel_sdk/lib:${LD_LIBRARY_PATH} PYTHONPATH=/home/tparu001k/turtlebot3_ws/install/turtlebot3_msgs/local/lib/python3.10/dist-packages:${PYTHONPATH} /usr/bin/cmake --build /home/tparu001k/turtlebot3_ws/build/turtlebot3_node -- -j8 -l8
[42.138s] Invoking command in '/home/tparu001k/turtlebot3_ws/build/turtlebot3_node': AMENT_PREFIX_PATH=/home/tparu001k/turtlebot3_ws/install/turtlebot3_msgs:/home/tparu001k/turtlebot3_ws/install/dynamixel_sdk:${AMENT_PREFIX_PATH} CMAKE_PREFIX_PATH=/home/tparu001k/turtlebot3_ws/install/turtlebot3_msgs:/home/tparu001k/turtlebot3_ws/install/dynamixel_sdk:/home/tparu001k/metr4202_ws/install/m4202_py_pkg:/opt/ros/humble LD_LIBRARY_PATH=/home/tparu001k/turtlebot3_ws/install/turtlebot3_msgs/lib:/home/tparu001k/turtlebot3_ws/install/dynamixel_sdk/lib:${LD_LIBRARY_PATH} PYTHONPATH=/home/tparu001k/turtlebot3_ws/install/turtlebot3_msgs/local/lib/python3.10/dist-packages:${PYTHONPATH} /usr/bin/cmake --install /home/tparu001k/turtlebot3_ws/build/turtlebot3_node
[42.145s] -- Install configuration: ""
[42.146s] -- Execute custom install script
[42.147s] -- Symlinking: /home/tparu001k/turtlebot3_ws/install/turtlebot3_node/share/turtlebot3_node/param/burger.yaml
[42.156s] -- Symlinking: /home/tparu001k/turtlebot3_ws/install/turtlebot3_node/share/turtlebot3_node/param/waffle.yaml
[42.165s] -- Symlinking: /home/tparu001k/turtlebot3_ws/install/turtlebot3_node/share/turtlebot3_node/param/waffle_pi.yaml
[42.174s] -- Symlinking: /home/tparu001k/turtlebot3_ws/install/turtlebot3_node/lib/turtlebot3_node/turtlebot3_ros
[42.183s] -- Symlinking: /home/tparu001k/turtlebot3_ws/install/turtlebot3_node/share/ament_index/resource_index/package_run_dependencies/turtlebot3_node
[42.192s] -- Symlinking: /home/tparu001k/turtlebot3_ws/install/turtlebot3_node/share/ament_index/resource_index/parent_prefix_path/turtlebot3_node
[42.200s] -- Symlinking: /home/tparu001k/turtlebot3_ws/install/turtlebot3_node/share/turtlebot3_node/environment/ament_prefix_path.sh
[42.207s] -- Symlinking: /home/tparu001k/turtlebot3_ws/install/turtlebot3_node/share/turtlebot3_node/environment/ament_prefix_path.dsv
[42.215s] -- Symlinking: /home/tparu001k/turtlebot3_ws/install/turtlebot3_node/share/turtlebot3_node/environment/path.sh
[42.223s] -- Symlinking: /home/tparu001k/turtlebot3_ws/install/turtlebot3_node/share/turtlebot3_node/environment/path.dsv
[42.231s] -- Symlinking: /home/tparu001k/turtlebot3_ws/install/turtlebot3_node/share/turtlebot3_node/local_setup.bash
[42.241s] -- Symlinking: /home/tparu001k/turtlebot3_ws/install/turtlebot3_node/share/turtlebot3_node/local_setup.sh
[42.249s] -- Symlinking: /home/tparu001k/turtlebot3_ws/install/turtlebot3_node/share/turtlebot3_node/local_setup.zsh
[42.258s] -- Symlinking: /home/tparu001k/turtlebot3_ws/install/turtlebot3_node/share/turtlebot3_node/local_setup.dsv
[42.266s] -- Symlinking: /home/tparu001k/turtlebot3_ws/install/turtlebot3_node/share/turtlebot3_node/package.dsv
[42.273s] -- Symlinking: /home/tparu001k/turtlebot3_ws/install/turtlebot3_node/share/ament_index/resource_index/packages/turtlebot3_node
[42.281s] -- Symlinking: /home/tparu001k/turtlebot3_ws/install/turtlebot3_node/share/turtlebot3_node/cmake/ament_cmake_export_include_directories-extras.cmake
[42.295s] -- Symlinking: /home/tparu001k/turtlebot3_ws/install/turtlebot3_node/share/turtlebot3_node/cmake/turtlebot3_nodeConfig.cmake
[42.302s] -- Symlinking: /home/tparu001k/turtlebot3_ws/install/turtlebot3_node/share/turtlebot3_node/cmake/turtlebot3_nodeConfig-version.cmake
[42.312s] -- Symlinking: /home/tparu001k/turtlebot3_ws/install/turtlebot3_node/share/turtlebot3_node/package.xml
[42.324s] Invoked command in '/home/tparu001k/turtlebot3_ws/build/turtlebot3_node' returned '0': AMENT_PREFIX_PATH=/home/tparu001k/turtlebot3_ws/install/turtlebot3_msgs:/home/tparu001k/turtlebot3_ws/install/dynamixel_sdk:${AMENT_PREFIX_PATH} CMAKE_PREFIX_PATH=/home/tparu001k/turtlebot3_ws/install/turtlebot3_msgs:/home/tparu001k/turtlebot3_ws/install/dynamixel_sdk:/home/tparu001k/metr4202_ws/install/m4202_py_pkg:/opt/ros/humble LD_LIBRARY_PATH=/home/tparu001k/turtlebot3_ws/install/turtlebot3_msgs/lib:/home/tparu001k/turtlebot3_ws/install/dynamixel_sdk/lib:${LD_LIBRARY_PATH} PYTHONPATH=/home/tparu001k/turtlebot3_ws/install/turtlebot3_msgs/local/lib/python3.10/dist-packages:${PYTHONPATH} /usr/bin/cmake --install /home/tparu001k/turtlebot3_ws/build/turtlebot3_node
