[0.462s] Invoking command in '/home/tparu001k/turtlebot3_ws/src/build/turtlebot3_node': AMENT_PREFIX_PATH=/home/tparu001k/turtlebot3_ws/src/install/turtlebot3_msgs:/home/tparu001k/turtlebot3_ws/src/install/dynamixel_sdk:${AMENT_PREFIX_PATH} CMAKE_PREFIX_PATH=/home/tparu001k/turtlebot3_ws/src/install/turtlebot3_msgs:/home/tparu001k/turtlebot3_ws/src/install/dynamixel_sdk:/home/tparu001k/turtlebot3_ws/install/turtlebot3:/home/tparu001k/turtlebot3_ws/install/turtlebot3_bringup:/home/tparu001k/turtlebot3_ws/install/turtlebot3_node:/home/tparu001k/turtlebot3_ws/install/turtlebot3_navigation2:/home/tparu001k/turtlebot3_ws/install/turtlebot3_msgs:/home/tparu001k/turtlebot3_ws/install/turtlebot3_description:/home/tparu001k/turtlebot3_ws/install/turtlebot3_cartographer:/home/tparu001k/turtlebot3_ws/install/dynamixel_sdk_examples:/home/tparu001k/turtlebot3_ws/install/dynamixel_sdk_custom_interfaces:/home/tparu001k/turtlebot3_ws/install/dynamixel_sdk:/home/tparu001k/turtlebot3_ws/install/turtlebot3_teleop:/home/tparu001k/turtlebot3_ws/install/turtlebot3_example:/home/tparu001k/metr4202_ws/install/m4202_py_pkg:/opt/ros/humble LD_LIBRARY_PATH=/home/tparu001k/turtlebot3_ws/src/install/turtlebot3_msgs/lib:/home/tparu001k/turtlebot3_ws/src/install/dynamixel_sdk/lib:${LD_LIBRARY_PATH} PYTHONPATH=/home/tparu001k/turtlebot3_ws/src/install/turtlebot3_msgs/local/lib/python3.10/dist-packages:${PYTHONPATH} /usr/bin/cmake /home/tparu001k/turtlebot3_ws/src/turtlebot3/turtlebot3_node -DAMENT_CMAKE_SYMLINK_INSTALL=1 -DCMAKE_INSTALL_PREFIX=/home/tparu001k/turtlebot3_ws/src/install/turtlebot3_node
[0.611s] -- The C compiler identification is GNU 11.4.0
[1.192s] -- The CXX compiler identification is GNU 11.4.0
[1.545s] -- Detecting C compiler ABI info
[1.700s] -- Detecting C compiler ABI info - done
[1.712s] -- Check for working C compiler: /usr/bin/cc - skipped
[1.713s] -- Detecting C compile features
[1.713s] -- Detecting C compile features - done
[1.718s] -- Detecting CXX compiler ABI info
[1.873s] -- Detecting CXX compiler ABI info - done
[1.882s] -- Check for working CXX compiler: /usr/bin/c++ - skipped
[1.882s] -- Detecting CXX compile features
[1.883s] -- Detecting CXX compile features - done
[1.886s] -- Found ament_cmake: 1.3.9 (/opt/ros/humble/share/ament_cmake/cmake)
[2.115s] -- Found Python3: /usr/bin/python3 (found version "3.10.12") found components: Interpreter 
[2.208s] -- Override CMake install command with custom implementation using symlinks instead of copying resources
[2.252s] -- Found dynamixel_sdk: 3.7.60 (/home/tparu001k/turtlebot3_ws/src/install/dynamixel_sdk/share/dynamixel_sdk/cmake)
[2.266s] -- Found geometry_msgs: 4.2.4 (/opt/ros/humble/share/geometry_msgs/cmake)
[2.408s] -- Found rosidl_generator_c: 3.1.5 (/opt/ros/humble/share/rosidl_generator_c/cmake)
[2.417s] -- Found rosidl_adapter: 3.1.5 (/opt/ros/humble/share/rosidl_adapter/cmake)
[2.429s] -- Found rosidl_generator_cpp: 3.1.5 (/opt/ros/humble/share/rosidl_generator_cpp/cmake)
[2.449s] -- Using all available rosidl_typesupport_c: rosidl_typesupport_fastrtps_c;rosidl_typesupport_introspection_c
[2.476s] -- Using all available rosidl_typesupport_cpp: rosidl_typesupport_fastrtps_cpp;rosidl_typesupport_introspection_cpp
[2.650s] -- Found message_filters: 4.3.4 (/opt/ros/humble/share/message_filters/cmake)
[2.759s] -- Found rmw_implementation_cmake: 6.1.2 (/opt/ros/humble/share/rmw_implementation_cmake/cmake)
[2.765s] -- Found rmw_fastrtps_cpp: 6.2.6 (/opt/ros/humble/share/rmw_fastrtps_cpp/cmake)
[4.217s] -- Found OpenSSL: /usr/lib/x86_64-linux-gnu/libcrypto.so (found version "3.0.2")  
[5.770s] -- Found FastRTPS: /opt/ros/humble/include  
[8.423s] -- Using RMW implementation 'rmw_fastrtps_cpp' as default
[8.436s] -- Looking for pthread.h
[8.610s] -- Looking for pthread.h - found
[8.611s] -- Performing Test CMAKE_HAVE_LIBC_PTHREAD
[8.787s] -- Performing Test CMAKE_HAVE_LIBC_PTHREAD - Success
[8.789s] -- Found Threads: TRUE  
[8.987s] -- Found nav_msgs: 4.2.4 (/opt/ros/humble/share/nav_msgs/cmake)
[9.111s] -- Found sensor_msgs: 4.2.4 (/opt/ros/humble/share/sensor_msgs/cmake)
[9.240s] -- Found std_srvs: 4.2.4 (/opt/ros/humble/share/std_srvs/cmake)
[9.275s] -- Found tf2: 0.25.7 (/opt/ros/humble/share/tf2/cmake)
[9.296s] -- Found tf2_ros: 0.25.7 (/opt/ros/humble/share/tf2_ros/cmake)
[9.855s] -- Found turtlebot3_msgs: 2.2.3 (/home/tparu001k/turtlebot3_ws/src/install/turtlebot3_msgs/share/turtlebot3_msgs/cmake)
[10.104s] -- Configuring done
[10.131s] -- Generating done
[10.133s] -- Build files have been written to: /home/tparu001k/turtlebot3_ws/src/build/turtlebot3_node
[10.146s] Invoked command in '/home/tparu001k/turtlebot3_ws/src/build/turtlebot3_node' returned '0': AMENT_PREFIX_PATH=/home/tparu001k/turtlebot3_ws/src/install/turtlebot3_msgs:/home/tparu001k/turtlebot3_ws/src/install/dynamixel_sdk:${AMENT_PREFIX_PATH} CMAKE_PREFIX_PATH=/home/tparu001k/turtlebot3_ws/src/install/turtlebot3_msgs:/home/tparu001k/turtlebot3_ws/src/install/dynamixel_sdk:/home/tparu001k/turtlebot3_ws/install/turtlebot3:/home/tparu001k/turtlebot3_ws/install/turtlebot3_bringup:/home/tparu001k/turtlebot3_ws/install/turtlebot3_node:/home/tparu001k/turtlebot3_ws/install/turtlebot3_navigation2:/home/tparu001k/turtlebot3_ws/install/turtlebot3_msgs:/home/tparu001k/turtlebot3_ws/install/turtlebot3_description:/home/tparu001k/turtlebot3_ws/install/turtlebot3_cartographer:/home/tparu001k/turtlebot3_ws/install/dynamixel_sdk_examples:/home/tparu001k/turtlebot3_ws/install/dynamixel_sdk_custom_interfaces:/home/tparu001k/turtlebot3_ws/install/dynamixel_sdk:/home/tparu001k/turtlebot3_ws/install/turtlebot3_teleop:/home/tparu001k/turtlebot3_ws/install/turtlebot3_example:/home/tparu001k/metr4202_ws/install/m4202_py_pkg:/opt/ros/humble LD_LIBRARY_PATH=/home/tparu001k/turtlebot3_ws/src/install/turtlebot3_msgs/lib:/home/tparu001k/turtlebot3_ws/src/install/dynamixel_sdk/lib:${LD_LIBRARY_PATH} PYTHONPATH=/home/tparu001k/turtlebot3_ws/src/install/turtlebot3_msgs/local/lib/python3.10/dist-packages:${PYTHONPATH} /usr/bin/cmake /home/tparu001k/turtlebot3_ws/src/turtlebot3/turtlebot3_node -DAMENT_CMAKE_SYMLINK_INSTALL=1 -DCMAKE_INSTALL_PREFIX=/home/tparu001k/turtlebot3_ws/src/install/turtlebot3_node
[10.148s] Invoking command in '/home/tparu001k/turtlebot3_ws/src/build/turtlebot3_node': AMENT_PREFIX_PATH=/home/tparu001k/turtlebot3_ws/src/install/turtlebot3_msgs:/home/tparu001k/turtlebot3_ws/src/install/dynamixel_sdk:${AMENT_PREFIX_PATH} CMAKE_PREFIX_PATH=/home/tparu001k/turtlebot3_ws/src/install/turtlebot3_msgs:/home/tparu001k/turtlebot3_ws/src/install/dynamixel_sdk:/home/tparu001k/turtlebot3_ws/install/turtlebot3:/home/tparu001k/turtlebot3_ws/install/turtlebot3_bringup:/home/tparu001k/turtlebot3_ws/install/turtlebot3_node:/home/tparu001k/turtlebot3_ws/install/turtlebot3_navigation2:/home/tparu001k/turtlebot3_ws/install/turtlebot3_msgs:/home/tparu001k/turtlebot3_ws/install/turtlebot3_description:/home/tparu001k/turtlebot3_ws/install/turtlebot3_cartographer:/home/tparu001k/turtlebot3_ws/install/dynamixel_sdk_examples:/home/tparu001k/turtlebot3_ws/install/dynamixel_sdk_custom_interfaces:/home/tparu001k/turtlebot3_ws/install/dynamixel_sdk:/home/tparu001k/turtlebot3_ws/install/turtlebot3_teleop:/home/tparu001k/turtlebot3_ws/install/turtlebot3_example:/home/tparu001k/metr4202_ws/install/m4202_py_pkg:/opt/ros/humble LD_LIBRARY_PATH=/home/tparu001k/turtlebot3_ws/src/install/turtlebot3_msgs/lib:/home/tparu001k/turtlebot3_ws/src/install/dynamixel_sdk/lib:${LD_LIBRARY_PATH} PYTHONPATH=/home/tparu001k/turtlebot3_ws/src/install/turtlebot3_msgs/local/lib/python3.10/dist-packages:${PYTHONPATH} /usr/bin/cmake --build /home/tparu001k/turtlebot3_ws/src/build/turtlebot3_node -- -j8 -l8
[10.203s] [ 14%] [32mBuilding CXX object CMakeFiles/turtlebot3_node_lib.dir/src/diff_drive_controller.cpp.o[0m
[10.203s] [ 14%] [32mBuilding CXX object CMakeFiles/turtlebot3_node_lib.dir/src/devices/motor_power.cpp.o[0m
[10.203s] [ 21%] [32mBuilding CXX object CMakeFiles/turtlebot3_node_lib.dir/src/devices/reset.cpp.o[0m
[10.203s] [ 28%] [32mBuilding CXX object CMakeFiles/turtlebot3_node_lib.dir/src/dynamixel_sdk_wrapper.cpp.o[0m
[10.206s] [ 35%] [32mBuilding CXX object CMakeFiles/turtlebot3_node_lib.dir/src/devices/sound.cpp.o[0m
[10.206s] [ 42%] [32mBuilding CXX object CMakeFiles/turtlebot3_node_lib.dir/src/odometry.cpp.o[0m
[10.213s] [ 50%] [32mBuilding CXX object CMakeFiles/turtlebot3_node_lib.dir/src/turtlebot3.cpp.o[0m
[10.214s] [ 57%] [32mBuilding CXX object CMakeFiles/turtlebot3_node_lib.dir/src/sensors/battery_state.cpp.o[0m
[11.754s] [ 64%] [32mBuilding CXX object CMakeFiles/turtlebot3_node_lib.dir/src/sensors/imu.cpp.o[0m
[20.942s] [ 71%] [32mBuilding CXX object CMakeFiles/turtlebot3_node_lib.dir/src/sensors/joint_state.cpp.o[0m
[22.915s] [ 78%] [32mBuilding CXX object CMakeFiles/turtlebot3_node_lib.dir/src/sensors/sensor_state.cpp.o[0m
[49.010s] [ 85%] [32m[1mLinking CXX static library libturtlebot3_node_lib.a[0m
[49.984s] [ 85%] Built target turtlebot3_node_lib
[50.022s] [ 92%] [32mBuilding CXX object CMakeFiles/turtlebot3_ros.dir/src/node_main.cpp.o[0m
[57.273s] [100%] [32m[1mLinking CXX executable turtlebot3_ros[0m
[60.775s] [100%] Built target turtlebot3_ros
[60.794s] Invoked command in '/home/tparu001k/turtlebot3_ws/src/build/turtlebot3_node' returned '0': AMENT_PREFIX_PATH=/home/tparu001k/turtlebot3_ws/src/install/turtlebot3_msgs:/home/tparu001k/turtlebot3_ws/src/install/dynamixel_sdk:${AMENT_PREFIX_PATH} CMAKE_PREFIX_PATH=/home/tparu001k/turtlebot3_ws/src/install/turtlebot3_msgs:/home/tparu001k/turtlebot3_ws/src/install/dynamixel_sdk:/home/tparu001k/turtlebot3_ws/install/turtlebot3:/home/tparu001k/turtlebot3_ws/install/turtlebot3_bringup:/home/tparu001k/turtlebot3_ws/install/turtlebot3_node:/home/tparu001k/turtlebot3_ws/install/turtlebot3_navigation2:/home/tparu001k/turtlebot3_ws/install/turtlebot3_msgs:/home/tparu001k/turtlebot3_ws/install/turtlebot3_description:/home/tparu001k/turtlebot3_ws/install/turtlebot3_cartographer:/home/tparu001k/turtlebot3_ws/install/dynamixel_sdk_examples:/home/tparu001k/turtlebot3_ws/install/dynamixel_sdk_custom_interfaces:/home/tparu001k/turtlebot3_ws/install/dynamixel_sdk:/home/tparu001k/turtlebot3_ws/install/turtlebot3_teleop:/home/tparu001k/turtlebot3_ws/install/turtlebot3_example:/home/tparu001k/metr4202_ws/install/m4202_py_pkg:/opt/ros/humble LD_LIBRARY_PATH=/home/tparu001k/turtlebot3_ws/src/install/turtlebot3_msgs/lib:/home/tparu001k/turtlebot3_ws/src/install/dynamixel_sdk/lib:${LD_LIBRARY_PATH} PYTHONPATH=/home/tparu001k/turtlebot3_ws/src/install/turtlebot3_msgs/local/lib/python3.10/dist-packages:${PYTHONPATH} /usr/bin/cmake --build /home/tparu001k/turtlebot3_ws/src/build/turtlebot3_node -- -j8 -l8
[60.870s] Invoking command in '/home/tparu001k/turtlebot3_ws/src/build/turtlebot3_node': AMENT_PREFIX_PATH=/home/tparu001k/turtlebot3_ws/src/install/turtlebot3_msgs:/home/tparu001k/turtlebot3_ws/src/install/dynamixel_sdk:${AMENT_PREFIX_PATH} CMAKE_PREFIX_PATH=/home/tparu001k/turtlebot3_ws/src/install/turtlebot3_msgs:/home/tparu001k/turtlebot3_ws/src/install/dynamixel_sdk:/home/tparu001k/turtlebot3_ws/install/turtlebot3:/home/tparu001k/turtlebot3_ws/install/turtlebot3_bringup:/home/tparu001k/turtlebot3_ws/install/turtlebot3_node:/home/tparu001k/turtlebot3_ws/install/turtlebot3_navigation2:/home/tparu001k/turtlebot3_ws/install/turtlebot3_msgs:/home/tparu001k/turtlebot3_ws/install/turtlebot3_description:/home/tparu001k/turtlebot3_ws/install/turtlebot3_cartographer:/home/tparu001k/turtlebot3_ws/install/dynamixel_sdk_examples:/home/tparu001k/turtlebot3_ws/install/dynamixel_sdk_custom_interfaces:/home/tparu001k/turtlebot3_ws/install/dynamixel_sdk:/home/tparu001k/turtlebot3_ws/install/turtlebot3_teleop:/home/tparu001k/turtlebot3_ws/install/turtlebot3_example:/home/tparu001k/metr4202_ws/install/m4202_py_pkg:/opt/ros/humble LD_LIBRARY_PATH=/home/tparu001k/turtlebot3_ws/src/install/turtlebot3_msgs/lib:/home/tparu001k/turtlebot3_ws/src/install/dynamixel_sdk/lib:${LD_LIBRARY_PATH} PYTHONPATH=/home/tparu001k/turtlebot3_ws/src/install/turtlebot3_msgs/local/lib/python3.10/dist-packages:${PYTHONPATH} /usr/bin/cmake --install /home/tparu001k/turtlebot3_ws/src/build/turtlebot3_node
[60.881s] -- Install configuration: ""
[60.881s] -- Execute custom install script
[60.894s] -- Symlinking: /home/tparu001k/turtlebot3_ws/src/install/turtlebot3_node/share/turtlebot3_node/param/burger.yaml
[60.904s] -- Symlinking: /home/tparu001k/turtlebot3_ws/src/install/turtlebot3_node/share/turtlebot3_node/param/waffle.yaml
[60.917s] -- Symlinking: /home/tparu001k/turtlebot3_ws/src/install/turtlebot3_node/share/turtlebot3_node/param/waffle_pi.yaml
[60.927s] -- Symlinking: /home/tparu001k/turtlebot3_ws/src/install/turtlebot3_node/lib/turtlebot3_node/turtlebot3_ros
[60.942s] -- Symlinking: /home/tparu001k/turtlebot3_ws/src/install/turtlebot3_node/share/ament_index/resource_index/package_run_dependencies/turtlebot3_node
[60.953s] -- Symlinking: /home/tparu001k/turtlebot3_ws/src/install/turtlebot3_node/share/ament_index/resource_index/parent_prefix_path/turtlebot3_node
[60.965s] -- Symlinking: /home/tparu001k/turtlebot3_ws/src/install/turtlebot3_node/share/turtlebot3_node/environment/ament_prefix_path.sh
[60.974s] -- Symlinking: /home/tparu001k/turtlebot3_ws/src/install/turtlebot3_node/share/turtlebot3_node/environment/ament_prefix_path.dsv
[60.985s] -- Symlinking: /home/tparu001k/turtlebot3_ws/src/install/turtlebot3_node/share/turtlebot3_node/environment/path.sh
[60.996s] -- Symlinking: /home/tparu001k/turtlebot3_ws/src/install/turtlebot3_node/share/turtlebot3_node/environment/path.dsv
[61.009s] -- Symlinking: /home/tparu001k/turtlebot3_ws/src/install/turtlebot3_node/share/turtlebot3_node/local_setup.bash
[61.021s] -- Symlinking: /home/tparu001k/turtlebot3_ws/src/install/turtlebot3_node/share/turtlebot3_node/local_setup.sh
[61.035s] -- Symlinking: /home/tparu001k/turtlebot3_ws/src/install/turtlebot3_node/share/turtlebot3_node/local_setup.zsh
[61.049s] -- Symlinking: /home/tparu001k/turtlebot3_ws/src/install/turtlebot3_node/share/turtlebot3_node/local_setup.dsv
[61.063s] -- Symlinking: /home/tparu001k/turtlebot3_ws/src/install/turtlebot3_node/share/turtlebot3_node/package.dsv
[61.076s] -- Symlinking: /home/tparu001k/turtlebot3_ws/src/install/turtlebot3_node/share/ament_index/resource_index/packages/turtlebot3_node
[61.090s] -- Symlinking: /home/tparu001k/turtlebot3_ws/src/install/turtlebot3_node/share/turtlebot3_node/cmake/ament_cmake_export_include_directories-extras.cmake
[61.102s] -- Symlinking: /home/tparu001k/turtlebot3_ws/src/install/turtlebot3_node/share/turtlebot3_node/cmake/turtlebot3_nodeConfig.cmake
[61.116s] -- Symlinking: /home/tparu001k/turtlebot3_ws/src/install/turtlebot3_node/share/turtlebot3_node/cmake/turtlebot3_nodeConfig-version.cmake
[61.130s] -- Symlinking: /home/tparu001k/turtlebot3_ws/src/install/turtlebot3_node/share/turtlebot3_node/package.xml
[61.145s] Invoked command in '/home/tparu001k/turtlebot3_ws/src/build/turtlebot3_node' returned '0': AMENT_PREFIX_PATH=/home/tparu001k/turtlebot3_ws/src/install/turtlebot3_msgs:/home/tparu001k/turtlebot3_ws/src/install/dynamixel_sdk:${AMENT_PREFIX_PATH} CMAKE_PREFIX_PATH=/home/tparu001k/turtlebot3_ws/src/install/turtlebot3_msgs:/home/tparu001k/turtlebot3_ws/src/install/dynamixel_sdk:/home/tparu001k/turtlebot3_ws/install/turtlebot3:/home/tparu001k/turtlebot3_ws/install/turtlebot3_bringup:/home/tparu001k/turtlebot3_ws/install/turtlebot3_node:/home/tparu001k/turtlebot3_ws/install/turtlebot3_navigation2:/home/tparu001k/turtlebot3_ws/install/turtlebot3_msgs:/home/tparu001k/turtlebot3_ws/install/turtlebot3_description:/home/tparu001k/turtlebot3_ws/install/turtlebot3_cartographer:/home/tparu001k/turtlebot3_ws/install/dynamixel_sdk_examples:/home/tparu001k/turtlebot3_ws/install/dynamixel_sdk_custom_interfaces:/home/tparu001k/turtlebot3_ws/install/dynamixel_sdk:/home/tparu001k/turtlebot3_ws/install/turtlebot3_teleop:/home/tparu001k/turtlebot3_ws/install/turtlebot3_example:/home/tparu001k/metr4202_ws/install/m4202_py_pkg:/opt/ros/humble LD_LIBRARY_PATH=/home/tparu001k/turtlebot3_ws/src/install/turtlebot3_msgs/lib:/home/tparu001k/turtlebot3_ws/src/install/dynamixel_sdk/lib:${LD_LIBRARY_PATH} PYTHONPATH=/home/tparu001k/turtlebot3_ws/src/install/turtlebot3_msgs/local/lib/python3.10/dist-packages:${PYTHONPATH} /usr/bin/cmake --install /home/tparu001k/turtlebot3_ws/src/build/turtlebot3_node
