[0.043s] Invoking command in '/home/tparu001k/turtlebot3_ws/src/build/turtlebot3_cartographer': CMAKE_PREFIX_PATH=${CMAKE_PREFIX_PATH}:/home/tparu001k/turtlebot3_ws/install/turtlebot3_teleop:/home/tparu001k/turtlebot3_ws/install/turtlebot3_example:/home/tparu001k/metr4202_ws/install/m4202_py_pkg:/opt/ros/humble /usr/bin/cmake /home/tparu001k/turtlebot3_ws/src/turtlebot3/turtlebot3_cartographer -DCMAKE_INSTALL_PREFIX=/home/tparu001k/turtlebot3_ws/src/install/turtlebot3_cartographer
[0.514s] -- Found ament_cmake: 1.3.9 (/opt/ros/humble/share/ament_cmake/cmake)
[0.516s] -- Override CMake install command with custom implementation using symlinks instead of copying resources
[0.519s] -- Configuring done
[0.521s] -- Generating done
[0.522s] -- Build files have been written to: /home/tparu001k/turtlebot3_ws/src/build/turtlebot3_cartographer
[0.533s] Invoked command in '/home/tparu001k/turtlebot3_ws/src/build/turtlebot3_cartographer' returned '0': CMAKE_PREFIX_PATH=${CMAKE_PREFIX_PATH}:/home/tparu001k/turtlebot3_ws/install/turtlebot3_teleop:/home/tparu001k/turtlebot3_ws/install/turtlebot3_example:/home/tparu001k/metr4202_ws/install/m4202_py_pkg:/opt/ros/humble /usr/bin/cmake /home/tparu001k/turtlebot3_ws/src/turtlebot3/turtlebot3_cartographer -DCMAKE_INSTALL_PREFIX=/home/tparu001k/turtlebot3_ws/src/install/turtlebot3_cartographer
[0.534s] Invoking command in '/home/tparu001k/turtlebot3_ws/src/build/turtlebot3_cartographer': CMAKE_PREFIX_PATH=${CMAKE_PREFIX_PATH}:/home/tparu001k/turtlebot3_ws/install/turtlebot3_teleop:/home/tparu001k/turtlebot3_ws/install/turtlebot3_example:/home/tparu001k/metr4202_ws/install/m4202_py_pkg:/opt/ros/humble /usr/bin/cmake --build /home/tparu001k/turtlebot3_ws/src/build/turtlebot3_cartographer -- -j8 -l8
[0.565s] Invoked command in '/home/tparu001k/turtlebot3_ws/src/build/turtlebot3_cartographer' returned '0': CMAKE_PREFIX_PATH=${CMAKE_PREFIX_PATH}:/home/tparu001k/turtlebot3_ws/install/turtlebot3_teleop:/home/tparu001k/turtlebot3_ws/install/turtlebot3_example:/home/tparu001k/metr4202_ws/install/m4202_py_pkg:/opt/ros/humble /usr/bin/cmake --build /home/tparu001k/turtlebot3_ws/src/build/turtlebot3_cartographer -- -j8 -l8
[0.603s] Invoking command in '/home/tparu001k/turtlebot3_ws/src/build/turtlebot3_cartographer': CMAKE_PREFIX_PATH=${CMAKE_PREFIX_PATH}:/home/tparu001k/turtlebot3_ws/install/turtlebot3_teleop:/home/tparu001k/turtlebot3_ws/install/turtlebot3_example:/home/tparu001k/metr4202_ws/install/m4202_py_pkg:/opt/ros/humble /usr/bin/cmake --install /home/tparu001k/turtlebot3_ws/src/build/turtlebot3_cartographer
[0.612s] -- Install configuration: ""
[0.612s] -- Execute custom install script
[0.613s] -- Up-to-date symlink: /home/tparu001k/turtlebot3_ws/src/install/turtlebot3_cartographer/share/turtlebot3_cartographer/config/turtlebot3_lds_2d.lua
[0.613s] -- Up-to-date symlink: /home/tparu001k/turtlebot3_ws/src/install/turtlebot3_cartographer/share/turtlebot3_cartographer/launch/cartographer.launch.py
[0.613s] -- Up-to-date symlink: /home/tparu001k/turtlebot3_ws/src/install/turtlebot3_cartographer/share/turtlebot3_cartographer/launch/occupancy_grid.launch.py
[0.614s] -- Up-to-date symlink: /home/tparu001k/turtlebot3_ws/src/install/turtlebot3_cartographer/share/turtlebot3_cartographer/rviz/tb3_cartographer.rviz
[0.614s] -- Up-to-date symlink: /home/tparu001k/turtlebot3_ws/src/install/turtlebot3_cartographer/share/ament_index/resource_index/package_run_dependencies/turtlebot3_cartographer
[0.614s] -- Up-to-date symlink: /home/tparu001k/turtlebot3_ws/src/install/turtlebot3_cartographer/share/ament_index/resource_index/parent_prefix_path/turtlebot3_cartographer
[0.615s] -- Up-to-date symlink: /home/tparu001k/turtlebot3_ws/src/install/turtlebot3_cartographer/share/turtlebot3_cartographer/environment/ament_prefix_path.sh
[0.615s] -- Up-to-date symlink: /home/tparu001k/turtlebot3_ws/src/install/turtlebot3_cartographer/share/turtlebot3_cartographer/environment/ament_prefix_path.dsv
[0.616s] -- Up-to-date symlink: /home/tparu001k/turtlebot3_ws/src/install/turtlebot3_cartographer/share/turtlebot3_cartographer/environment/path.sh
[0.617s] -- Up-to-date symlink: /home/tparu001k/turtlebot3_ws/src/install/turtlebot3_cartographer/share/turtlebot3_cartographer/environment/path.dsv
[0.617s] -- Up-to-date symlink: /home/tparu001k/turtlebot3_ws/src/install/turtlebot3_cartographer/share/turtlebot3_cartographer/local_setup.bash
[0.617s] -- Up-to-date symlink: /home/tparu001k/turtlebot3_ws/src/install/turtlebot3_cartographer/share/turtlebot3_cartographer/local_setup.sh
[0.617s] -- Up-to-date symlink: /home/tparu001k/turtlebot3_ws/src/install/turtlebot3_cartographer/share/turtlebot3_cartographer/local_setup.zsh
[0.617s] -- Up-to-date symlink: /home/tparu001k/turtlebot3_ws/src/install/turtlebot3_cartographer/share/turtlebot3_cartographer/local_setup.dsv
[0.617s] -- Symlinking: /home/tparu001k/turtlebot3_ws/src/install/turtlebot3_cartographer/share/turtlebot3_cartographer/package.dsv
[0.632s] -- Up-to-date symlink: /home/tparu001k/turtlebot3_ws/src/install/turtlebot3_cartographer/share/ament_index/resource_index/packages/turtlebot3_cartographer
[0.632s] -- Up-to-date symlink: /home/tparu001k/turtlebot3_ws/src/install/turtlebot3_cartographer/share/turtlebot3_cartographer/cmake/turtlebot3_cartographerConfig.cmake
[0.633s] -- Up-to-date symlink: /home/tparu001k/turtlebot3_ws/src/install/turtlebot3_cartographer/share/turtlebot3_cartographer/cmake/turtlebot3_cartographerConfig-version.cmake
[0.634s] -- Up-to-date symlink: /home/tparu001k/turtlebot3_ws/src/install/turtlebot3_cartographer/share/turtlebot3_cartographer/package.xml
[0.645s] Invoked command in '/home/tparu001k/turtlebot3_ws/src/build/turtlebot3_cartographer' returned '0': CMAKE_PREFIX_PATH=${CMAKE_PREFIX_PATH}:/home/tparu001k/turtlebot3_ws/install/turtlebot3_teleop:/home/tparu001k/turtlebot3_ws/install/turtlebot3_example:/home/tparu001k/metr4202_ws/install/m4202_py_pkg:/opt/ros/humble /usr/bin/cmake --install /home/tparu001k/turtlebot3_ws/src/build/turtlebot3_cartographer
