[0.380s] Invoking command in '/home/tparu001k/turtlebot3_ws/build/turtlebot3_fake_node': CMAKE_PREFIX_PATH=/home/tparu001k/turtlebot3_ws/install/turtlebot3_msgs:/home/tparu001k/turtlebot3_ws/install/turtlebot3:/home/tparu001k/turtlebot3_ws/install/turtlebot3_simulations:/home/tparu001k/turtlebot3_ws/install/turtlebot3_bringup:/home/tparu001k/turtlebot3_ws/install/turtlebot3_node:/home/tparu001k/turtlebot3_ws/install/turtlebot3_navigation2:/home/tparu001k/turtlebot3_ws/install/turtlebot3_fake_node:/home/tparu001k/turtlebot3_ws/install/turtlebot3_gazebo:/home/tparu001k/turtlebot3_ws/install/turtlebot3_description:/home/tparu001k/turtlebot3_ws/install/turtlebot3_cartographer:/home/tparu001k/turtlebot3_ws/install/dynamixel_sdk_examples:/home/tparu001k/turtlebot3_ws/install/dynamixel_sdk_custom_interfaces:/home/tparu001k/turtlebot3_ws/install/dynamixel_sdk:/home/tparu001k/turtlebot3_ws/install/turtlebot3_teleop:/home/tparu001k/turtlebot3_ws/install/turtlebot3_example:/home/tparu001k/metr4202_ws/install/m4202_py_pkg:/opt/ros/humble LD_LIBRARY_PATH=/home/tparu001k/turtlebot3_ws/install/turtlebot3_msgs/lib:/home/tparu001k/turtlebot3_ws/install/dynamixel_sdk_custom_interfaces/lib:/home/tparu001k/turtlebot3_ws/install/dynamixel_sdk/lib:/usr/lib/x86_64-linux-gnu/gazebo-11/plugins:/opt/ros/humble/opt/rviz_ogre_vendor/lib:/opt/ros/humble/lib/x86_64-linux-gnu:/opt/ros/humble/lib:/usr/lib/x86_64-linux-gnu/gazebo-11/plugins /usr/bin/cmake --build /home/tparu001k/turtlebot3_ws/build/turtlebot3_fake_node -- -j8 -l8
[0.438s] [100%] Built target turtlebot3_fake_node
[0.452s] Invoked command in '/home/tparu001k/turtlebot3_ws/build/turtlebot3_fake_node' returned '0': CMAKE_PREFIX_PATH=/home/tparu001k/turtlebot3_ws/install/turtlebot3_msgs:/home/tparu001k/turtlebot3_ws/install/turtlebot3:/home/tparu001k/turtlebot3_ws/install/turtlebot3_simulations:/home/tparu001k/turtlebot3_ws/install/turtlebot3_bringup:/home/tparu001k/turtlebot3_ws/install/turtlebot3_node:/home/tparu001k/turtlebot3_ws/install/turtlebot3_navigation2:/home/tparu001k/turtlebot3_ws/install/turtlebot3_fake_node:/home/tparu001k/turtlebot3_ws/install/turtlebot3_gazebo:/home/tparu001k/turtlebot3_ws/install/turtlebot3_description:/home/tparu001k/turtlebot3_ws/install/turtlebot3_cartographer:/home/tparu001k/turtlebot3_ws/install/dynamixel_sdk_examples:/home/tparu001k/turtlebot3_ws/install/dynamixel_sdk_custom_interfaces:/home/tparu001k/turtlebot3_ws/install/dynamixel_sdk:/home/tparu001k/turtlebot3_ws/install/turtlebot3_teleop:/home/tparu001k/turtlebot3_ws/install/turtlebot3_example:/home/tparu001k/metr4202_ws/install/m4202_py_pkg:/opt/ros/humble LD_LIBRARY_PATH=/home/tparu001k/turtlebot3_ws/install/turtlebot3_msgs/lib:/home/tparu001k/turtlebot3_ws/install/dynamixel_sdk_custom_interfaces/lib:/home/tparu001k/turtlebot3_ws/install/dynamixel_sdk/lib:/usr/lib/x86_64-linux-gnu/gazebo-11/plugins:/opt/ros/humble/opt/rviz_ogre_vendor/lib:/opt/ros/humble/lib/x86_64-linux-gnu:/opt/ros/humble/lib:/usr/lib/x86_64-linux-gnu/gazebo-11/plugins /usr/bin/cmake --build /home/tparu001k/turtlebot3_ws/build/turtlebot3_fake_node -- -j8 -l8
[0.489s] Invoking command in '/home/tparu001k/turtlebot3_ws/build/turtlebot3_fake_node': CMAKE_PREFIX_PATH=/home/tparu001k/turtlebot3_ws/install/turtlebot3_msgs:/home/tparu001k/turtlebot3_ws/install/turtlebot3:/home/tparu001k/turtlebot3_ws/install/turtlebot3_simulations:/home/tparu001k/turtlebot3_ws/install/turtlebot3_bringup:/home/tparu001k/turtlebot3_ws/install/turtlebot3_node:/home/tparu001k/turtlebot3_ws/install/turtlebot3_navigation2:/home/tparu001k/turtlebot3_ws/install/turtlebot3_fake_node:/home/tparu001k/turtlebot3_ws/install/turtlebot3_gazebo:/home/tparu001k/turtlebot3_ws/install/turtlebot3_description:/home/tparu001k/turtlebot3_ws/install/turtlebot3_cartographer:/home/tparu001k/turtlebot3_ws/install/dynamixel_sdk_examples:/home/tparu001k/turtlebot3_ws/install/dynamixel_sdk_custom_interfaces:/home/tparu001k/turtlebot3_ws/install/dynamixel_sdk:/home/tparu001k/turtlebot3_ws/install/turtlebot3_teleop:/home/tparu001k/turtlebot3_ws/install/turtlebot3_example:/home/tparu001k/metr4202_ws/install/m4202_py_pkg:/opt/ros/humble LD_LIBRARY_PATH=/home/tparu001k/turtlebot3_ws/install/turtlebot3_msgs/lib:/home/tparu001k/turtlebot3_ws/install/dynamixel_sdk_custom_interfaces/lib:/home/tparu001k/turtlebot3_ws/install/dynamixel_sdk/lib:/usr/lib/x86_64-linux-gnu/gazebo-11/plugins:/opt/ros/humble/opt/rviz_ogre_vendor/lib:/opt/ros/humble/lib/x86_64-linux-gnu:/opt/ros/humble/lib:/usr/lib/x86_64-linux-gnu/gazebo-11/plugins /usr/bin/cmake --install /home/tparu001k/turtlebot3_ws/build/turtlebot3_fake_node
[0.497s] -- Install configuration: ""
[0.497s] -- Up-to-date: /home/tparu001k/turtlebot3_ws/install/turtlebot3_fake_node/lib/turtlebot3_fake_node/turtlebot3_fake_node
[0.498s] -- Up-to-date: /home/tparu001k/turtlebot3_ws/install/turtlebot3_fake_node/share/turtlebot3_fake_node/launch
[0.498s] -- Up-to-date: /home/tparu001k/turtlebot3_ws/install/turtlebot3_fake_node/share/turtlebot3_fake_node/launch/rviz2.launch.py
[0.498s] -- Up-to-date: /home/tparu001k/turtlebot3_ws/install/turtlebot3_fake_node/share/turtlebot3_fake_node/launch/turtlebot3_fake_node.launch.py
[0.498s] -- Up-to-date: /home/tparu001k/turtlebot3_ws/install/turtlebot3_fake_node/share/turtlebot3_fake_node/param
[0.499s] -- Up-to-date: /home/tparu001k/turtlebot3_ws/install/turtlebot3_fake_node/share/turtlebot3_fake_node/param/waffle.yaml
[0.499s] -- Up-to-date: /home/tparu001k/turtlebot3_ws/install/turtlebot3_fake_node/share/turtlebot3_fake_node/param/waffle_pi.yaml
[0.499s] -- Up-to-date: /home/tparu001k/turtlebot3_ws/install/turtlebot3_fake_node/share/turtlebot3_fake_node/param/burger.yaml
[0.499s] -- Up-to-date: /home/tparu001k/turtlebot3_ws/install/turtlebot3_fake_node/include/
[0.500s] -- Up-to-date: /home/tparu001k/turtlebot3_ws/install/turtlebot3_fake_node/include//turtlebot3_fake_node
[0.500s] -- Up-to-date: /home/tparu001k/turtlebot3_ws/install/turtlebot3_fake_node/include//turtlebot3_fake_node/turtlebot3_fake_node.hpp
[0.500s] -- Up-to-date: /home/tparu001k/turtlebot3_ws/install/turtlebot3_fake_node/share/ament_index/resource_index/package_run_dependencies/turtlebot3_fake_node
[0.500s] -- Up-to-date: /home/tparu001k/turtlebot3_ws/install/turtlebot3_fake_node/share/ament_index/resource_index/parent_prefix_path/turtlebot3_fake_node
[0.501s] -- Up-to-date: /home/tparu001k/turtlebot3_ws/install/turtlebot3_fake_node/share/turtlebot3_fake_node/environment/ament_prefix_path.sh
[0.501s] -- Up-to-date: /home/tparu001k/turtlebot3_ws/install/turtlebot3_fake_node/share/turtlebot3_fake_node/environment/ament_prefix_path.dsv
[0.501s] -- Up-to-date: /home/tparu001k/turtlebot3_ws/install/turtlebot3_fake_node/share/turtlebot3_fake_node/environment/path.sh
[0.501s] -- Up-to-date: /home/tparu001k/turtlebot3_ws/install/turtlebot3_fake_node/share/turtlebot3_fake_node/environment/path.dsv
[0.502s] -- Up-to-date: /home/tparu001k/turtlebot3_ws/install/turtlebot3_fake_node/share/turtlebot3_fake_node/local_setup.bash
[0.502s] -- Up-to-date: /home/tparu001k/turtlebot3_ws/install/turtlebot3_fake_node/share/turtlebot3_fake_node/local_setup.sh
[0.502s] -- Up-to-date: /home/tparu001k/turtlebot3_ws/install/turtlebot3_fake_node/share/turtlebot3_fake_node/local_setup.zsh
[0.503s] -- Up-to-date: /home/tparu001k/turtlebot3_ws/install/turtlebot3_fake_node/share/turtlebot3_fake_node/local_setup.dsv
[0.503s] -- Installing: /home/tparu001k/turtlebot3_ws/install/turtlebot3_fake_node/share/turtlebot3_fake_node/package.dsv
[0.503s] -- Up-to-date: /home/tparu001k/turtlebot3_ws/install/turtlebot3_fake_node/share/ament_index/resource_index/packages/turtlebot3_fake_node
[0.503s] -- Up-to-date: /home/tparu001k/turtlebot3_ws/install/turtlebot3_fake_node/share/turtlebot3_fake_node/cmake/ament_cmake_export_include_directories-extras.cmake
[0.503s] -- Up-to-date: /home/tparu001k/turtlebot3_ws/install/turtlebot3_fake_node/share/turtlebot3_fake_node/cmake/ament_cmake_export_dependencies-extras.cmake
[0.504s] -- Up-to-date: /home/tparu001k/turtlebot3_ws/install/turtlebot3_fake_node/share/turtlebot3_fake_node/cmake/turtlebot3_fake_nodeConfig.cmake
[0.504s] -- Up-to-date: /home/tparu001k/turtlebot3_ws/install/turtlebot3_fake_node/share/turtlebot3_fake_node/cmake/turtlebot3_fake_nodeConfig-version.cmake
[0.505s] -- Up-to-date: /home/tparu001k/turtlebot3_ws/install/turtlebot3_fake_node/share/turtlebot3_fake_node/package.xml
[0.508s] Invoked command in '/home/tparu001k/turtlebot3_ws/build/turtlebot3_fake_node' returned '0': CMAKE_PREFIX_PATH=/home/tparu001k/turtlebot3_ws/install/turtlebot3_msgs:/home/tparu001k/turtlebot3_ws/install/turtlebot3:/home/tparu001k/turtlebot3_ws/install/turtlebot3_simulations:/home/tparu001k/turtlebot3_ws/install/turtlebot3_bringup:/home/tparu001k/turtlebot3_ws/install/turtlebot3_node:/home/tparu001k/turtlebot3_ws/install/turtlebot3_navigation2:/home/tparu001k/turtlebot3_ws/install/turtlebot3_fake_node:/home/tparu001k/turtlebot3_ws/install/turtlebot3_gazebo:/home/tparu001k/turtlebot3_ws/install/turtlebot3_description:/home/tparu001k/turtlebot3_ws/install/turtlebot3_cartographer:/home/tparu001k/turtlebot3_ws/install/dynamixel_sdk_examples:/home/tparu001k/turtlebot3_ws/install/dynamixel_sdk_custom_interfaces:/home/tparu001k/turtlebot3_ws/install/dynamixel_sdk:/home/tparu001k/turtlebot3_ws/install/turtlebot3_teleop:/home/tparu001k/turtlebot3_ws/install/turtlebot3_example:/home/tparu001k/metr4202_ws/install/m4202_py_pkg:/opt/ros/humble LD_LIBRARY_PATH=/home/tparu001k/turtlebot3_ws/install/turtlebot3_msgs/lib:/home/tparu001k/turtlebot3_ws/install/dynamixel_sdk_custom_interfaces/lib:/home/tparu001k/turtlebot3_ws/install/dynamixel_sdk/lib:/usr/lib/x86_64-linux-gnu/gazebo-11/plugins:/opt/ros/humble/opt/rviz_ogre_vendor/lib:/opt/ros/humble/lib/x86_64-linux-gnu:/opt/ros/humble/lib:/usr/lib/x86_64-linux-gnu/gazebo-11/plugins /usr/bin/cmake --install /home/tparu001k/turtlebot3_ws/build/turtlebot3_fake_node
